{"numTotalTestSuites":2,"numPassedTestSuites":2,"numFailedTestSuites":0,"numPendingTestSuites":0,"numTotalTests":1,"numPassedTests":1,"numFailedTests":0,"numPendingTests":0,"numTodoTests":0,"snapshot":{"added":0,"failure":false,"filesAdded":0,"filesRemoved":0,"filesRemovedList":[],"filesUnmatched":0,"filesUpdated":0,"matched":0,"total":0,"unchecked":0,"uncheckedKeysByFile":[],"unmatched":0,"updated":0,"didUpdate":false},"startTime":1789432032650,"success":true,"testResults":[{"assertionResults":[{"ancestorTitles":["migration 207 customer delivery evidence receipt identity"],"fullName":"migration 207 customer delivery evidence receipt identity rejects receipt identity drift and invalidates a valid replacement","status":"passed","title":"rejects receipt identity drift and invalidates a valid replacement","duration":6958.886917000001,"failureMessages":[],"meta":{},"tags":[]}],"startTime":1789432032986,"endTime":1789432039944.887,"status":"passed","message":"","name":"/Users/lixiaomei/Desktop/code/codexSkills/packages/persistence/src/migration-207-release.postgres.test.ts"}]}