{"numTotalTestSuites":4,"numPassedTestSuites":4,"numFailedTestSuites":0,"numPendingTestSuites":0,"numTotalTests":2,"numPassedTests":2,"numFailedTests":0,"numPendingTests":0,"numTodoTests":0,"snapshot":{"added":0,"failure":false,"filesAdded":0,"filesRemoved":0,"filesRemovedList":[],"filesUnmatched":0,"filesUpdated":0,"matched":0,"total":0,"unchecked":0,"uncheckedKeysByFile":[],"unmatched":0,"updated":0,"didUpdate":false},"startTime":1789397832686,"success":true,"testResults":[{"assertionResults":[{"ancestorTitles":["migration 208 alert webhook receipt release acceptance"],"fullName":"migration 208 alert webhook receipt release acceptance keeps runtime roles locked out while the owner ledger rejects mutation, replay, and identity drift","status":"passed","title":"keeps runtime roles locked out while the owner ledger rejects mutation, replay, and identity drift","duration":13552.374875,"failureMessages":[],"meta":{},"tags":[]}],"startTime":1789397853329,"endTime":1789397866881.3748,"status":"passed","message":"","name":"/Users/lixiaomei/Desktop/code/codexSkills/packages/persistence/src/migration-208-release.postgres.test.ts"},{"assertionResults":[{"ancestorTitles":["migration 209 dedicated alert receiver role release acceptance"],"fullName":"migration 209 dedicated alert receiver role release acceptance fails closed on unsafe role attributes and gives only guarded append/readiness functions to the receiver","status":"passed","title":"fails closed on unsafe role attributes and gives only guarded append/readiness functions to the receiver","duration":18999.356584,"failureMessages":[],"meta":{},"tags":[]}],"startTime":1789397833894,"endTime":1789397852893.3567,"status":"passed","message":"","name":"/Users/lixiaomei/Desktop/code/codexSkills/packages/persistence/src/migration-209-release.postgres.test.ts"}]}