{"numTotalTestSuites":8,"numPassedTestSuites":0,"numFailedTestSuites":8,"numPendingTestSuites":0,"numTotalTests":9,"numPassedTests":0,"numFailedTests":9,"numPendingTests":0,"numTodoTests":0,"snapshot":{"added":0,"failure":false,"filesAdded":0,"filesRemoved":0,"filesRemovedList":[],"filesUnmatched":0,"filesUpdated":0,"matched":0,"total":0,"unchecked":0,"uncheckedKeysByFile":[],"unmatched":0,"updated":0,"didUpdate":false},"startTime":1789091568297,"success":false,"testResults":[{"assertionResults":[{"ancestorTitles":["local creative-point seed runtime contract"],"fullName":"local creative-point seed runtime contract keeps the isolated workspace balance authoritative and known for scanner admission","status":"failed","title":"keeps the isolated workspace balance authoritative and known for scanner admission","duration":3.2971660000000043,"failureMessages":["Error: LOCAL_RUNTIME_TEST_CONFIG_REQUIRED: explicit isolated runtime evidence is required; shared local/production targets are forbidden\n    at fail (/Users/lixiaomei/Desktop/code/codexSkills/tests/local-runtime-test-safety.ts:26:9)\n    at required (/Users/lixiaomei/Desktop/code/codexSkills/tests/local-runtime-test-safety.ts:30:59)\n    at readLocalRuntimeTestConfig (/Users/lixiaomei/Desktop/code/codexSkills/tests/local-runtime-test-safety.ts:32:12)\n    at requireIsolatedLocalRuntime (/Users/lixiaomei/Desktop/code/codexSkills/tests/local-runtime-test-safety.ts:138:18)\n    at /Users/lixiaomei/Desktop/code/codexSkills/tests/local-creative-points-seed-runtime.test.ts:6:30\n    at file:///Users/lixiaomei/Desktop/code/codexSkills/node_modules/@vitest/runner/dist/chunk-artifact.js:302:11\n    at wrapper (file:///Users/lixiaomei/Desktop/code/codexSkills/node_modules/@vitest/runner/dist/chunk-artifact.js:722:10)\n    at file:///Users/lixiaomei/Desktop/code/codexSkills/node_modules/@vitest/runner/dist/chunk-artifact.js:2305:20\n    at new Promise (<anonymous>)\n    at runWithTimeout (file:///Users/lixiaomei/Desktop/code/codexSkills/node_modules/@vitest/runner/dist/chunk-artifact.js:2272:10)"],"meta":{},"tags":[]}],"startTime":1789091569227,"endTime":1789091569230.297,"status":"failed","message":"","name":"/Users/lixiaomei/Desktop/code/codexSkills/tests/local-creative-points-seed-runtime.test.ts"},{"assertionResults":[{"ancestorTitles":["local Docker fault acceptance"],"fullName":"local Docker fault acceptance reports Redis outage with correlation evidence and recovers after restart","status":"failed","title":"reports Redis outage with correlation evidence and recovers after restart","duration":4.1379590000000235,"failureMessages":["Error: LOCAL_RUNTIME_TEST_CONFIG_REQUIRED: explicit isolated runtime evidence is required; shared local/production targets are forbidden\n    at fail (/Users/lixiaomei/Desktop/code/codexSkills/tests/local-runtime-test-safety.ts:26:9)\n    at required (/Users/lixiaomei/Desktop/code/codexSkills/tests/local-runtime-test-safety.ts:30:59)\n    at readLocalRuntimeTestConfig (/Users/lixiaomei/Desktop/code/codexSkills/tests/local-runtime-test-safety.ts:32:12)\n    at requireIsolatedLocalRuntime (/Users/lixiaomei/Desktop/code/codexSkills/tests/local-runtime-test-safety.ts:138:18)\n    at /Users/lixiaomei/Desktop/code/codexSkills/tests/local-docker-fault-acceptance.test.ts:7:30\n    at file:///Users/lixiaomei/Desktop/code/codexSkills/node_modules/@vitest/runner/dist/chunk-artifact.js:302:11\n    at wrapper (file:///Users/lixiaomei/Desktop/code/codexSkills/node_modules/@vitest/runner/dist/chunk-artifact.js:722:10)\n    at file:///Users/lixiaomei/Desktop/code/codexSkills/node_modules/@vitest/runner/dist/chunk-artifact.js:2305:20\n    at new Promise (<anonymous>)\n    at runWithTimeout (file:///Users/lixiaomei/Desktop/code/codexSkills/node_modules/@vitest/runner/dist/chunk-artifact.js:2272:10)"],"meta":{},"tags":[]}],"startTime":1789091568929,"endTime":1789091568933.138,"status":"failed","message":"","name":"/Users/lixiaomei/Desktop/code/codexSkills/tests/local-docker-fault-acceptance.test.ts"},{"assertionResults":[{"ancestorTitles":["local Docker migration and release gate"],"fullName":"local Docker migration and release gate proves healthy API release probes and honest local metadata blocking","status":"failed","title":"proves healthy API release probes and honest local metadata blocking","duration":3.623958000000002,"failureMessages":["Error: LOCAL_RUNTIME_TEST_CONFIG_REQUIRED: explicit isolated runtime evidence is required; shared local/production targets are forbidden\n    at fail (/Users/lixiaomei/Desktop/code/codexSkills/tests/local-runtime-test-safety.ts:26:9)\n    at required (/Users/lixiaomei/Desktop/code/codexSkills/tests/local-runtime-test-safety.ts:30:59)\n    at readLocalRuntimeTestConfig (/Users/lixiaomei/Desktop/code/codexSkills/tests/local-runtime-test-safety.ts:32:12)\n    at requireIsolatedLocalRuntime (/Users/lixiaomei/Desktop/code/codexSkills/tests/local-runtime-test-safety.ts:138:18)\n    at /Users/lixiaomei/Desktop/code/codexSkills/tests/local-docker-release-gate.test.ts:8:30\n    at file:///Users/lixiaomei/Desktop/code/codexSkills/node_modules/@vitest/runner/dist/chunk-artifact.js:302:11\n    at wrapper (file:///Users/lixiaomei/Desktop/code/codexSkills/node_modules/@vitest/runner/dist/chunk-artifact.js:722:10)\n    at file:///Users/lixiaomei/Desktop/code/codexSkills/node_modules/@vitest/runner/dist/chunk-artifact.js:2305:20\n    at new Promise (<anonymous>)\n    at runWithTimeout (file:///Users/lixiaomei/Desktop/code/codexSkills/node_modules/@vitest/runner/dist/chunk-artifact.js:2272:10)"],"meta":{},"tags":[]},{"ancestorTitles":["local Docker migration and release gate"],"fullName":"local Docker migration and release gate proves Postgres has every source migration through the current tail","status":"failed","title":"proves Postgres has every source migration through the current tail","duration":0.4838750000000118,"failureMessages":["Error: LOCAL_RUNTIME_TEST_CONFIG_REQUIRED: explicit isolated runtime evidence is required; shared local/production targets are forbidden\n    at fail (/Users/lixiaomei/Desktop/code/codexSkills/tests/local-runtime-test-safety.ts:26:9)\n    at required (/Users/lixiaomei/Desktop/code/codexSkills/tests/local-runtime-test-safety.ts:30:59)\n    at readLocalRuntimeTestConfig (/Users/lixiaomei/Desktop/code/codexSkills/tests/local-runtime-test-safety.ts:32:12)\n    at requireIsolatedLocalRuntime (/Users/lixiaomei/Desktop/code/codexSkills/tests/local-runtime-test-safety.ts:138:18)\n    at /Users/lixiaomei/Desktop/code/codexSkills/tests/local-docker-release-gate.test.ts:8:30\n    at file:///Users/lixiaomei/Desktop/code/codexSkills/node_modules/@vitest/runner/dist/chunk-artifact.js:302:11\n    at wrapper (file:///Users/lixiaomei/Desktop/code/codexSkills/node_modules/@vitest/runner/dist/chunk-artifact.js:722:10)\n    at file:///Users/lixiaomei/Desktop/code/codexSkills/node_modules/@vitest/runner/dist/chunk-artifact.js:2305:20\n    at new Promise (<anonymous>)\n    at runWithTimeout (file:///Users/lixiaomei/Desktop/code/codexSkills/node_modules/@vitest/runner/dist/chunk-artifact.js:2272:10)"],"meta":{},"tags":[]}],"startTime":1789091569078,"endTime":1789091569081.624,"status":"failed","message":"","name":"/Users/lixiaomei/Desktop/code/codexSkills/tests/local-docker-release-gate.test.ts"},{"assertionResults":[{"ancestorTitles":["local Docker runtime contract"],"fullName":"local Docker runtime contract keeps every required API, replica, worker and dependency container healthy","status":"failed","title":"keeps every required API, replica, worker and dependency container healthy","duration":5.630084000000011,"failureMessages":["Error: LOCAL_RUNTIME_TEST_CONFIG_REQUIRED: explicit isolated runtime evidence is required; shared local/production targets are forbidden\n    at fail (/Users/lixiaomei/Desktop/code/codexSkills/tests/local-runtime-test-safety.ts:26:9)\n    at required (/Users/lixiaomei/Desktop/code/codexSkills/tests/local-runtime-test-safety.ts:30:59)\n    at readLocalRuntimeTestConfig (/Users/lixiaomei/Desktop/code/codexSkills/tests/local-runtime-test-safety.ts:32:12)\n    at requireIsolatedLocalRuntime (/Users/lixiaomei/Desktop/code/codexSkills/tests/local-runtime-test-safety.ts:138:18)\n    at /Users/lixiaomei/Desktop/code/codexSkills/tests/local-docker-runtime-contract.test.ts:10:13\n    at file:///Users/lixiaomei/Desktop/code/codexSkills/node_modules/@vitest/runner/dist/chunk-artifact.js:302:11\n    at wrapper (file:///Users/lixiaomei/Desktop/code/codexSkills/node_modules/@vitest/runner/dist/chunk-artifact.js:722:10)\n    at file:///Users/lixiaomei/Desktop/code/codexSkills/node_modules/@vitest/runner/dist/chunk-artifact.js:2305:20\n    at new Promise (<anonymous>)\n    at runWithTimeout (file:///Users/lixiaomei/Desktop/code/codexSkills/node_modules/@vitest/runner/dist/chunk-artifact.js:2272:10)"],"meta":{},"tags":[]},{"ancestorTitles":["local Docker runtime contract"],"fullName":"local Docker runtime contract records immutable image identity and start-time evidence for every runtime container","status":"failed","title":"records immutable image identity and start-time evidence for every runtime container","duration":0.4975830000000201,"failureMessages":["Error: LOCAL_RUNTIME_TEST_CONFIG_REQUIRED: explicit isolated runtime evidence is required; shared local/production targets are forbidden\n    at fail (/Users/lixiaomei/Desktop/code/codexSkills/tests/local-runtime-test-safety.ts:26:9)\n    at required (/Users/lixiaomei/Desktop/code/codexSkills/tests/local-runtime-test-safety.ts:30:59)\n    at readLocalRuntimeTestConfig (/Users/lixiaomei/Desktop/code/codexSkills/tests/local-runtime-test-safety.ts:32:12)\n    at requireIsolatedLocalRuntime (/Users/lixiaomei/Desktop/code/codexSkills/tests/local-runtime-test-safety.ts:138:18)\n    at /Users/lixiaomei/Desktop/code/codexSkills/tests/local-docker-runtime-contract.test.ts:10:13\n    at file:///Users/lixiaomei/Desktop/code/codexSkills/node_modules/@vitest/runner/dist/chunk-artifact.js:302:11\n    at wrapper (file:///Users/lixiaomei/Desktop/code/codexSkills/node_modules/@vitest/runner/dist/chunk-artifact.js:722:10)\n    at file:///Users/lixiaomei/Desktop/code/codexSkills/node_modules/@vitest/runner/dist/chunk-artifact.js:2305:20\n    at new Promise (<anonymous>)\n    at runWithTimeout (file:///Users/lixiaomei/Desktop/code/codexSkills/node_modules/@vitest/runner/dist/chunk-artifact.js:2272:10)"],"meta":{},"tags":[]},{"ancestorTitles":["local Docker runtime contract"],"fullName":"local Docker runtime contract proves worker health checks and heartbeat evidence come from live containers","status":"failed","title":"proves worker health checks and heartbeat evidence come from live containers","duration":0.19812500000000455,"failureMessages":["Error: LOCAL_RUNTIME_TEST_CONFIG_REQUIRED: explicit isolated runtime evidence is required; shared local/production targets are forbidden\n    at fail (/Users/lixiaomei/Desktop/code/codexSkills/tests/local-runtime-test-safety.ts:26:9)\n    at required (/Users/lixiaomei/Desktop/code/codexSkills/tests/local-runtime-test-safety.ts:30:59)\n    at readLocalRuntimeTestConfig (/Users/lixiaomei/Desktop/code/codexSkills/tests/local-runtime-test-safety.ts:32:12)\n    at requireIsolatedLocalRuntime (/Users/lixiaomei/Desktop/code/codexSkills/tests/local-runtime-test-safety.ts:138:18)\n    at /Users/lixiaomei/Desktop/code/codexSkills/tests/local-docker-runtime-contract.test.ts:10:13\n    at file:///Users/lixiaomei/Desktop/code/codexSkills/node_modules/@vitest/runner/dist/chunk-artifact.js:302:11\n    at wrapper (file:///Users/lixiaomei/Desktop/code/codexSkills/node_modules/@vitest/runner/dist/chunk-artifact.js:722:10)\n    at file:///Users/lixiaomei/Desktop/code/codexSkills/node_modules/@vitest/runner/dist/chunk-artifact.js:2305:20\n    at new Promise (<anonymous>)\n    at runWithTimeout (file:///Users/lixiaomei/Desktop/code/codexSkills/node_modules/@vitest/runner/dist/chunk-artifact.js:2272:10)"],"meta":{},"tags":[]},{"ancestorTitles":["local Docker runtime contract"],"fullName":"local Docker runtime contract proves API and replica use durable Postgres persistence and the complete migration tail","status":"failed","title":"proves API and replica use durable Postgres persistence and the complete migration tail","duration":1.7612079999999821,"failureMessages":["Error: LOCAL_RUNTIME_TEST_CONFIG_REQUIRED: explicit isolated runtime evidence is required; shared local/production targets are forbidden\n    at fail (/Users/lixiaomei/Desktop/code/codexSkills/tests/local-runtime-test-safety.ts:26:9)\n    at required (/Users/lixiaomei/Desktop/code/codexSkills/tests/local-runtime-test-safety.ts:30:59)\n    at readLocalRuntimeTestConfig (/Users/lixiaomei/Desktop/code/codexSkills/tests/local-runtime-test-safety.ts:32:12)\n    at requireIsolatedLocalRuntime (/Users/lixiaomei/Desktop/code/codexSkills/tests/local-runtime-test-safety.ts:138:18)\n    at /Users/lixiaomei/Desktop/code/codexSkills/tests/local-docker-runtime-contract.test.ts:10:13\n    at file:///Users/lixiaomei/Desktop/code/codexSkills/node_modules/@vitest/runner/dist/chunk-artifact.js:302:11\n    at wrapper (file:///Users/lixiaomei/Desktop/code/codexSkills/node_modules/@vitest/runner/dist/chunk-artifact.js:722:10)\n    at file:///Users/lixiaomei/Desktop/code/codexSkills/node_modules/@vitest/runner/dist/chunk-artifact.js:2305:20\n    at new Promise (<anonymous>)\n    at runWithTimeout (file:///Users/lixiaomei/Desktop/code/codexSkills/node_modules/@vitest/runner/dist/chunk-artifact.js:2272:10)"],"meta":{},"tags":[]},{"ancestorTitles":["local Docker runtime contract"],"fullName":"local Docker runtime contract refreshes scanner callback evidence through a real local scan","status":"failed","title":"refreshes scanner callback evidence through a real local scan","duration":0.43712499999998045,"failureMessages":["Error: LOCAL_RUNTIME_TEST_CONFIG_REQUIRED: explicit isolated runtime evidence is required; shared local/production targets are forbidden\n    at fail (/Users/lixiaomei/Desktop/code/codexSkills/tests/local-runtime-test-safety.ts:26:9)\n    at required (/Users/lixiaomei/Desktop/code/codexSkills/tests/local-runtime-test-safety.ts:30:59)\n    at readLocalRuntimeTestConfig (/Users/lixiaomei/Desktop/code/codexSkills/tests/local-runtime-test-safety.ts:32:12)\n    at requireIsolatedLocalRuntime (/Users/lixiaomei/Desktop/code/codexSkills/tests/local-runtime-test-safety.ts:138:18)\n    at /Users/lixiaomei/Desktop/code/codexSkills/tests/local-docker-runtime-contract.test.ts:10:13\n    at file:///Users/lixiaomei/Desktop/code/codexSkills/node_modules/@vitest/runner/dist/chunk-artifact.js:302:11\n    at wrapper (file:///Users/lixiaomei/Desktop/code/codexSkills/node_modules/@vitest/runner/dist/chunk-artifact.js:722:10)\n    at file:///Users/lixiaomei/Desktop/code/codexSkills/node_modules/@vitest/runner/dist/chunk-artifact.js:2305:20\n    at new Promise (<anonymous>)\n    at runWithTimeout (file:///Users/lixiaomei/Desktop/code/codexSkills/node_modules/@vitest/runner/dist/chunk-artifact.js:2272:10)"],"meta":{},"tags":[]}],"startTime":1789091568513,"endTime":1789091568522.437,"status":"failed","message":"","name":"/Users/lixiaomei/Desktop/code/codexSkills/tests/local-docker-runtime-contract.test.ts"}]}