{"numTotalTestSuites":30,"numPassedTestSuites":30,"numFailedTestSuites":0,"numPendingTestSuites":0,"numTotalTests":16,"numPassedTests":16,"numFailedTests":0,"numPendingTests":0,"numTodoTests":0,"snapshot":{"added":0,"failure":false,"filesAdded":0,"filesRemoved":0,"filesRemovedList":[],"filesUnmatched":0,"filesUpdated":0,"matched":0,"total":0,"unchecked":0,"uncheckedKeysByFile":[],"unmatched":0,"updated":0,"didUpdate":false},"startTime":1789379745734,"success":true,"testResults":[{"assertionResults":[{"ancestorTitles":["brand profile association PostgreSQL release evidence"],"fullName":"brand profile association PostgreSQL release evidence persists brand/store/campaign relations and keeps them tenant isolated","status":"passed","title":"persists brand/store/campaign relations and keeps them tenant isolated","duration":4018.237459,"failureMessages":[],"meta":{},"tags":[]}],"startTime":1789379826035,"endTime":1789379830053.2375,"status":"passed","message":"","name":"/Users/lixiaomei/Desktop/code/codexSkills/packages/persistence/src/brand-profile-association.release.postgres.test.ts"},{"assertionResults":[{"ancestorTitles":["canonical backfill run repository PostgreSQL scope and CAS"],"fullName":"canonical backfill run repository PostgreSQL scope and CAS keeps runs workspace-scoped and makes stale updates non-repeatable","status":"passed","title":"keeps runs workspace-scoped and makes stale updates non-repeatable","duration":3523.01775,"failureMessages":[],"meta":{},"tags":[]}],"startTime":1789379822222,"endTime":1789379825745.0178,"status":"passed","message":"","name":"/Users/lixiaomei/Desktop/code/codexSkills/packages/persistence/src/canonical-backfill-run-repository.postgres.test.ts"},{"assertionResults":[{"ancestorTitles":["canonical product backfill PostgreSQL replay contract"],"fullName":"canonical product backfill PostgreSQL replay contract keeps dry-runs side-effect free and replays bounded batches idempotently","status":"passed","title":"keeps dry-runs side-effect free and replays bounded batches idempotently","duration":5658.9425,"failureMessages":[],"meta":{},"tags":[]}],"startTime":1789379766741,"endTime":1789379772399.9424,"status":"passed","message":"","name":"/Users/lixiaomei/Desktop/code/codexSkills/packages/persistence/src/canonical-product-backfill.postgres.test.ts"},{"assertionResults":[{"ancestorTitles":["commercial point adjustment approval PostgreSQL E2"],"fullName":"commercial point adjustment approval PostgreSQL E2 enforces maker/approver separation, RLS, append-only facts, replay and revision fencing","status":"passed","title":"enforces maker/approver separation, RLS, append-only facts, replay and revision fencing","duration":10280.351833,"failureMessages":[],"meta":{},"tags":[]}],"startTime":1789379811691,"endTime":1789379821971.3518,"status":"passed","message":"","name":"/Users/lixiaomei/Desktop/code/codexSkills/packages/persistence/src/commercial-point-adjustment-approval-repository.release.postgres.test.ts"},{"assertionResults":[{"ancestorTitles":["064 workspace identity bootstrap"],"fullName":"064 workspace identity bootstrap defines an identity-scoped unique binding and a non-destructive backfill","status":"passed","title":"defines an identity-scoped unique binding and a non-destructive backfill","duration":147.62091600000002,"failureMessages":[],"meta":{},"tags":[]},{"ancestorTitles":["064 workspace identity bootstrap"],"fullName":"064 workspace identity bootstrap reuses one active owner workspace across repository instances and isolates issuers","status":"passed","title":"reuses one active owner workspace across repository instances and isolates issuers","duration":4414.28975,"failureMessages":[],"meta":{},"tags":[]}],"startTime":1789379751891,"endTime":1789379756452.2898,"status":"passed","message":"","name":"/Users/lixiaomei/Desktop/code/codexSkills/packages/persistence/src/migration-064-release.postgres.test.ts"},{"assertionResults":[{"ancestorTitles":["canonical legacy brand integrity PostgreSQL boundary"],"fullName":"canonical legacy brand integrity PostgreSQL boundary keeps canonical and legacy brands aligned on insert and legacy updates","status":"passed","title":"keeps canonical and legacy brands aligned on insert and legacy updates","duration":4375.826375,"failureMessages":[],"meta":{},"tags":[]}],"startTime":1789379830251,"endTime":1789379834626.8264,"status":"passed","message":"","name":"/Users/lixiaomei/Desktop/code/codexSkills/packages/persistence/src/migration-106-release.postgres.test.ts"},{"assertionResults":[{"ancestorTitles":["migration 127 platform role shadow boundary PostgreSQL release acceptance"],"fullName":"migration 127 platform role shadow boundary PostgreSQL release acceptance stops on historical platform membership drift and resumes only after audited repair","status":"passed","title":"stops on historical platform membership drift and resumes only after audited repair","duration":8580.958458000001,"failureMessages":[],"meta":{},"tags":[]}],"startTime":1789379802657,"endTime":1789379811237.9585,"status":"passed","message":"","name":"/Users/lixiaomei/Desktop/code/codexSkills/packages/persistence/src/migration-127-release.postgres.test.ts"},{"assertionResults":[{"ancestorTitles":["migration 146 commercial catalog PostgreSQL release evidence"],"fullName":"migration 146 commercial catalog PostgreSQL release evidence applies seeds fail-closed source facts and enforces database-owner immutability","status":"passed","title":"applies seeds fail-closed source facts and enforces database-owner immutability","duration":116.60883299999998,"failureMessages":[],"meta":{},"tags":[]}],"startTime":1789379836163,"endTime":1789379836279.609,"status":"passed","message":"","name":"/Users/lixiaomei/Desktop/code/codexSkills/packages/persistence/src/migration-146-release.postgres.test.ts"},{"assertionResults":[{"ancestorTitles":["creative-point PostgreSQL upgrade release evidence"],"fullName":"creative-point PostgreSQL upgrade release evidence forward-fills rate evidence and repairs the legacy allocation column without losing facts","status":"passed","title":"forward-fills rate evidence and repairs the legacy allocation column without losing facts","duration":497.81950000000006,"failureMessages":[],"meta":{},"tags":[]}],"startTime":1789379834999,"endTime":1789379835496.8196,"status":"passed","message":"","name":"/Users/lixiaomei/Desktop/code/codexSkills/packages/persistence/src/migration-148-release.postgres.test.ts"},{"assertionResults":[{"ancestorTitles":["migration 164 onboarding grant schedule PostgreSQL release evidence"],"fullName":"migration 164 onboarding grant schedule PostgreSQL release evidence keeps unresolved schedules blocked and constrains activated schedules to the frozen policy","status":"passed","title":"keeps unresolved schedules blocked and constrains activated schedules to the frozen policy","duration":145.021708,"failureMessages":[],"meta":{},"tags":[]}],"startTime":1789379835756,"endTime":1789379835901.0217,"status":"passed","message":"","name":"/Users/lixiaomei/Desktop/code/codexSkills/packages/persistence/src/migration-164-release.postgres.test.ts"},{"assertionResults":[{"ancestorTitles":["migration 166 executable commercial catalog PostgreSQL release evidence"],"fullName":"migration 166 executable commercial catalog PostgreSQL release evidence publishes only resolved v2 offers and fixed point rates after the complete chain","status":"passed","title":"publishes only resolved v2 offers and fixed point rates after the complete chain","duration":4030.066875,"failureMessages":[],"meta":{},"tags":[]}],"startTime":1789379762339,"endTime":1789379766369.067,"status":"passed","message":"","name":"/Users/lixiaomei/Desktop/code/codexSkills/packages/persistence/src/migration-166-release.postgres.test.ts"},{"assertionResults":[{"ancestorTitles":["password registration and enterprise projection PostgreSQL acceptance"],"fullName":"password registration and enterprise projection PostgreSQL acceptance keeps the enterprise projection least-privileged and completes registration review","status":"passed","title":"keeps the enterprise projection least-privileged and completes registration review","duration":5350.957375,"failureMessages":[],"meta":{},"tags":[]}],"startTime":1789379756728,"endTime":1789379762078.9573,"status":"passed","message":"","name":"/Users/lixiaomei/Desktop/code/codexSkills/packages/persistence/src/password-auth-repository.release.postgres.test.ts"},{"assertionResults":[{"ancestorTitles":["private trial invite PostgreSQL release evidence"],"fullName":"private trial invite PostgreSQL release evidence keeps raw codes one-time, customer-bound, single-use, tenant-scoped and append-only","status":"passed","title":"keeps raw codes one-time, customer-bound, single-use, tenant-scoped and append-only","duration":17676.638458,"failureMessages":[],"meta":{},"tags":[]}],"startTime":1789379772785,"endTime":1789379790461.6384,"status":"passed","message":"","name":"/Users/lixiaomei/Desktop/code/codexSkills/packages/persistence/src/private-trial-invites.release.postgres.test.ts"},{"assertionResults":[{"ancestorTitles":["private trial payment PostgreSQL release evidence"],"fullName":"private trial payment PostgreSQL release evidence commits invite→approval→v3 order→199900 payment→entitlement→500 grant atomically and replays without duplication","status":"passed","title":"commits invite→approval→v3 order→199900 payment→entitlement→500 grant atomically and replays without duplication","duration":5287.0707919999995,"failureMessages":[],"meta":{},"tags":[]}],"startTime":1789379746324,"endTime":1789379751611.0708,"status":"passed","message":"","name":"/Users/lixiaomei/Desktop/code/codexSkills/packages/persistence/src/private-trial-payment.release.postgres.test.ts"},{"assertionResults":[{"ancestorTitles":["service fulfillment PostgreSQL release evidence"],"fullName":"service fulfillment PostgreSQL release evidence enforces tenant scope, idempotency, revision, quota, correction audit and unresolved 6x500 schedule","status":"passed","title":"enforces tenant scope, idempotency, revision, quota, correction audit and unresolved 6x500 schedule","duration":11246.970917,"failureMessages":[],"meta":{},"tags":[]}],"startTime":1789379790941,"endTime":1789379802187.971,"status":"passed","message":"","name":"/Users/lixiaomei/Desktop/code/codexSkills/packages/persistence/src/service-fulfillment-repository.release.postgres.test.ts"}]}