{"numTotalTestSuites":2,"numPassedTestSuites":0,"numFailedTestSuites":2,"numPendingTestSuites":0,"numTotalTests":1,"numPassedTests":0,"numFailedTests":1,"numPendingTests":0,"numTodoTests":0,"snapshot":{"added":0,"failure":false,"filesAdded":0,"filesRemoved":0,"filesRemovedList":[],"filesUnmatched":0,"filesUpdated":0,"matched":0,"total":0,"unchecked":0,"uncheckedKeysByFile":[],"unmatched":0,"updated":0,"didUpdate":false},"startTime":1788869553897,"success":false,"testResults":[{"assertionResults":[{"ancestorTitles":["private trial invite PostgreSQL release evidence"],"fullName":"private trial invite PostgreSQL release evidence keeps raw codes one-time, customer-bound, single-use, tenant-scoped and append-only","status":"failed","title":"keeps raw codes one-time, customer-bound, single-use, tenant-scoped and append-only","duration":2114.8320839999997,"failureMessages":["Error: expected error: column reference \"workspace_id\" is… { …(15) } to match object { Object (code) }\n(17 matching properties omitted from actual)\n    at _Assertion.__VITEST_REJECTS__ (file:///Users/lixiaomei/Desktop/code/codexSkills/node_modules/@vitest/expect/dist/index.js:1747:17)\n    at _Assertion.propertyGetter (file:///Users/lixiaomei/Desktop/code/codexSkills/node_modules/chai/index.js:1570:27)\n    at Reflect.get (<anonymous>)\n    at Object.proxyGetter [as get] (file:///Users/lixiaomei/Desktop/code/codexSkills/node_modules/chai/index.js:1659:22)\n    at /Users/lixiaomei/Desktop/code/codexSkills/packages/persistence/src/private-trial-invites.release.postgres.test.ts:43:281\n    at processTicksAndRejections (node:internal/process/task_queues:103:5)\n    at file:///Users/lixiaomei/Desktop/code/codexSkills/node_modules/@vitest/runner/dist/chunk-artifact.js:1903:20"],"meta":{},"tags":[]}],"startTime":1788869554205,"endTime":1788869556319.832,"status":"failed","message":"","name":"/Users/lixiaomei/Desktop/code/codexSkills/packages/persistence/src/private-trial-invites.release.postgres.test.ts"}]}