{"numTotalTestSuites":2,"numPassedTestSuites":2,"numFailedTestSuites":0,"numPendingTestSuites":0,"numTotalTests":1,"numPassedTests":1,"numFailedTests":0,"numPendingTests":0,"numTodoTests":0,"snapshot":{"added":0,"failure":false,"filesAdded":0,"filesRemoved":0,"filesRemovedList":[],"filesUnmatched":0,"filesUpdated":0,"matched":0,"total":0,"unchecked":0,"uncheckedKeysByFile":[],"unmatched":0,"updated":0,"didUpdate":false},"startTime":1789397215807,"success":true,"testResults":[{"assertionResults":[{"ancestorTitles":["migration 209 dedicated alert receiver role release acceptance"],"fullName":"migration 209 dedicated alert receiver role release acceptance fails closed on unsafe role attributes and gives only guarded append/readiness functions to the receiver","status":"passed","title":"fails closed on unsafe role attributes and gives only guarded append/readiness functions to the receiver","duration":6059.584708,"failureMessages":[],"meta":{},"tags":[]}],"startTime":1789397216430,"endTime":1789397222489.5847,"status":"passed","message":"","name":"/Users/lixiaomei/Desktop/code/codexSkills/packages/persistence/src/migration-209-release.postgres.test.ts"}]}