{"numTotalTestSuites":110,"numPassedTestSuites":102,"numFailedTestSuites":8,"numPendingTestSuites":0,"numTotalTests":77,"numPassedTests":67,"numFailedTests":4,"numPendingTests":6,"numTodoTests":0,"snapshot":{"added":0,"failure":false,"filesAdded":0,"filesRemoved":0,"filesRemovedList":[],"filesUnmatched":0,"filesUpdated":0,"matched":0,"total":0,"unchecked":0,"uncheckedKeysByFile":[],"unmatched":0,"updated":0,"didUpdate":false},"startTime":1788825935719,"success":false,"testResults":[{"assertionResults":[{"ancestorTitles":["commercial zero-side-effect PostgreSQL E2 matrix"],"fullName":"commercial zero-side-effect PostgreSQL E2 matrix keeps durable facts and all external ports unchanged for the registry-derived zero/unknown/insufficient matrix","status":"passed","title":"keeps durable facts and all external ports unchanged for the registry-derived zero/unknown/insufficient matrix","duration":2964.909875,"failureMessages":[],"meta":{},"tags":[]}],"startTime":1788825955565,"endTime":1788825958529.91,"status":"passed","message":"","name":"/Users/lixiaomei/Desktop/code/codexSkills/tests/commercial-zero-side-effect-release.postgres.test.ts"},{"assertionResults":[{"ancestorTitles":["PostgreSQL durable outbox retry recovery"],"fullName":"PostgreSQL durable outbox retry recovery restores an ordinary retry into a fresh dispatcher after backoff, then acknowledges it once","status":"passed","title":"restores an ordinary retry into a fresh dispatcher after backoff, then acknowledges it once","duration":62.45120900000006,"failureMessages":[],"meta":{},"tags":[]},{"ancestorTitles":["PostgreSQL durable outbox retry recovery"],"fullName":"PostgreSQL durable outbox retry recovery keeps terminal, unknown, unsafe error evidence, future retries and active leases out of claims","status":"passed","title":"keeps terminal, unknown, unsafe error evidence, future retries and active leases out of claims","duration":77.87625000000003,"failureMessages":[],"meta":{},"tags":[]},{"ancestorTitles":["PostgreSQL durable outbox retry recovery"],"fullName":"PostgreSQL durable outbox retry recovery serializes competing retry claims and retains workspace and worker routing boundaries","status":"passed","title":"serializes competing retry claims and retains workspace and worker routing boundaries","duration":32.67837499999996,"failureMessages":[],"meta":{},"tags":[]}],"startTime":1788825962339,"endTime":1788825962511.6785,"status":"passed","message":"","name":"/Users/lixiaomei/Desktop/code/codexSkills/tests/outbox-retry.postgres.test.ts"},{"assertionResults":[{"ancestorTitles":["creative point relay settlement PostgreSQL E2"],"fullName":"creative point relay settlement PostgreSQL E2 persists a verified receipt and settles while keeping unknown outcomes active","status":"passed","title":"persists a verified receipt and settles while keeping unknown outcomes active","duration":1381.80325,"failureMessages":[],"meta":{},"tags":[]}],"startTime":1788825980243,"endTime":1788825981624.8032,"status":"passed","message":"","name":"/Users/lixiaomei/Desktop/code/codexSkills/apps/worker/src/creative-point-relay-settlement.postgres.test.ts"},{"assertionResults":[{"ancestorTitles":["application PostgreSQL RLS allow/scope mismatch probe"],"fullName":"application PostgreSQL RLS allow/scope mismatch probe keeps an allowed tenant read bounded when the requested scope is foreign","status":"passed","title":"keeps an allowed tenant read bounded when the requested scope is foreign","duration":1156.308,"failureMessages":[],"meta":{},"tags":[]}],"startTime":1788825967062,"endTime":1788825968218.308,"status":"passed","message":"","name":"/Users/lixiaomei/Desktop/code/codexSkills/packages/persistence/src/application-rls-allow-scope-mismatch.postgres.test.ts"},{"assertionResults":[{"ancestorTitles":["authorization decision audit PostgreSQL reconstruction boundary"],"fullName":"authorization decision audit PostgreSQL reconstruction boundary reconstructs only the active workspace and rejects cross-scope or mutable audit access","status":"passed","title":"reconstructs only the active workspace and rejects cross-scope or mutable audit access","duration":1207.464875,"failureMessages":[],"meta":{},"tags":[]}],"startTime":1788825972898,"endTime":1788825974105.4648,"status":"passed","message":"","name":"/Users/lixiaomei/Desktop/code/codexSkills/packages/persistence/src/authorization-audit-rls.postgres.test.ts"},{"assertionResults":[{"ancestorTitles":["authorization event scope integrity PostgreSQL probe"],"fullName":"authorization event scope integrity PostgreSQL probe rejects forged subject/workspace context at the database boundary","status":"passed","title":"rejects forged subject/workspace context at the database boundary","duration":1178.2769580000001,"failureMessages":[],"meta":{},"tags":[]}],"startTime":1788826006772,"endTime":1788826007950.2769,"status":"passed","message":"","name":"/Users/lixiaomei/Desktop/code/codexSkills/packages/persistence/src/authorization-event-scope-integrity.postgres.test.ts"},{"assertionResults":[{"ancestorTitles":["authorization execution reservation RLS/ACL PostgreSQL probe"],"fullName":"authorization execution reservation RLS/ACL PostgreSQL probe fails closed for app writes, requires platform scope, and keeps reservations append-only","status":"passed","title":"fails closed for app writes, requires platform scope, and keeps reservations append-only","duration":1230.378958,"failureMessages":[],"meta":{},"tags":[]}],"startTime":1788825991943,"endTime":1788825993173.379,"status":"passed","message":"","name":"/Users/lixiaomei/Desktop/code/codexSkills/packages/persistence/src/authorization-execution-reservation-rls.postgres.test.ts"},{"assertionResults":[{"ancestorTitles":["authorization grant exact scope PostgreSQL probe"],"fullName":"authorization grant exact scope PostgreSQL probe allows only an exact workspace_ids scope with safe string metadata for new writes","status":"passed","title":"allows only an exact workspace_ids scope with safe string metadata for new writes","duration":1712.321583,"failureMessages":[],"meta":{},"tags":[]},{"ancestorTitles":["authorization grant exact scope PostgreSQL probe"],"fullName":"authorization grant exact scope PostgreSQL probe blocks incompatible live legacy authority and preserves historical scope, hash, and event evidence on upgrade","status":"passed","title":"blocks incompatible live legacy authority and preserves historical scope, hash, and event evidence on upgrade","duration":1425.8183330000002,"failureMessages":[],"meta":{},"tags":[]}],"startTime":1788825952103,"endTime":1788825955241.8184,"status":"passed","message":"","name":"/Users/lixiaomei/Desktop/code/codexSkills/packages/persistence/src/authorization-grant-scope-integrity.postgres.test.ts"},{"assertionResults":[{"ancestorTitles":["PostgresAuthorizationRepository.reserveExecution"],"fullName":"PostgresAuthorizationRepository.reserveExecution persists an authorization-bound reservation and replays it idempotently","status":"passed","title":"persists an authorization-bound reservation and replays it idempotently","duration":3.1296250000000043,"failureMessages":[],"meta":{},"tags":[]},{"ancestorTitles":["PostgresAuthorizationRepository.reserveExecution"],"fullName":"PostgresAuthorizationRepository.reserveExecution fails closed when the subject revision is stale and never inserts","status":"passed","title":"fails closed when the subject revision is stale and never inserts","duration":0.47816700000001333,"failureMessages":[],"meta":{},"tags":[]},{"ancestorTitles":["PostgresAuthorizationRepository.reserveExecution"],"fullName":"PostgresAuthorizationRepository.reserveExecution fails closed when a persisted grant contains a union resource scope","status":"passed","title":"fails closed when a persisted grant contains a union resource scope","duration":10.30895799999999,"failureMessages":[],"meta":{},"tags":[]},{"ancestorTitles":["PostgresAuthorizationRepository.reserveExecution"],"fullName":"PostgresAuthorizationRepository.reserveExecution rejects a cross-tenant workspace resource before inserting a reservation","status":"passed","title":"rejects a cross-tenant workspace resource before inserting a reservation","duration":0.35104200000000674,"failureMessages":[],"meta":{},"tags":[]},{"ancestorTitles":["PostgresAuthorizationRepository.reserveExecution"],"fullName":"PostgresAuthorizationRepository.reserveExecution rejects a cross-tenant brand resource before inserting a reservation","status":"passed","title":"rejects a cross-tenant brand resource before inserting a reservation","duration":0.2477090000000146,"failureMessages":[],"meta":{},"tags":[]},{"ancestorTitles":["PostgresAuthorizationRepository.reserveExecution"],"fullName":"PostgresAuthorizationRepository.reserveExecution rejects a cross-tenant account resource before inserting a reservation","status":"passed","title":"rejects a cross-tenant account resource before inserting a reservation","duration":0.2272920000000056,"failureMessages":[],"meta":{},"tags":[]},{"ancestorTitles":["PostgresAuthorizationRepository.reserveExecution"],"fullName":"PostgresAuthorizationRepository.reserveExecution rejects invalid reservation identity before opening a transaction","status":"passed","title":"rejects invalid reservation identity before opening a transaction","duration":0.4712909999999795,"failureMessages":[],"meta":{},"tags":[]},{"ancestorTitles":["PostgresAuthorizationRepository.reserveExecution"],"fullName":"PostgresAuthorizationRepository.reserveExecution rejects an invalid decision identity before opening a transaction","status":"passed","title":"rejects an invalid decision identity before opening a transaction","duration":0.25687500000000796,"failureMessages":[],"meta":{},"tags":[]},{"ancestorTitles":["PostgresAuthorizationRepository.reserveExecution"],"fullName":"PostgresAuthorizationRepository.reserveExecution rejects malformed read identities before opening a transaction","status":"passed","title":"rejects malformed read identities before opening a transaction","duration":0.6849579999999946,"failureMessages":[],"meta":{},"tags":[]}],"startTime":1788826016960,"endTime":1788826016976.685,"status":"passed","message":"","name":"/Users/lixiaomei/Desktop/code/codexSkills/packages/persistence/src/authorization-repository.postgres.test.ts"},{"assertionResults":[{"ancestorTitles":["authorization execution reservation PostgreSQL release acceptance"],"fullName":"authorization execution reservation PostgreSQL release acceptance persists a grant-bound reservation, enforces event idempotency, and replays after revoke","status":"passed","title":"persists a grant-bound reservation, enforces event idempotency, and replays after revoke","duration":1522.443625,"failureMessages":[],"meta":{},"tags":[]}],"startTime":1788825986111,"endTime":1788825987633.4436,"status":"passed","message":"","name":"/Users/lixiaomei/Desktop/code/codexSkills/packages/persistence/src/authorization-repository.release.postgres.test.ts"},{"assertionResults":[{"ancestorTitles":["authorization RLS/ACL boundary PostgreSQL probe"],"fullName":"authorization RLS/ACL boundary PostgreSQL probe does not leak platform scope and protects both authorization event ledgers","status":"passed","title":"does not leak platform scope and protects both authorization event ledgers","duration":1507.501041,"failureMessages":[],"meta":{},"tags":[]}],"startTime":1788825971237,"endTime":1788825972744.501,"status":"passed","message":"","name":"/Users/lixiaomei/Desktop/code/codexSkills/packages/persistence/src/authorization-rls-boundary.postgres.test.ts"},{"assertionResults":[{"ancestorTitles":["authorization/RLS local PostgreSQL probe"],"fullName":"authorization/RLS local PostgreSQL probe proves current migration tail and non-superuser authorization boundaries","status":"passed","title":"proves current migration tail and non-superuser authorization boundaries","duration":1329.121083,"failureMessages":[],"meta":{},"tags":[]}],"startTime":1788825996534,"endTime":1788825997863.121,"status":"passed","message":"","name":"/Users/lixiaomei/Desktop/code/codexSkills/packages/persistence/src/authorization-rls-probe.postgres.test.ts"},{"assertionResults":[{"ancestorTitles":["billing PostgreSQL bigint release acceptance"],"fullName":"billing PostgreSQL bigint release acceptance preserves numeric amounts and idempotency through real app-role payment and settlement queries","status":"passed","title":"preserves numeric amounts and idempotency through real app-role payment and settlement queries","duration":1287.988875,"failureMessages":[],"meta":{},"tags":[]}],"startTime":1788825990496,"endTime":1788825991783.9888,"status":"passed","message":"","name":"/Users/lixiaomei/Desktop/code/codexSkills/packages/persistence/src/billing-repository.postgres.test.ts"},{"assertionResults":[{"ancestorTitles":["PostgresBusinessRepository normalized projections"],"fullName":"PostgresBusinessRepository normalized projections projects task brand ids through real PostgreSQL for present, missing, and null brands","status":"passed","title":"projects task brand ids through real PostgreSQL for present, missing, and null brands","duration":1723.0462080000002,"failureMessages":[],"meta":{},"tags":[]}],"startTime":1788826009551,"endTime":1788826011274.0461,"status":"passed","message":"","name":"/Users/lixiaomei/Desktop/code/codexSkills/packages/persistence/src/business-repository.postgres.test.ts"},{"assertionResults":[{"ancestorTitles":["durable campaign lifecycle across repository instances"],"fullName":"durable campaign lifecycle across repository instances keeps CAS, idempotency and tenant scope after reconnect","status":"skipped","title":"keeps CAS, idempotency and tenant scope after reconnect","failureMessages":[],"meta":{},"tags":[]}],"startTime":1788825935719,"endTime":1788825935719,"status":"passed","message":"","name":"/Users/lixiaomei/Desktop/code/codexSkills/packages/persistence/src/campaign-lifecycle.postgres.test.ts"},{"assertionResults":[{"ancestorTitles":["canonical backfill run repository PostgreSQL scope and CAS"],"fullName":"canonical backfill run repository PostgreSQL scope and CAS keeps runs workspace-scoped and makes stale updates non-repeatable","status":"passed","title":"keeps runs workspace-scoped and makes stale updates non-repeatable","duration":1179.838792,"failureMessages":[],"meta":{},"tags":[]}],"startTime":1788826002618,"endTime":1788826003797.8389,"status":"passed","message":"","name":"/Users/lixiaomei/Desktop/code/codexSkills/packages/persistence/src/canonical-backfill-run-repository.postgres.test.ts"},{"assertionResults":[{"ancestorTitles":["canonical product backfill PostgreSQL replay contract"],"fullName":"canonical product backfill PostgreSQL replay contract keeps dry-runs side-effect free and replays bounded batches idempotently","status":"passed","title":"keeps dry-runs side-effect free and replays bounded batches idempotently","duration":1279.017916,"failureMessages":[],"meta":{},"tags":[]}],"startTime":1788825964110,"endTime":1788825965389.0178,"status":"passed","message":"","name":"/Users/lixiaomei/Desktop/code/codexSkills/packages/persistence/src/canonical-product-backfill.postgres.test.ts"},{"assertionResults":[{"ancestorTitles":["commercial contract PostgreSQL E2"],"fullName":"commercial contract PostgreSQL E2 commits and replays payment→period→entitlement→grant→revision→audit→outbox atomically","status":"passed","title":"commits and replays payment→period→entitlement→grant→revision→audit→outbox atomically","duration":1265.478,"failureMessages":[],"meta":{},"tags":[]}],"startTime":1788825984627,"endTime":1788825985892.478,"status":"passed","message":"","name":"/Users/lixiaomei/Desktop/code/codexSkills/packages/persistence/src/commercial-contract-repository.release.postgres.test.ts"},{"assertionResults":[{"ancestorTitles":["commercial point adjustment approval PostgreSQL E2"],"fullName":"commercial point adjustment approval PostgreSQL E2 enforces maker/approver separation, RLS, append-only facts, replay and revision fencing","status":"passed","title":"enforces maker/approver separation, RLS, append-only facts, replay and revision fencing","duration":1321.386542,"failureMessages":[],"meta":{},"tags":[]}],"startTime":1788825965583,"endTime":1788825966904.3865,"status":"passed","message":"","name":"/Users/lixiaomei/Desktop/code/codexSkills/packages/persistence/src/commercial-point-adjustment-approval-repository.release.postgres.test.ts"},{"assertionResults":[{"ancestorTitles":["creative-point PostgreSQL E2 release gate"],"fullName":"creative-point PostgreSQL E2 release gate proves fresh/repeat/interrupted migration, FORCE RLS, tenant FKs, append-only facts, and 200-way reservation safety","status":"passed","title":"proves fresh/repeat/interrupted migration, FORCE RLS, tenant FKs, append-only facts, and 200-way reservation safety","duration":5192.0615419999995,"failureMessages":[],"meta":{},"tags":[]}],"startTime":1788825946711,"endTime":1788825951903.0615,"status":"passed","message":"","name":"/Users/lixiaomei/Desktop/code/codexSkills/packages/persistence/src/creative-point-security-release.postgres.test.ts"},{"assertionResults":[{"ancestorTitles":["PostgresDataLifecycleRepository"],"fullName":"PostgresDataLifecycleRepository uses a workspace transaction and replays an existing request by intent","status":"passed","title":"uses a workspace transaction and replays an existing request by intent","duration":1.8219999999999743,"failureMessages":[],"meta":{},"tags":[]},{"ancestorTitles":["PostgresDataLifecycleRepository"],"fullName":"PostgresDataLifecycleRepository locks approvals and only completes an approved request after the grace period","status":"passed","title":"locks approvals and only completes an approved request after the grace period","duration":2.950540999999987,"failureMessages":[],"meta":{},"tags":[]},{"ancestorTitles":["PostgresDataLifecycleRepository"],"fullName":"PostgresDataLifecycleRepository rejects missing workspace scope before connecting to PostgreSQL","status":"passed","title":"rejects missing workspace scope before connecting to PostgreSQL","duration":1.4538340000000005,"failureMessages":[],"meta":{},"tags":[]}],"startTime":1788826017192,"endTime":1788826017198.4539,"status":"passed","message":"","name":"/Users/lixiaomei/Desktop/code/codexSkills/packages/persistence/src/data-lifecycle-repository.postgres.test.ts"},{"assertionResults":[{"ancestorTitles":["persistence 001-067 release acceptance"],"fullName":"persistence 001-067 release acceptance migrates fresh and upgraded databases, enforces runtime ACL/CAS, and restores the schema","status":"failed","title":"migrates fresh and upgraded databases, enforces runtime ACL/CAS, and restores the schema","duration":1376.954958,"failureMessages":["Error: Command failed: pg_dump --format=custom --schema-only --no-owner --file /var/folders/v9/ywmywthd7cs_dvd8ntphkr800000gn/T/persistence-release-jqvpxX/schema.dump postgres://merchant:a88557da8235d1649d7240a5b370d30ee685b10a9b808190f38c16ee018a0c9d@127.0.0.1:32823/release_fresh_e33bccc11f1b40b6a47a6cb6db78171a\npg_dump: error: aborting because of server version mismatch\npg_dump: detail: server version: 17.11; pg_dump version: 16.15 (Homebrew)\n\n    at genericNodeError (node:internal/errors:983:15)\n    at wrappedFn (node:internal/errors:537:14)\n    at ChildProcess.exithandler (node:child_process:417:12)\n    at ChildProcess.emit (node:events:519:28)\n    at maybeClose (node:internal/child_process:1101:16)\n    at Process.ChildProcess._handle.onexit (node:internal/child_process:304:5)"],"meta":{},"tags":[]}],"startTime":1788825938938,"endTime":1788825940314.955,"status":"failed","message":"","name":"/Users/lixiaomei/Desktop/code/codexSkills/packages/persistence/src/migration-067-release.postgres.test.ts"},{"assertionResults":[{"ancestorTitles":["persistence migration 068 release acceptance"],"fullName":"persistence migration 068 release acceptance supports fresh install, 067 upgrade, least privilege, forced RLS, idempotency, and schema restore","status":"failed","title":"supports fresh install, 067 upgrade, least privilege, forced RLS, idempotency, and schema restore","duration":1649.6665830000002,"failureMessages":["Error: Command failed: pg_dump --format=custom --schema-only --no-owner --file /var/folders/v9/ywmywthd7cs_dvd8ntphkr800000gn/T/persistence-068-release-pN8VXQ/schema.dump postgres://merchant:a88557da8235d1649d7240a5b370d30ee685b10a9b808190f38c16ee018a0c9d@127.0.0.1:32823/release_068_fresh_57ead13968e347fdbf3f9a417c0574db\npg_dump: error: aborting because of server version mismatch\npg_dump: detail: server version: 17.11; pg_dump version: 16.15 (Homebrew)\n\n    at genericNodeError (node:internal/errors:983:15)\n    at wrappedFn (node:internal/errors:537:14)\n    at ChildProcess.exithandler (node:child_process:417:12)\n    at ChildProcess.emit (node:events:519:28)\n    at maybeClose (node:internal/child_process:1101:16)\n    at Socket.<anonymous> (node:internal/child_process:456:11)\n    at Socket.emit (node:events:519:28)\n    at Pipe.<anonymous> (node:net:347:12)"],"meta":{},"tags":[]}],"startTime":1788825940494,"endTime":1788825942143.6665,"status":"failed","message":"","name":"/Users/lixiaomei/Desktop/code/codexSkills/packages/persistence/src/migration-068-release.postgres.test.ts"},{"assertionResults":[{"ancestorTitles":["persistence migration 069 release acceptance"],"fullName":"persistence migration 069 release acceptance supports fresh install, 068 upgrade, idempotency, RLS/ACL, restore, disconnect, and concurrent CAS","status":"failed","title":"supports fresh install, 068 upgrade, idempotency, RLS/ACL, restore, disconnect, and concurrent CAS","duration":1437.50325,"failureMessages":["Error: Command failed: pg_dump --format=custom --schema-only --no-owner --file /var/folders/v9/ywmywthd7cs_dvd8ntphkr800000gn/T/persistence-069-release-NGlYh0/schema.dump postgres://merchant:a88557da8235d1649d7240a5b370d30ee685b10a9b808190f38c16ee018a0c9d@127.0.0.1:32823/release_069_fresh_5905e93cf82242a281b373f2d3754e20\npg_dump: error: aborting because of server version mismatch\npg_dump: detail: server version: 17.11; pg_dump version: 16.15 (Homebrew)\n\n    at genericNodeError (node:internal/errors:983:15)\n    at wrappedFn (node:internal/errors:537:14)\n    at ChildProcess.exithandler (node:child_process:417:12)\n    at ChildProcess.emit (node:events:519:28)\n    at maybeClose (node:internal/child_process:1101:16)\n    at Process.ChildProcess._handle.onexit (node:internal/child_process:304:5)"],"meta":{},"tags":[]}],"startTime":1788825942313,"endTime":1788825943750.5032,"status":"failed","message":"","name":"/Users/lixiaomei/Desktop/code/codexSkills/packages/persistence/src/migration-069-release.postgres.test.ts"},{"assertionResults":[{"ancestorTitles":["persistence migrations 070/072 release acceptance"],"fullName":"persistence migrations 070/072 release acceptance verifies fresh install, 069 upgrade, idempotency, malformed JSON, curated roles, and tenant-safe writes","status":"passed","title":"verifies fresh install, 069 upgrade, idempotency, malformed JSON, curated roles, and tenant-safe writes","duration":1262.616291,"failureMessages":[],"meta":{},"tags":[]}],"startTime":1788825962671,"endTime":1788825963933.6162,"status":"passed","message":"","name":"/Users/lixiaomei/Desktop/code/codexSkills/packages/persistence/src/migration-070-072-release.postgres.test.ts"},{"assertionResults":[{"ancestorTitles":["migration 073 PostgreSQL release acceptance"],"fullName":"migration 073 PostgreSQL release acceptance supports fresh/072 upgrade, empty state, idempotency, platform reads, tenant writes, and ACL","status":"passed","title":"supports fresh/072 upgrade, empty state, idempotency, platform reads, tenant writes, and ACL","duration":1503.304875,"failureMessages":[],"meta":{},"tags":[]}],"startTime":1788825977022,"endTime":1788825978525.305,"status":"passed","message":"","name":"/Users/lixiaomei/Desktop/code/codexSkills/packages/persistence/src/migration-073-release.postgres.test.ts"},{"assertionResults":[{"ancestorTitles":["persistence migration 074 PostgreSQL release acceptance"],"fullName":"persistence migration 074 PostgreSQL release acceptance supports fresh/073 upgrade, metadata backfill, idempotency, RLS, and orphan-proof foreign keys","status":"passed","title":"supports fresh/073 upgrade, metadata backfill, idempotency, RLS, and orphan-proof foreign keys","duration":1258.154375,"failureMessages":[],"meta":{},"tags":[]}],"startTime":1788825975596,"endTime":1788825976854.1543,"status":"passed","message":"","name":"/Users/lixiaomei/Desktop/code/codexSkills/packages/persistence/src/migration-074-release.postgres.test.ts"},{"assertionResults":[{"ancestorTitles":["persistence migration 077 canonical scope acceptance"],"fullName":"persistence migration 077 canonical scope acceptance installs the triggers and rejects cross-scope task/publish writes","status":"passed","title":"installs the triggers and rejects cross-scope task/publish writes","duration":659.578542,"failureMessages":[],"meta":{},"tags":[]}],"startTime":1788826014941,"endTime":1788826015600.5786,"status":"passed","message":"","name":"/Users/lixiaomei/Desktop/code/codexSkills/packages/persistence/src/migration-077-release.postgres.test.ts"},{"assertionResults":[{"ancestorTitles":["persistence migration 078 late asset binding acceptance"],"fullName":"persistence migration 078 late asset binding acceptance applies fresh and from 077, repairs existing rows, and keeps the trigger workspace-scoped","status":"passed","title":"applies fresh and from 077, repairs existing rows, and keeps the trigger workspace-scoped","duration":1340.126208,"failureMessages":[],"meta":{},"tags":[]}],"startTime":1788825978705,"endTime":1788825980045.1262,"status":"passed","message":"","name":"/Users/lixiaomei/Desktop/code/codexSkills/packages/persistence/src/migration-078-release.postgres.test.ts"},{"assertionResults":[{"ancestorTitles":["persistence migration 079 knowledge hydration acceptance"],"fullName":"persistence migration 079 knowledge hydration acceptance applies 079 idempotently and verifies real merchant_app RLS and CAS","status":"passed","title":"applies 079 idempotently and verifies real merchant_app RLS and CAS","duration":670.653708,"failureMessages":[],"meta":{},"tags":[]}],"startTime":1788826013284,"endTime":1788826013954.6538,"status":"passed","message":"","name":"/Users/lixiaomei/Desktop/code/codexSkills/packages/persistence/src/migration-079-release.postgres.test.ts"},{"assertionResults":[{"ancestorTitles":["persistence migration 081 reconciliation status acceptance"],"fullName":"persistence migration 081 reconciliation status acceptance uses merchant_app for workspace-scoped idempotent latest status reads and writes","status":"passed","title":"uses merchant_app for workspace-scoped idempotent latest status reads and writes","duration":661.659,"failureMessages":[],"meta":{},"tags":[]}],"startTime":1788826014127,"endTime":1788826014788.659,"status":"passed","message":"","name":"/Users/lixiaomei/Desktop/code/codexSkills/packages/persistence/src/migration-081-release.postgres.test.ts"},{"assertionResults":[{"ancestorTitles":["migration 105 PostgreSQL release acceptance"],"fullName":"migration 105 PostgreSQL release acceptance enforces dual-boundary RLS/ACL, atomic use budgets, append-only events, and immediate revoke","status":"passed","title":"enforces dual-boundary RLS/ACL, atomic use budgets, append-only events, and immediate revoke","duration":1227.176083,"failureMessages":[],"meta":{},"tags":[]}],"startTime":1788825983226,"endTime":1788825984453.176,"status":"passed","message":"","name":"/Users/lixiaomei/Desktop/code/codexSkills/packages/persistence/src/migration-105-release.postgres.test.ts"},{"assertionResults":[{"ancestorTitles":["canonical legacy brand integrity PostgreSQL boundary"],"fullName":"canonical legacy brand integrity PostgreSQL boundary keeps canonical and legacy brands aligned on insert and legacy updates","status":"passed","title":"keeps canonical and legacy brands aligned on insert and legacy updates","duration":1605.5508329999998,"failureMessages":[],"meta":{},"tags":[]}],"startTime":1788826011458,"endTime":1788826013063.5508,"status":"passed","message":"","name":"/Users/lixiaomei/Desktop/code/codexSkills/packages/persistence/src/migration-106-release.postgres.test.ts"},{"assertionResults":[{"ancestorTitles":["migration 109 PostgreSQL asset scan redrive acceptance"],"fullName":"migration 109 PostgreSQL asset scan redrive acceptance atomically redrives terminal-marker once, preserves old evidence, audits, isolates tenants, and rejects mutation","status":"passed","title":"atomically redrives terminal-marker once, preserves old evidence, audits, isolates tenants, and rejects mutation","duration":1511.575708,"failureMessages":[],"meta":{},"tags":[]},{"ancestorTitles":["migration 109 PostgreSQL asset scan redrive acceptance"],"fullName":"migration 109 PostgreSQL asset scan redrive acceptance atomically redrives legacy-published once, preserves old evidence, audits, isolates tenants, and rejects mutation","status":"passed","title":"atomically redrives legacy-published once, preserves old evidence, audits, isolates tenants, and rejects mutation","duration":1207.2676250000002,"failureMessages":[],"meta":{},"tags":[]}],"startTime":1788825936033,"endTime":1788825938751.2676,"status":"passed","message":"","name":"/Users/lixiaomei/Desktop/code/codexSkills/packages/persistence/src/migration-109-release.postgres.test.ts"},{"assertionResults":[{"ancestorTitles":["migration 118 PostgreSQL model usage budget run linkage"],"fullName":"migration 118 PostgreSQL model usage budget run linkage blocks mismatched historical linkage without rewriting accounting data or recording the migration","status":"passed","title":"blocks mismatched historical linkage without rewriting accounting data or recording the migration","duration":853.931292,"failureMessages":[],"meta":{},"tags":[]},{"ancestorTitles":["migration 118 PostgreSQL model usage budget run linkage"],"fullName":"migration 118 PostgreSQL model usage budget run linkage accepts exact tuples and enforces the deferred triple across tenants on the complete chain","status":"passed","title":"accepts exact tuples and enforces the deferred triple across tenants on the complete chain","duration":1229.1413340000004,"failureMessages":[],"meta":{},"tags":[]}],"startTime":1788825958696,"endTime":1788825960779.1414,"status":"passed","message":"","name":"/Users/lixiaomei/Desktop/code/codexSkills/packages/persistence/src/migration-118-release.postgres.test.ts"},{"assertionResults":[{"ancestorTitles":["migrations 119 and 120 PostgreSQL release acceptance"],"fullName":"migrations 119 and 120 PostgreSQL release acceptance applies the complete chain, preserves the dispatch fence, and installs durable reservation controls","status":"passed","title":"applies the complete chain, preserves the dispatch fence, and installs durable reservation controls","duration":1201.475792,"failureMessages":[],"meta":{},"tags":[]}],"startTime":1788825999377,"endTime":1788826000578.4758,"status":"passed","message":"","name":"/Users/lixiaomei/Desktop/code/codexSkills/packages/persistence/src/migration-119-120-release.postgres.test.ts"},{"assertionResults":[{"ancestorTitles":["migration 127 platform role shadow boundary PostgreSQL release acceptance"],"fullName":"migration 127 platform role shadow boundary PostgreSQL release acceptance stops on historical platform membership drift and resumes only after audited repair","status":"passed","title":"stops on historical platform membership drift and resumes only after audited repair","duration":1196.579542,"failureMessages":[],"meta":{},"tags":[]}],"startTime":1788825989127,"endTime":1788825990323.5796,"status":"passed","message":"","name":"/Users/lixiaomei/Desktop/code/codexSkills/packages/persistence/src/migration-127-release.postgres.test.ts"},{"assertionResults":[{"ancestorTitles":["persistence migration 128 listing identity uniqueness"],"fullName":"persistence migration 128 listing identity uniqueness enforces the canonical listing five-tuple across repository instances","status":"passed","title":"enforces the canonical listing five-tuple across repository instances","duration":1173.2306250000001,"failureMessages":[],"meta":{},"tags":[]}],"startTime":1788826003977,"endTime":1788826005150.2307,"status":"passed","message":"","name":"/Users/lixiaomei/Desktop/code/codexSkills/packages/persistence/src/migration-128-release.postgres.test.ts"},{"assertionResults":[{"ancestorTitles":["persistence migration 129 campaign item listing scope"],"fullName":"persistence migration 129 campaign item listing scope rejects missing or cross-scope listings while preserving legacy-only rows","status":"passed","title":"rejects missing or cross-scope listings while preserving legacy-only rows","duration":1679.9775,"failureMessages":[],"meta":{},"tags":[]}],"startTime":1788826000778,"endTime":1788826002457.9775,"status":"passed","message":"","name":"/Users/lixiaomei/Desktop/code/codexSkills/packages/persistence/src/migration-129-release.postgres.test.ts"},{"assertionResults":[{"ancestorTitles":["persistence migration 130 canonical legacy identity uniqueness"],"fullName":"persistence migration 130 canonical legacy identity uniqueness rejects a second canonical mapping in one workspace but permits the same legacy id in another workspace","status":"passed","title":"rejects a second canonical mapping in one workspace but permits the same legacy id in another workspace","duration":1286.963041,"failureMessages":[],"meta":{},"tags":[]}],"startTime":1788825995077,"endTime":1788825996363.9631,"status":"passed","message":"","name":"/Users/lixiaomei/Desktop/code/codexSkills/packages/persistence/src/migration-130-release.postgres.test.ts"},{"assertionResults":[{"ancestorTitles":["persistence migration 131 task campaign item scope"],"fullName":"persistence migration 131 task campaign item scope rejects a task whose campaign item scope differs from its canonical execution scope","status":"passed","title":"rejects a task whose campaign item scope differs from its canonical execution scope","duration":1266.722583,"failureMessages":[],"meta":{},"tags":[]}],"startTime":1788826008105,"endTime":1788826009371.7227,"status":"passed","message":"","name":"/Users/lixiaomei/Desktop/code/codexSkills/packages/persistence/src/migration-131-release.postgres.test.ts"},{"assertionResults":[{"ancestorTitles":["migration 136 workspace audit truncate guard"],"fullName":"migration 136 workspace audit truncate guard registers an owner-safe append-only truncate guard","status":"passed","title":"registers an owner-safe append-only truncate guard","duration":15.464666000000022,"failureMessages":[],"meta":{},"tags":[]},{"ancestorTitles":["migration 136 workspace audit truncate guard"],"fullName":"migration 136 workspace audit truncate guard rejects owner-level truncate after the complete migration chain","status":"passed","title":"rejects owner-level truncate after the complete migration chain","duration":1139.9427910000002,"failureMessages":[],"meta":{},"tags":[]}],"startTime":1788825968371,"endTime":1788825969525.9429,"status":"passed","message":"","name":"/Users/lixiaomei/Desktop/code/codexSkills/packages/persistence/src/migration-136-workspace-audit.postgres.test.ts"},{"assertionResults":[{"ancestorTitles":["persistence migration 137 task canonical listing identity"],"fullName":"persistence migration 137 task canonical listing identity rejects partial or cross-identity canonical tasks while preserving legacy-only tasks","status":"passed","title":"rejects partial or cross-identity canonical tasks while preserving legacy-only tasks","duration":1201.9516669999998,"failureMessages":[],"meta":{},"tags":[]}],"startTime":1788825998024,"endTime":1788825999225.9517,"status":"passed","message":"","name":"/Users/lixiaomei/Desktop/code/codexSkills/packages/persistence/src/migration-137-release.postgres.test.ts"},{"assertionResults":[{"ancestorTitles":["migration 146 commercial catalog PostgreSQL release evidence"],"fullName":"migration 146 commercial catalog PostgreSQL release evidence applies seeds fail-closed source facts and enforces database-owner immutability","status":"passed","title":"applies seeds fail-closed source facts and enforces database-owner immutability","duration":108.31770899999998,"failureMessages":[],"meta":{},"tags":[]}],"startTime":1788826016303,"endTime":1788826016411.3176,"status":"passed","message":"","name":"/Users/lixiaomei/Desktop/code/codexSkills/packages/persistence/src/migration-146-release.postgres.test.ts"},{"assertionResults":[{"ancestorTitles":["creative-point PostgreSQL upgrade release evidence"],"fullName":"creative-point PostgreSQL upgrade release evidence forward-fills rate evidence and repairs the legacy allocation column without losing facts","status":"passed","title":"forward-fills rate evidence and repairs the legacy allocation column without losing facts","duration":103.317125,"failureMessages":[],"meta":{},"tags":[]}],"startTime":1788826015751,"endTime":1788826015854.3171,"status":"passed","message":"","name":"/Users/lixiaomei/Desktop/code/codexSkills/packages/persistence/src/migration-148-release.postgres.test.ts"},{"assertionResults":[{"ancestorTitles":["migration name/checksum release verifier"],"fullName":"migration name/checksum release verifier upgrades a legacy schema_migrations table and blocks checksum tampering","status":"passed","title":"upgrades a legacy schema_migrations table and blocks checksum tampering","duration":134.04679099999998,"failureMessages":[],"meta":{},"tags":[]}],"startTime":1788826016621,"endTime":1788826016755.0469,"status":"passed","message":"","name":"/Users/lixiaomei/Desktop/code/codexSkills/packages/persistence/src/migration-integrity-release.postgres.test.ts"},{"assertionResults":[{"ancestorTitles":["PostgreSQL daily model-cost budget"],"fullName":"PostgreSQL daily model-cost budget serializes competing reservations across independent connections","status":"skipped","title":"serializes competing reservations across independent connections","failureMessages":[],"meta":{},"tags":[]},{"ancestorTitles":["PostgreSQL daily model-cost budget"],"fullName":"PostgreSQL daily model-cost budget serializes a shared run cap and persists explicit usage linkage","status":"skipped","title":"serializes a shared run cap and persists explicit usage linkage","failureMessages":[],"meta":{},"tags":[]},{"ancestorTitles":["PostgreSQL daily model-cost budget"],"fullName":"PostgreSQL daily model-cost budget atomically records exact receipts, rejects drift, and accumulates multiple receipts","status":"skipped","title":"atomically records exact receipts, rejects drift, and accumulates multiple receipts","failureMessages":[],"meta":{},"tags":[]},{"ancestorTitles":["PostgreSQL daily model-cost budget"],"fullName":"PostgreSQL daily model-cost budget keeps actual overrun durable and refuses release after a linked receipt","status":"skipped","title":"keeps actual overrun durable and refuses release after a linked receipt","failureMessages":[],"meta":{},"tags":[]},{"ancestorTitles":["PostgreSQL daily model-cost budget"],"fullName":"PostgreSQL daily model-cost budget enforces a shared run across UTC days when daily and run limits are equal","status":"skipped","title":"enforces a shared run across UTC days when daily and run limits are equal","failureMessages":[],"meta":{},"tags":[]}],"startTime":1788825935719,"endTime":1788825935719,"status":"passed","message":"","name":"/Users/lixiaomei/Desktop/code/codexSkills/packages/persistence/src/model-daily-budget.postgres.test.ts"},{"assertionResults":[{"ancestorTitles":["PostgresObjectOrphanRepository"],"fullName":"PostgresObjectOrphanRepository qualifies the target projection when claiming through an UPDATE FROM CTE","status":"passed","title":"qualifies the target projection when claiming through an UPDATE FROM CTE","duration":2.5077920000000233,"failureMessages":[],"meta":{},"tags":[]},{"ancestorTitles":["PostgresObjectOrphanRepository"],"fullName":"PostgresObjectOrphanRepository resets next_attempt_at when a duplicate orphan is re-enqueued","status":"passed","title":"resets next_attempt_at when a duplicate orphan is re-enqueued","duration":0.6088750000000118,"failureMessages":[],"meta":{},"tags":[]},{"ancestorTitles":["PostgresObjectOrphanRepository"],"fullName":"PostgresObjectOrphanRepository serializes claims, fences expired workers, and preserves workspace isolation","status":"failed","title":"serializes claims, fences expired workers, and preserves workspace isolation","duration":2593.3211659999997,"failureMessages":["Error: expected a delayed lease token\n    at /Users/lixiaomei/Desktop/code/codexSkills/packages/persistence/src/object-orphan-repository.postgres.test.ts:97:32\n    at processTicksAndRejections (node:internal/process/task_queues:103:5)\n    at file:///Users/lixiaomei/Desktop/code/codexSkills/node_modules/@vitest/runner/dist/chunk-artifact.js:1903:20"],"meta":{},"tags":[]}],"startTime":1788825943926,"endTime":1788825946523.321,"status":"failed","message":"","name":"/Users/lixiaomei/Desktop/code/codexSkills/packages/persistence/src/object-orphan-repository.postgres.test.ts"},{"assertionResults":[{"ancestorTitles":["merchant_ops workspace summary RLS boundary"],"fullName":"merchant_ops workspace summary RLS boundary exposes only the approved aggregate view and rejects customer detail tables","status":"passed","title":"exposes only the approved aggregate view and rejects customer detail tables","duration":1268.91575,"failureMessages":[],"meta":{},"tags":[]}],"startTime":1788825981794,"endTime":1788825983062.9158,"status":"passed","message":"","name":"/Users/lixiaomei/Desktop/code/codexSkills/packages/persistence/src/ops-workspace-summary-rls.postgres.test.ts"},{"assertionResults":[{"ancestorTitles":["platform authorization audit PostgreSQL boundary"],"fullName":"platform authorization audit PostgreSQL boundary keeps the platform audit sink append-only and isolated to merchant_ops","status":"passed","title":"keeps the platform audit sink append-only and isolated to merchant_ops","duration":1544.995708,"failureMessages":[],"meta":{},"tags":[]}],"startTime":1788825993362,"endTime":1788825994906.9956,"status":"passed","message":"","name":"/Users/lixiaomei/Desktop/code/codexSkills/packages/persistence/src/platform-authorization-audit.postgres.test.ts"},{"assertionResults":[{"ancestorTitles":["product tenant RLS PostgreSQL probe"],"fullName":"product tenant RLS PostgreSQL probe keeps customer rows isolated and rejects platform-scope spoofing","status":"passed","title":"keeps customer rows isolated and rejects platform-scope spoofing","duration":1305.849458,"failureMessages":[],"meta":{},"tags":[]}],"startTime":1788826005304,"endTime":1788826006609.8494,"status":"passed","message":"","name":"/Users/lixiaomei/Desktop/code/codexSkills/packages/persistence/src/product-rls-tenant-boundary.postgres.test.ts"},{"assertionResults":[{"ancestorTitles":["resource ID scope PostgreSQL probe"],"fullName":"resource ID scope PostgreSQL probe keeps an allowed app read bounded to the exact workspace and platform account","status":"passed","title":"keeps an allowed app read bounded to the exact workspace and platform account","duration":1175.489542,"failureMessages":[],"meta":{},"tags":[]}],"startTime":1788825987791,"endTime":1788825988966.4895,"status":"passed","message":"","name":"/Users/lixiaomei/Desktop/code/codexSkills/packages/persistence/src/resource-id-scope.postgres.test.ts"},{"assertionResults":[{"ancestorTitles":["service fulfillment PostgreSQL release evidence"],"fullName":"service fulfillment PostgreSQL release evidence enforces tenant scope, idempotency, revision, quota, correction audit and unresolved 6x500 schedule","status":"passed","title":"enforces tenant scope, idempotency, revision, quota, correction audit and unresolved 6x500 schedule","duration":1331.195666,"failureMessages":[],"meta":{},"tags":[]}],"startTime":1788825969706,"endTime":1788825971037.1956,"status":"passed","message":"","name":"/Users/lixiaomei/Desktop/code/codexSkills/packages/persistence/src/service-fulfillment-repository.release.postgres.test.ts"},{"assertionResults":[{"ancestorTitles":["PostgresStorageQuotaRepository"],"fullName":"PostgresStorageQuotaRepository serializes workspace reservations and keeps settle replay idempotent","status":"passed","title":"serializes workspace reservations and keeps settle replay idempotent","duration":102.66470799999999,"failureMessages":[],"meta":{},"tags":[]}],"startTime":1788826016022,"endTime":1788826016124.6648,"status":"passed","message":"","name":"/Users/lixiaomei/Desktop/code/codexSkills/packages/persistence/src/storage-quota-repository.postgres.test.ts"},{"assertionResults":[{"ancestorTitles":["workspace data export PostgreSQL E2"],"fullName":"workspace data export PostgreSQL E2 enforces tenant scope, request idempotency, and external delivery evidence","status":"passed","title":"enforces tenant scope, request idempotency, and external delivery evidence","duration":1176.0436670000001,"failureMessages":[],"meta":{},"tags":[]}],"startTime":1788825974264,"endTime":1788825975440.0437,"status":"passed","message":"","name":"/Users/lixiaomei/Desktop/code/codexSkills/packages/persistence/src/workspace-data-export-repository.release.postgres.test.ts"}]}