{"numTotalTestSuites":2,"numPassedTestSuites":0,"numFailedTestSuites":2,"numPendingTestSuites":0,"numTotalTests":1,"numPassedTests":0,"numFailedTests":1,"numPendingTests":0,"numTodoTests":0,"snapshot":{"added":0,"failure":false,"filesAdded":0,"filesRemoved":0,"filesRemovedList":[],"filesUnmatched":0,"filesUpdated":0,"matched":0,"total":0,"unchecked":0,"uncheckedKeysByFile":[],"unmatched":0,"updated":0,"didUpdate":false},"startTime":1788892053149,"success":false,"testResults":[{"assertionResults":[{"ancestorTitles":["private trial payment PostgreSQL release evidence"],"fullName":"private trial payment PostgreSQL release evidence commits invite→approval→v3 order→199900 payment→entitlement→500 grant atomically and replays without duplication","status":"failed","title":"commits invite→approval→v3 order→199900 payment→entitlement→500 grant atomically and replays without duplication","duration":971.0970000000001,"failureMessages":["error: permission denied for table commercial_catalog_skus\n    at /Users/lixiaomei/Desktop/code/codexSkills/node_modules/pg/lib/client.js:694:17\n    at processTicksAndRejections (node:internal/process/task_queues:103:5)\n    at PostgresCommercialCatalogRepository.queryCatalog (/Users/lixiaomei/Desktop/code/codexSkills/packages/persistence/src/commercial-catalog-repository.ts:298:22)\n    at PostgresCommercialCatalogRepository.resolveApprovedExecutableSku (/Users/lixiaomei/Desktop/code/codexSkills/packages/persistence/src/commercial-catalog-repository.ts:330:18)\n    at /Users/lixiaomei/Desktop/code/codexSkills/packages/persistence/src/private-trial-payment.release.postgres.test.ts:73:19\n    at file:///Users/lixiaomei/Desktop/code/codexSkills/node_modules/@vitest/runner/dist/chunk-artifact.js:1903:20"],"meta":{},"tags":[]}],"startTime":1788892053379,"endTime":1788892054350.097,"status":"failed","message":"","name":"/Users/lixiaomei/Desktop/code/codexSkills/packages/persistence/src/private-trial-payment.release.postgres.test.ts"}]}