{"numTotalTestSuites":28,"numPassedTestSuites":28,"numFailedTestSuites":0,"numPendingTestSuites":0,"numTotalTests":15,"numPassedTests":15,"numFailedTests":0,"numPendingTests":0,"numTodoTests":0,"snapshot":{"added":0,"failure":false,"filesAdded":0,"filesRemoved":0,"filesRemovedList":[],"filesUnmatched":0,"filesUpdated":0,"matched":0,"total":0,"unchecked":0,"uncheckedKeysByFile":[],"unmatched":0,"updated":0,"didUpdate":false},"startTime":1789103886798,"success":true,"testResults":[{"assertionResults":[{"ancestorTitles":["brand profile association PostgreSQL release evidence"],"fullName":"brand profile association PostgreSQL release evidence persists brand/store/campaign relations and keeps them tenant isolated","status":"passed","title":"persists brand/store/campaign relations and keeps them tenant isolated","duration":1184.809417,"failureMessages":[],"meta":{},"tags":[]}],"startTime":1789103887032,"endTime":1789103888216.8093,"status":"passed","message":"","name":"/Users/lixiaomei/Desktop/code/codexSkills/packages/persistence/src/brand-profile-association.release.postgres.test.ts"},{"assertionResults":[{"ancestorTitles":["canonical backfill run repository PostgreSQL scope and CAS"],"fullName":"canonical backfill run repository PostgreSQL scope and CAS keeps runs workspace-scoped and makes stale updates non-repeatable","status":"passed","title":"keeps runs workspace-scoped and makes stale updates non-repeatable","duration":1118.168917,"failureMessages":[],"meta":{},"tags":[]}],"startTime":1789103896902,"endTime":1789103898020.169,"status":"passed","message":"","name":"/Users/lixiaomei/Desktop/code/codexSkills/packages/persistence/src/canonical-backfill-run-repository.postgres.test.ts"},{"assertionResults":[{"ancestorTitles":["canonical product backfill PostgreSQL replay contract"],"fullName":"canonical product backfill PostgreSQL replay contract keeps dry-runs side-effect free and replays bounded batches idempotently","status":"passed","title":"keeps dry-runs side-effect free and replays bounded batches idempotently","duration":1162.549709,"failureMessages":[],"meta":{},"tags":[]}],"startTime":1789103895597,"endTime":1789103896759.5498,"status":"passed","message":"","name":"/Users/lixiaomei/Desktop/code/codexSkills/packages/persistence/src/canonical-product-backfill.postgres.test.ts"},{"assertionResults":[{"ancestorTitles":["commercial point adjustment approval PostgreSQL E2"],"fullName":"commercial point adjustment approval PostgreSQL E2 enforces maker/approver separation, RLS, append-only facts, replay and revision fencing","status":"passed","title":"enforces maker/approver separation, RLS, append-only facts, replay and revision fencing","duration":1130.433459,"failureMessages":[],"meta":{},"tags":[]}],"startTime":1789103898196,"endTime":1789103899326.4333,"status":"passed","message":"","name":"/Users/lixiaomei/Desktop/code/codexSkills/packages/persistence/src/commercial-point-adjustment-approval-repository.release.postgres.test.ts"},{"assertionResults":[{"ancestorTitles":["064 workspace identity bootstrap"],"fullName":"064 workspace identity bootstrap defines an identity-scoped unique binding and a non-destructive backfill","status":"passed","title":"defines an identity-scoped unique binding and a non-destructive backfill","duration":43.18900000000002,"failureMessages":[],"meta":{},"tags":[]},{"ancestorTitles":["064 workspace identity bootstrap"],"fullName":"064 workspace identity bootstrap reuses one active owner workspace across repository instances and isolates issuers","status":"passed","title":"reuses one active owner workspace across repository instances and isolates issuers","duration":1286.5275419999998,"failureMessages":[],"meta":{},"tags":[]}],"startTime":1789103892869,"endTime":1789103894198.5276,"status":"passed","message":"","name":"/Users/lixiaomei/Desktop/code/codexSkills/packages/persistence/src/migration-064-release.postgres.test.ts"},{"assertionResults":[{"ancestorTitles":["canonical legacy brand integrity PostgreSQL boundary"],"fullName":"canonical legacy brand integrity PostgreSQL boundary keeps canonical and legacy brands aligned on insert and legacy updates","status":"passed","title":"keeps canonical and legacy brands aligned on insert and legacy updates","duration":1120.250625,"failureMessages":[],"meta":{},"tags":[]}],"startTime":1789103894336,"endTime":1789103895456.2507,"status":"passed","message":"","name":"/Users/lixiaomei/Desktop/code/codexSkills/packages/persistence/src/migration-106-release.postgres.test.ts"},{"assertionResults":[{"ancestorTitles":["migration 127 platform role shadow boundary PostgreSQL release acceptance"],"fullName":"migration 127 platform role shadow boundary PostgreSQL release acceptance stops on historical platform membership drift and resumes only after audited repair","status":"passed","title":"stops on historical platform membership drift and resumes only after audited repair","duration":1090.982667,"failureMessages":[],"meta":{},"tags":[]}],"startTime":1789103899460,"endTime":1789103900550.9827,"status":"passed","message":"","name":"/Users/lixiaomei/Desktop/code/codexSkills/packages/persistence/src/migration-127-release.postgres.test.ts"},{"assertionResults":[{"ancestorTitles":["migration 146 commercial catalog PostgreSQL release evidence"],"fullName":"migration 146 commercial catalog PostgreSQL release evidence applies seeds fail-closed source facts and enforces database-owner immutability","status":"passed","title":"applies seeds fail-closed source facts and enforces database-owner immutability","duration":62.525457999999986,"failureMessages":[],"meta":{},"tags":[]}],"startTime":1789103902315,"endTime":1789103902377.5254,"status":"passed","message":"","name":"/Users/lixiaomei/Desktop/code/codexSkills/packages/persistence/src/migration-146-release.postgres.test.ts"},{"assertionResults":[{"ancestorTitles":["creative-point PostgreSQL upgrade release evidence"],"fullName":"creative-point PostgreSQL upgrade release evidence forward-fills rate evidence and repairs the legacy allocation column without losing facts","status":"passed","title":"forward-fills rate evidence and repairs the legacy allocation column without losing facts","duration":85.69654200000001,"failureMessages":[],"meta":{},"tags":[]}],"startTime":1789103901903,"endTime":1789103901988.6965,"status":"passed","message":"","name":"/Users/lixiaomei/Desktop/code/codexSkills/packages/persistence/src/migration-148-release.postgres.test.ts"},{"assertionResults":[{"ancestorTitles":["migration 164 onboarding grant schedule PostgreSQL release evidence"],"fullName":"migration 164 onboarding grant schedule PostgreSQL release evidence keeps unresolved schedules blocked and constrains activated schedules to the frozen policy","status":"passed","title":"keeps unresolved schedules blocked and constrains activated schedules to the frozen policy","duration":63.59287500000001,"failureMessages":[],"meta":{},"tags":[]}],"startTime":1789103902122,"endTime":1789103902185.5928,"status":"passed","message":"","name":"/Users/lixiaomei/Desktop/code/codexSkills/packages/persistence/src/migration-164-release.postgres.test.ts"},{"assertionResults":[{"ancestorTitles":["migration 166 executable commercial catalog PostgreSQL release evidence"],"fullName":"migration 166 executable commercial catalog PostgreSQL release evidence publishes only resolved v2 offers and fixed point rates after the complete chain","status":"passed","title":"publishes only resolved v2 offers and fixed point rates after the complete chain","duration":1080.430708,"failureMessages":[],"meta":{},"tags":[]}],"startTime":1789103900689,"endTime":1789103901769.4307,"status":"passed","message":"","name":"/Users/lixiaomei/Desktop/code/codexSkills/packages/persistence/src/migration-166-release.postgres.test.ts"},{"assertionResults":[{"ancestorTitles":["private trial invite PostgreSQL release evidence"],"fullName":"private trial invite PostgreSQL release evidence keeps raw codes one-time, customer-bound, single-use, tenant-scoped and append-only","status":"passed","title":"keeps raw codes one-time, customer-bound, single-use, tenant-scoped and append-only","duration":1146.780917,"failureMessages":[],"meta":{},"tags":[]}],"startTime":1789103889750,"endTime":1789103890896.781,"status":"passed","message":"","name":"/Users/lixiaomei/Desktop/code/codexSkills/packages/persistence/src/private-trial-invites.release.postgres.test.ts"},{"assertionResults":[{"ancestorTitles":["private trial payment PostgreSQL release evidence"],"fullName":"private trial payment PostgreSQL release evidence commits invite→approval→v3 order→199900 payment→entitlement→500 grant atomically and replays without duplication","status":"passed","title":"commits invite→approval→v3 order→199900 payment→entitlement→500 grant atomically and replays without duplication","duration":1550.906709,"failureMessages":[],"meta":{},"tags":[]}],"startTime":1789103891068,"endTime":1789103892618.9067,"status":"passed","message":"","name":"/Users/lixiaomei/Desktop/code/codexSkills/packages/persistence/src/private-trial-payment.release.postgres.test.ts"},{"assertionResults":[{"ancestorTitles":["service fulfillment PostgreSQL release evidence"],"fullName":"service fulfillment PostgreSQL release evidence enforces tenant scope, idempotency, revision, quota, correction audit and unresolved 6x500 schedule","status":"passed","title":"enforces tenant scope, idempotency, revision, quota, correction audit and unresolved 6x500 schedule","duration":1223.039875,"failureMessages":[],"meta":{},"tags":[]}],"startTime":1789103888367,"endTime":1789103889590.0398,"status":"passed","message":"","name":"/Users/lixiaomei/Desktop/code/codexSkills/packages/persistence/src/service-fulfillment-repository.release.postgres.test.ts"}]}