{"numTotalTestSuites":2,"numPassedTestSuites":2,"numFailedTestSuites":0,"numPendingTestSuites":0,"numTotalTests":1,"numPassedTests":1,"numFailedTests":0,"numPendingTests":0,"numTodoTests":0,"snapshot":{"added":0,"failure":false,"filesAdded":0,"filesRemoved":0,"filesRemovedList":[],"filesUnmatched":0,"filesUpdated":0,"matched":0,"total":0,"unchecked":0,"uncheckedKeysByFile":[],"unmatched":0,"updated":0,"didUpdate":false},"startTime":1788869676722,"success":true,"testResults":[{"assertionResults":[{"ancestorTitles":["private trial invite PostgreSQL release evidence"],"fullName":"private trial invite PostgreSQL release evidence keeps raw codes one-time, customer-bound, single-use, tenant-scoped and append-only","status":"passed","title":"keeps raw codes one-time, customer-bound, single-use, tenant-scoped and append-only","duration":5150.640582999999,"failureMessages":[],"meta":{},"tags":[]}],"startTime":1788869677087,"endTime":1788869682237.6406,"status":"passed","message":"","name":"/Users/lixiaomei/Desktop/code/codexSkills/packages/persistence/src/private-trial-invites.release.postgres.test.ts"}]}