{"numTotalTestSuites":16,"numPassedTestSuites":16,"numFailedTestSuites":0,"numPendingTestSuites":0,"numTotalTests":8,"numPassedTests":8,"numFailedTests":0,"numPendingTests":0,"numTodoTests":0,"snapshot":{"added":0,"failure":false,"filesAdded":0,"filesRemoved":0,"filesRemovedList":[],"filesUnmatched":0,"filesUpdated":0,"matched":0,"total":0,"unchecked":0,"uncheckedKeysByFile":[],"unmatched":0,"updated":0,"didUpdate":false},"startTime":1788782112898,"success":true,"testResults":[{"assertionResults":[{"ancestorTitles":["canonical backfill run repository PostgreSQL scope and CAS"],"fullName":"canonical backfill run repository PostgreSQL scope and CAS keeps runs workspace-scoped and makes stale updates non-repeatable","status":"passed","title":"keeps runs workspace-scoped and makes stale updates non-repeatable","duration":1100.766541,"failureMessages":[],"meta":{},"tags":[]}],"startTime":1788782113111,"endTime":1788782114211.7666,"status":"passed","message":"","name":"/Users/lixiaomei/Desktop/code/codexSkills/packages/persistence/src/canonical-backfill-run-repository.postgres.test.ts"},{"assertionResults":[{"ancestorTitles":["canonical product backfill PostgreSQL replay contract"],"fullName":"canonical product backfill PostgreSQL replay contract keeps dry-runs side-effect free and replays bounded batches idempotently","status":"passed","title":"keeps dry-runs side-effect free and replays bounded batches idempotently","duration":1040.061083,"failureMessages":[],"meta":{},"tags":[]}],"startTime":1788782118000,"endTime":1788782119040.061,"status":"passed","message":"","name":"/Users/lixiaomei/Desktop/code/codexSkills/packages/persistence/src/canonical-product-backfill.postgres.test.ts"},{"assertionResults":[{"ancestorTitles":["commercial point adjustment approval PostgreSQL E2"],"fullName":"commercial point adjustment approval PostgreSQL E2 enforces maker/approver separation, RLS, append-only facts, replay and revision fencing","status":"passed","title":"enforces maker/approver separation, RLS, append-only facts, replay and revision fencing","duration":1063.561334,"failureMessages":[],"meta":{},"tags":[]}],"startTime":1788782119207,"endTime":1788782120270.5613,"status":"passed","message":"","name":"/Users/lixiaomei/Desktop/code/codexSkills/packages/persistence/src/commercial-point-adjustment-approval-repository.release.postgres.test.ts"},{"assertionResults":[{"ancestorTitles":["canonical legacy brand integrity PostgreSQL boundary"],"fullName":"canonical legacy brand integrity PostgreSQL boundary keeps canonical and legacy brands aligned on insert and legacy updates","status":"passed","title":"keeps canonical and legacy brands aligned on insert and legacy updates","duration":987.1929999999999,"failureMessages":[],"meta":{},"tags":[]}],"startTime":1788782116860,"endTime":1788782117847.193,"status":"passed","message":"","name":"/Users/lixiaomei/Desktop/code/codexSkills/packages/persistence/src/migration-106-release.postgres.test.ts"},{"assertionResults":[{"ancestorTitles":["migration 127 platform role shadow boundary PostgreSQL release acceptance"],"fullName":"migration 127 platform role shadow boundary PostgreSQL release acceptance stops on historical platform membership drift and resumes only after audited repair","status":"passed","title":"stops on historical platform membership drift and resumes only after audited repair","duration":1037.9507919999999,"failureMessages":[],"meta":{},"tags":[]}],"startTime":1788782115684,"endTime":1788782116721.9507,"status":"passed","message":"","name":"/Users/lixiaomei/Desktop/code/codexSkills/packages/persistence/src/migration-127-release.postgres.test.ts"},{"assertionResults":[{"ancestorTitles":["migration 146 commercial catalog PostgreSQL release evidence"],"fullName":"migration 146 commercial catalog PostgreSQL release evidence applies seeds fail-closed source facts and enforces database-owner immutability","status":"passed","title":"applies seeds fail-closed source facts and enforces database-owner immutability","duration":73.57287499999998,"failureMessages":[],"meta":{},"tags":[]}],"startTime":1788782120650,"endTime":1788782120723.5728,"status":"passed","message":"","name":"/Users/lixiaomei/Desktop/code/codexSkills/packages/persistence/src/migration-146-release.postgres.test.ts"},{"assertionResults":[{"ancestorTitles":["creative-point PostgreSQL upgrade release evidence"],"fullName":"creative-point PostgreSQL upgrade release evidence forward-fills rate evidence and repairs the legacy allocation column without losing facts","status":"passed","title":"forward-fills rate evidence and repairs the legacy allocation column without losing facts","duration":97.645292,"failureMessages":[],"meta":{},"tags":[]}],"startTime":1788782120416,"endTime":1788782120513.6453,"status":"passed","message":"","name":"/Users/lixiaomei/Desktop/code/codexSkills/packages/persistence/src/migration-148-release.postgres.test.ts"},{"assertionResults":[{"ancestorTitles":["service fulfillment PostgreSQL release evidence"],"fullName":"service fulfillment PostgreSQL release evidence enforces tenant scope, idempotency, revision, quota, correction audit and unresolved 6x500 schedule","status":"passed","title":"enforces tenant scope, idempotency, revision, quota, correction audit and unresolved 6x500 schedule","duration":1160.495875,"failureMessages":[],"meta":{},"tags":[]}],"startTime":1788782114375,"endTime":1788782115535.4958,"status":"passed","message":"","name":"/Users/lixiaomei/Desktop/code/codexSkills/packages/persistence/src/service-fulfillment-repository.release.postgres.test.ts"}]}