{"numTotalTestSuites":2,"numPassedTestSuites":0,"numFailedTestSuites":2,"numPendingTestSuites":0,"numTotalTests":1,"numPassedTests":0,"numFailedTests":1,"numPendingTests":0,"numTodoTests":0,"snapshot":{"added":0,"failure":false,"filesAdded":0,"filesRemoved":0,"filesRemovedList":[],"filesUnmatched":0,"filesUpdated":0,"matched":0,"total":0,"unchecked":0,"uncheckedKeysByFile":[],"unmatched":0,"updated":0,"didUpdate":false},"startTime":1788837090815,"success":false,"testResults":[{"assertionResults":[{"ancestorTitles":["migration 166 executable commercial catalog PostgreSQL release evidence"],"fullName":"migration 166 executable commercial catalog PostgreSQL release evidence publishes only resolved v2 offers and fixed point rates after the complete chain","status":"failed","title":"publishes only resolved v2 offers and fixed point rates after the complete chain","duration":1773.312167,"failureMessages":["AssertionError: expected { published: 6, sourceImported: 2 } to deeply equal { published: 6, sourceImported: 1 }\n    at /Users/lixiaomei/Desktop/code/codexSkills/packages/persistence/src/migration-166-release.postgres.test.ts:47:30\n    at processTicksAndRejections (node:internal/process/task_queues:103:5)\n    at file:///Users/lixiaomei/Desktop/code/codexSkills/node_modules/@vitest/runner/dist/chunk-artifact.js:1903:20"],"meta":{},"tags":[]}],"startTime":1788837091081,"endTime":1788837092854.3123,"status":"failed","message":"","name":"/Users/lixiaomei/Desktop/code/codexSkills/packages/persistence/src/migration-166-release.postgres.test.ts"}]}