{"numTotalTestSuites":2,"numPassedTestSuites":0,"numFailedTestSuites":2,"numPendingTestSuites":0,"numTotalTests":1,"numPassedTests":0,"numFailedTests":1,"numPendingTests":0,"numTodoTests":0,"snapshot":{"added":0,"failure":false,"filesAdded":0,"filesRemoved":0,"filesRemovedList":[],"filesUnmatched":0,"filesUpdated":0,"matched":0,"total":0,"unchecked":0,"uncheckedKeysByFile":[],"unmatched":0,"updated":0,"didUpdate":false},"startTime":1788894313148,"success":false,"testResults":[{"assertionResults":[{"ancestorTitles":["brand profile association PostgreSQL release evidence"],"fullName":"brand profile association PostgreSQL release evidence persists brand/store/campaign relations and keeps them tenant isolated","status":"failed","title":"persists brand/store/campaign relations and keeps them tenant isolated","duration":1048.186791,"failureMessages":["error: permission denied for table brands\n    at /Users/lixiaomei/Desktop/code/codexSkills/node_modules/pg/lib/client.js:694:17\n    at processTicksAndRejections (node:internal/process/task_queues:103:5)\n    at /Users/lixiaomei/Desktop/code/codexSkills/packages/persistence/src/brand-unit-repository.ts:315:22\n    at withWorkspaceTransaction (/Users/lixiaomei/Desktop/code/codexSkills/packages/persistence/src/repository.ts:567:20)\n    at /Users/lixiaomei/Desktop/code/codexSkills/packages/persistence/src/brand-profile-association.release.postgres.test.ts:61:7\n    at file:///Users/lixiaomei/Desktop/code/codexSkills/node_modules/@vitest/runner/dist/chunk-artifact.js:1903:20"],"meta":{},"tags":[]}],"startTime":1788894313371,"endTime":1788894314419.1868,"status":"failed","message":"","name":"/Users/lixiaomei/Desktop/code/codexSkills/packages/persistence/src/brand-profile-association.release.postgres.test.ts"}]}