{"numTotalTestSuites":110,"numPassedTestSuites":102,"numFailedTestSuites":8,"numPendingTestSuites":0,"numTotalTests":77,"numPassedTests":67,"numFailedTests":4,"numPendingTests":6,"numTodoTests":0,"snapshot":{"added":0,"failure":false,"filesAdded":0,"filesRemoved":0,"filesRemovedList":[],"filesUnmatched":0,"filesUpdated":0,"matched":0,"total":0,"unchecked":0,"uncheckedKeysByFile":[],"unmatched":0,"updated":0,"didUpdate":false},"startTime":1788826204717,"success":false,"testResults":[{"assertionResults":[{"ancestorTitles":["commercial zero-side-effect PostgreSQL E2 matrix"],"fullName":"commercial zero-side-effect PostgreSQL E2 matrix keeps durable facts and all external ports unchanged for the registry-derived zero/unknown/insufficient matrix","status":"passed","title":"keeps durable facts and all external ports unchanged for the registry-derived zero/unknown/insufficient matrix","duration":2154.81275,"failureMessages":[],"meta":{},"tags":[]}],"startTime":1788826217221,"endTime":1788826219375.8127,"status":"passed","message":"","name":"/Users/lixiaomei/Desktop/code/codexSkills/tests/commercial-zero-side-effect-release.postgres.test.ts"},{"assertionResults":[{"ancestorTitles":["PostgreSQL durable outbox retry recovery"],"fullName":"PostgreSQL durable outbox retry recovery restores an ordinary retry into a fresh dispatcher after backoff, then acknowledges it once","status":"passed","title":"restores an ordinary retry into a fresh dispatcher after backoff, then acknowledges it once","duration":54.33566599999995,"failureMessages":[],"meta":{},"tags":[]},{"ancestorTitles":["PostgreSQL durable outbox retry recovery"],"fullName":"PostgreSQL durable outbox retry recovery keeps terminal, unknown, unsafe error evidence, future retries and active leases out of claims","status":"passed","title":"keeps terminal, unknown, unsafe error evidence, future retries and active leases out of claims","duration":70.61291700000015,"failureMessages":[],"meta":{},"tags":[]},{"ancestorTitles":["PostgreSQL durable outbox retry recovery"],"fullName":"PostgreSQL durable outbox retry recovery serializes competing retry claims and retains workspace and worker routing boundaries","status":"passed","title":"serializes competing retry claims and retains workspace and worker routing boundaries","duration":27.48733399999992,"failureMessages":[],"meta":{},"tags":[]}],"startTime":1788826225813,"endTime":1788826225965.4873,"status":"passed","message":"","name":"/Users/lixiaomei/Desktop/code/codexSkills/tests/outbox-retry.postgres.test.ts"},{"assertionResults":[{"ancestorTitles":["creative point relay settlement PostgreSQL E2"],"fullName":"creative point relay settlement PostgreSQL E2 persists a verified receipt and settles while keeping unknown outcomes active","status":"passed","title":"persists a verified receipt and settles while keeping unknown outcomes active","duration":1060.690375,"failureMessages":[],"meta":{},"tags":[]}],"startTime":1788826242638,"endTime":1788826243698.6904,"status":"passed","message":"","name":"/Users/lixiaomei/Desktop/code/codexSkills/apps/worker/src/creative-point-relay-settlement.postgres.test.ts"},{"assertionResults":[{"ancestorTitles":["application PostgreSQL RLS allow/scope mismatch probe"],"fullName":"application PostgreSQL RLS allow/scope mismatch probe keeps an allowed tenant read bounded when the requested scope is foreign","status":"passed","title":"keeps an allowed tenant read bounded when the requested scope is foreign","duration":967.3599999999999,"failureMessages":[],"meta":{},"tags":[]}],"startTime":1788826259272,"endTime":1788826260239.36,"status":"passed","message":"","name":"/Users/lixiaomei/Desktop/code/codexSkills/packages/persistence/src/application-rls-allow-scope-mismatch.postgres.test.ts"},{"assertionResults":[{"ancestorTitles":["authorization decision audit PostgreSQL reconstruction boundary"],"fullName":"authorization decision audit PostgreSQL reconstruction boundary reconstructs only the active workspace and rejects cross-scope or mutable audit access","status":"passed","title":"reconstructs only the active workspace and rejects cross-scope or mutable audit access","duration":1052.255541,"failureMessages":[],"meta":{},"tags":[]}],"startTime":1788826254519,"endTime":1788826255571.2556,"status":"passed","message":"","name":"/Users/lixiaomei/Desktop/code/codexSkills/packages/persistence/src/authorization-audit-rls.postgres.test.ts"},{"assertionResults":[{"ancestorTitles":["authorization event scope integrity PostgreSQL probe"],"fullName":"authorization event scope integrity PostgreSQL probe rejects forged subject/workspace context at the database boundary","status":"passed","title":"rejects forged subject/workspace context at the database boundary","duration":1019.115292,"failureMessages":[],"meta":{},"tags":[]}],"startTime":1788826253361,"endTime":1788826254380.1152,"status":"passed","message":"","name":"/Users/lixiaomei/Desktop/code/codexSkills/packages/persistence/src/authorization-event-scope-integrity.postgres.test.ts"},{"assertionResults":[{"ancestorTitles":["authorization execution reservation RLS/ACL PostgreSQL probe"],"fullName":"authorization execution reservation RLS/ACL PostgreSQL probe fails closed for app writes, requires platform scope, and keeps reservations append-only","status":"passed","title":"fails closed for app writes, requires platform scope, and keeps reservations append-only","duration":1056.1940419999999,"failureMessages":[],"meta":{},"tags":[]}],"startTime":1788826252146,"endTime":1788826253202.194,"status":"passed","message":"","name":"/Users/lixiaomei/Desktop/code/codexSkills/packages/persistence/src/authorization-execution-reservation-rls.postgres.test.ts"},{"assertionResults":[{"ancestorTitles":["authorization grant exact scope PostgreSQL probe"],"fullName":"authorization grant exact scope PostgreSQL probe allows only an exact workspace_ids scope with safe string metadata for new writes","status":"passed","title":"allows only an exact workspace_ids scope with safe string metadata for new writes","duration":1247.29625,"failureMessages":[],"meta":{},"tags":[]},{"ancestorTitles":["authorization grant exact scope PostgreSQL probe"],"fullName":"authorization grant exact scope PostgreSQL probe blocks incompatible live legacy authority and preserves historical scope, hash, and event evidence on upgrade","status":"passed","title":"blocks incompatible live legacy authority and preserves historical scope, hash, and event evidence on upgrade","duration":1065.042208,"failureMessages":[],"meta":{},"tags":[]}],"startTime":1788826214644,"endTime":1788826216956.0422,"status":"passed","message":"","name":"/Users/lixiaomei/Desktop/code/codexSkills/packages/persistence/src/authorization-grant-scope-integrity.postgres.test.ts"},{"assertionResults":[{"ancestorTitles":["PostgresAuthorizationRepository.reserveExecution"],"fullName":"PostgresAuthorizationRepository.reserveExecution persists an authorization-bound reservation and replays it idempotently","status":"passed","title":"persists an authorization-bound reservation and replays it idempotently","duration":2.99454200000001,"failureMessages":[],"meta":{},"tags":[]},{"ancestorTitles":["PostgresAuthorizationRepository.reserveExecution"],"fullName":"PostgresAuthorizationRepository.reserveExecution fails closed when the subject revision is stale and never inserts","status":"passed","title":"fails closed when the subject revision is stale and never inserts","duration":0.3391670000000033,"failureMessages":[],"meta":{},"tags":[]},{"ancestorTitles":["PostgresAuthorizationRepository.reserveExecution"],"fullName":"PostgresAuthorizationRepository.reserveExecution fails closed when a persisted grant contains a union resource scope","status":"passed","title":"fails closed when a persisted grant contains a union resource scope","duration":8.505167,"failureMessages":[],"meta":{},"tags":[]},{"ancestorTitles":["PostgresAuthorizationRepository.reserveExecution"],"fullName":"PostgresAuthorizationRepository.reserveExecution rejects a cross-tenant workspace resource before inserting a reservation","status":"passed","title":"rejects a cross-tenant workspace resource before inserting a reservation","duration":0.2977080000000001,"failureMessages":[],"meta":{},"tags":[]},{"ancestorTitles":["PostgresAuthorizationRepository.reserveExecution"],"fullName":"PostgresAuthorizationRepository.reserveExecution rejects a cross-tenant brand resource before inserting a reservation","status":"passed","title":"rejects a cross-tenant brand resource before inserting a reservation","duration":0.20504199999999173,"failureMessages":[],"meta":{},"tags":[]},{"ancestorTitles":["PostgresAuthorizationRepository.reserveExecution"],"fullName":"PostgresAuthorizationRepository.reserveExecution rejects a cross-tenant account resource before inserting a reservation","status":"passed","title":"rejects a cross-tenant account resource before inserting a reservation","duration":0.20904199999999662,"failureMessages":[],"meta":{},"tags":[]},{"ancestorTitles":["PostgresAuthorizationRepository.reserveExecution"],"fullName":"PostgresAuthorizationRepository.reserveExecution rejects invalid reservation identity before opening a transaction","status":"passed","title":"rejects invalid reservation identity before opening a transaction","duration":0.40962500000000546,"failureMessages":[],"meta":{},"tags":[]},{"ancestorTitles":["PostgresAuthorizationRepository.reserveExecution"],"fullName":"PostgresAuthorizationRepository.reserveExecution rejects an invalid decision identity before opening a transaction","status":"passed","title":"rejects an invalid decision identity before opening a transaction","duration":0.2328329999999994,"failureMessages":[],"meta":{},"tags":[]},{"ancestorTitles":["PostgresAuthorizationRepository.reserveExecution"],"fullName":"PostgresAuthorizationRepository.reserveExecution rejects malformed read identities before opening a transaction","status":"passed","title":"rejects malformed read identities before opening a transaction","duration":0.6194169999999986,"failureMessages":[],"meta":{},"tags":[]}],"startTime":1788826267970,"endTime":1788826267984.6194,"status":"passed","message":"","name":"/Users/lixiaomei/Desktop/code/codexSkills/packages/persistence/src/authorization-repository.postgres.test.ts"},{"assertionResults":[{"ancestorTitles":["authorization execution reservation PostgreSQL release acceptance"],"fullName":"authorization execution reservation PostgreSQL release acceptance persists a grant-bound reservation, enforces event idempotency, and replays after revoke","status":"passed","title":"persists a grant-bound reservation, enforces event idempotency, and replays after revoke","duration":1108.974,"failureMessages":[],"meta":{},"tags":[]}],"startTime":1788826245014,"endTime":1788826246122.974,"status":"passed","message":"","name":"/Users/lixiaomei/Desktop/code/codexSkills/packages/persistence/src/authorization-repository.release.postgres.test.ts"},{"assertionResults":[{"ancestorTitles":["authorization RLS/ACL boundary PostgreSQL probe"],"fullName":"authorization RLS/ACL boundary PostgreSQL probe does not leak platform scope and protects both authorization event ledgers","status":"passed","title":"does not leak platform scope and protects both authorization event ledgers","duration":1033.660875,"failureMessages":[],"meta":{},"tags":[]}],"startTime":1788826228456,"endTime":1788826229489.661,"status":"passed","message":"","name":"/Users/lixiaomei/Desktop/code/codexSkills/packages/persistence/src/authorization-rls-boundary.postgres.test.ts"},{"assertionResults":[{"ancestorTitles":["authorization/RLS local PostgreSQL probe"],"fullName":"authorization/RLS local PostgreSQL probe proves current migration tail and non-superuser authorization boundaries","status":"passed","title":"proves current migration tail and non-superuser authorization boundaries","duration":1118.544625,"failureMessages":[],"meta":{},"tags":[]}],"startTime":1788826236519,"endTime":1788826237637.5447,"status":"passed","message":"","name":"/Users/lixiaomei/Desktop/code/codexSkills/packages/persistence/src/authorization-rls-probe.postgres.test.ts"},{"assertionResults":[{"ancestorTitles":["billing PostgreSQL bigint release acceptance"],"fullName":"billing PostgreSQL bigint release acceptance preserves numeric amounts and idempotency through real app-role payment and settlement queries","status":"passed","title":"preserves numeric amounts and idempotency through real app-role payment and settlement queries","duration":968.655917,"failureMessages":[],"meta":{},"tags":[]}],"startTime":1788826231835,"endTime":1788826232803.656,"status":"passed","message":"","name":"/Users/lixiaomei/Desktop/code/codexSkills/packages/persistence/src/billing-repository.postgres.test.ts"},{"assertionResults":[{"ancestorTitles":["PostgresBusinessRepository normalized projections"],"fullName":"PostgresBusinessRepository normalized projections projects task brand ids through real PostgreSQL for present, missing, and null brands","status":"passed","title":"projects task brand ids through real PostgreSQL for present, missing, and null brands","duration":976.773083,"failureMessages":[],"meta":{},"tags":[]}],"startTime":1788826247403,"endTime":1788826248379.7732,"status":"passed","message":"","name":"/Users/lixiaomei/Desktop/code/codexSkills/packages/persistence/src/business-repository.postgres.test.ts"},{"assertionResults":[{"ancestorTitles":["durable campaign lifecycle across repository instances"],"fullName":"durable campaign lifecycle across repository instances keeps CAS, idempotency and tenant scope after reconnect","status":"skipped","title":"keeps CAS, idempotency and tenant scope after reconnect","failureMessages":[],"meta":{},"tags":[]}],"startTime":1788826204717,"endTime":1788826204717,"status":"passed","message":"","name":"/Users/lixiaomei/Desktop/code/codexSkills/packages/persistence/src/campaign-lifecycle.postgres.test.ts"},{"assertionResults":[{"ancestorTitles":["canonical backfill run repository PostgreSQL scope and CAS"],"fullName":"canonical backfill run repository PostgreSQL scope and CAS keeps runs workspace-scoped and makes stale updates non-repeatable","status":"passed","title":"keeps runs workspace-scoped and makes stale updates non-repeatable","duration":1202.9371250000002,"failureMessages":[],"meta":{},"tags":[]}],"startTime":1788826255711,"endTime":1788826256913.937,"status":"passed","message":"","name":"/Users/lixiaomei/Desktop/code/codexSkills/packages/persistence/src/canonical-backfill-run-repository.postgres.test.ts"},{"assertionResults":[{"ancestorTitles":["canonical product backfill PostgreSQL replay contract"],"fullName":"canonical product backfill PostgreSQL replay contract keeps dry-runs side-effect free and replays bounded batches idempotently","status":"passed","title":"keeps dry-runs side-effect free and replays bounded batches idempotently","duration":997.8448329999999,"failureMessages":[],"meta":{},"tags":[]}],"startTime":1788826246266,"endTime":1788826247263.8447,"status":"passed","message":"","name":"/Users/lixiaomei/Desktop/code/codexSkills/packages/persistence/src/canonical-product-backfill.postgres.test.ts"},{"assertionResults":[{"ancestorTitles":["commercial contract PostgreSQL E2"],"fullName":"commercial contract PostgreSQL E2 commits and replays payment→period→entitlement→grant→revision→audit→outbox atomically","status":"passed","title":"commits and replays payment→period→entitlement→grant→revision→audit→outbox atomically","duration":1095.11075,"failureMessages":[],"meta":{},"tags":[]}],"startTime":1788826234153,"endTime":1788826235248.1108,"status":"passed","message":"","name":"/Users/lixiaomei/Desktop/code/codexSkills/packages/persistence/src/commercial-contract-repository.release.postgres.test.ts"},{"assertionResults":[{"ancestorTitles":["commercial point adjustment approval PostgreSQL E2"],"fullName":"commercial point adjustment approval PostgreSQL E2 enforces maker/approver separation, RLS, append-only facts, replay and revision fencing","status":"passed","title":"enforces maker/approver separation, RLS, append-only facts, replay and revision fencing","duration":980.650334,"failureMessages":[],"meta":{},"tags":[]}],"startTime":1788826237789,"endTime":1788826238769.6504,"status":"passed","message":"","name":"/Users/lixiaomei/Desktop/code/codexSkills/packages/persistence/src/commercial-point-adjustment-approval-repository.release.postgres.test.ts"},{"assertionResults":[{"ancestorTitles":["creative-point PostgreSQL E2 release gate"],"fullName":"creative-point PostgreSQL E2 release gate proves fresh/repeat/interrupted migration, FORCE RLS, tenant FKs, append-only facts, and 200-way reservation safety","status":"passed","title":"proves fresh/repeat/interrupted migration, FORCE RLS, tenant FKs, append-only facts, and 200-way reservation safety","duration":3366.854667,"failureMessages":[],"meta":{},"tags":[]}],"startTime":1788826211110,"endTime":1788826214476.8547,"status":"passed","message":"","name":"/Users/lixiaomei/Desktop/code/codexSkills/packages/persistence/src/creative-point-security-release.postgres.test.ts"},{"assertionResults":[{"ancestorTitles":["PostgresDataLifecycleRepository"],"fullName":"PostgresDataLifecycleRepository uses a workspace transaction and replays an existing request by intent","status":"passed","title":"uses a workspace transaction and replays an existing request by intent","duration":1.421875,"failureMessages":[],"meta":{},"tags":[]},{"ancestorTitles":["PostgresDataLifecycleRepository"],"fullName":"PostgresDataLifecycleRepository locks approvals and only completes an approved request after the grace period","status":"passed","title":"locks approvals and only completes an approved request after the grace period","duration":1.495291999999992,"failureMessages":[],"meta":{},"tags":[]},{"ancestorTitles":["PostgresDataLifecycleRepository"],"fullName":"PostgresDataLifecycleRepository rejects missing workspace scope before connecting to PostgreSQL","status":"passed","title":"rejects missing workspace scope before connecting to PostgreSQL","duration":0.8579170000000005,"failureMessages":[],"meta":{},"tags":[]}],"startTime":1788826268115,"endTime":1788826268118.858,"status":"passed","message":"","name":"/Users/lixiaomei/Desktop/code/codexSkills/packages/persistence/src/data-lifecycle-repository.postgres.test.ts"},{"assertionResults":[{"ancestorTitles":["persistence 001-067 release acceptance"],"fullName":"persistence 001-067 release acceptance migrates fresh and upgraded databases, enforces runtime ACL/CAS, and restores the schema","status":"failed","title":"migrates fresh and upgraded databases, enforces runtime ACL/CAS, and restores the schema","duration":1066.6800830000002,"failureMessages":["Error: Command failed: pg_dump --format=custom --schema-only --no-owner --file /var/folders/v9/ywmywthd7cs_dvd8ntphkr800000gn/T/persistence-release-TR7bl1/schema.dump postgres://merchant:fa7e3ec766d3de5d7ad1cc46581a1b2b57e5578ce8c606c5db99ac98b5ae5372@127.0.0.1:32827/release_fresh_c77c33e07b2844cc9a94838715a13cc1\npg_dump: error: aborting because of server version mismatch\npg_dump: detail: server version: 17.11; pg_dump version: 16.15 (Homebrew)\n\n    at genericNodeError (node:internal/errors:983:15)\n    at wrappedFn (node:internal/errors:537:14)\n    at ChildProcess.exithandler (node:child_process:417:12)\n    at ChildProcess.emit (node:events:519:28)\n    at maybeClose (node:internal/child_process:1101:16)\n    at Process.ChildProcess._handle.onexit (node:internal/child_process:304:5)"],"meta":{},"tags":[]}],"startTime":1788826209872,"endTime":1788826210938.6802,"status":"failed","message":"","name":"/Users/lixiaomei/Desktop/code/codexSkills/packages/persistence/src/migration-067-release.postgres.test.ts"},{"assertionResults":[{"ancestorTitles":["persistence migration 068 release acceptance"],"fullName":"persistence migration 068 release acceptance supports fresh install, 067 upgrade, least privilege, forced RLS, idempotency, and schema restore","status":"failed","title":"supports fresh install, 067 upgrade, least privilege, forced RLS, idempotency, and schema restore","duration":1039.0396250000001,"failureMessages":["Error: Command failed: pg_dump --format=custom --schema-only --no-owner --file /var/folders/v9/ywmywthd7cs_dvd8ntphkr800000gn/T/persistence-068-release-6XMvNU/schema.dump postgres://merchant:fa7e3ec766d3de5d7ad1cc46581a1b2b57e5578ce8c606c5db99ac98b5ae5372@127.0.0.1:32827/release_068_fresh_418fc0da82634d33ad4a407f2ce67c71\npg_dump: error: aborting because of server version mismatch\npg_dump: detail: server version: 17.11; pg_dump version: 16.15 (Homebrew)\n\n    at genericNodeError (node:internal/errors:983:15)\n    at wrappedFn (node:internal/errors:537:14)\n    at ChildProcess.exithandler (node:child_process:417:12)\n    at ChildProcess.emit (node:events:519:28)\n    at maybeClose (node:internal/child_process:1101:16)\n    at Process.ChildProcess._handle.onexit (node:internal/child_process:304:5)"],"meta":{},"tags":[]}],"startTime":1788826207438,"endTime":1788826208477.0396,"status":"failed","message":"","name":"/Users/lixiaomei/Desktop/code/codexSkills/packages/persistence/src/migration-068-release.postgres.test.ts"},{"assertionResults":[{"ancestorTitles":["persistence migration 069 release acceptance"],"fullName":"persistence migration 069 release acceptance supports fresh install, 068 upgrade, idempotency, RLS/ACL, restore, disconnect, and concurrent CAS","status":"failed","title":"supports fresh install, 068 upgrade, idempotency, RLS/ACL, restore, disconnect, and concurrent CAS","duration":1085.37375,"failureMessages":["Error: Command failed: pg_dump --format=custom --schema-only --no-owner --file /var/folders/v9/ywmywthd7cs_dvd8ntphkr800000gn/T/persistence-069-release-bINbYO/schema.dump postgres://merchant:fa7e3ec766d3de5d7ad1cc46581a1b2b57e5578ce8c606c5db99ac98b5ae5372@127.0.0.1:32827/release_069_fresh_2b601c58e2084028ac4bd6133ab8932a\npg_dump: error: aborting because of server version mismatch\npg_dump: detail: server version: 17.11; pg_dump version: 16.15 (Homebrew)\n\n    at genericNodeError (node:internal/errors:983:15)\n    at wrappedFn (node:internal/errors:537:14)\n    at ChildProcess.exithandler (node:child_process:417:12)\n    at ChildProcess.emit (node:events:519:28)\n    at maybeClose (node:internal/child_process:1101:16)\n    at Process.ChildProcess._handle.onexit (node:internal/child_process:304:5)"],"meta":{},"tags":[]}],"startTime":1788826208629,"endTime":1788826209714.3738,"status":"failed","message":"","name":"/Users/lixiaomei/Desktop/code/codexSkills/packages/persistence/src/migration-069-release.postgres.test.ts"},{"assertionResults":[{"ancestorTitles":["persistence migrations 070/072 release acceptance"],"fullName":"persistence migrations 070/072 release acceptance verifies fresh install, 069 upgrade, idempotency, malformed JSON, curated roles, and tenant-safe writes","status":"passed","title":"verifies fresh install, 069 upgrade, idempotency, malformed JSON, curated roles, and tenant-safe writes","duration":1200.713458,"failureMessages":[],"meta":{},"tags":[]}],"startTime":1788826241285,"endTime":1788826242485.7134,"status":"passed","message":"","name":"/Users/lixiaomei/Desktop/code/codexSkills/packages/persistence/src/migration-070-072-release.postgres.test.ts"},{"assertionResults":[{"ancestorTitles":["migration 073 PostgreSQL release acceptance"],"fullName":"migration 073 PostgreSQL release acceptance supports fresh/072 upgrade, empty state, idempotency, platform reads, tenant writes, and ACL","status":"passed","title":"supports fresh/072 upgrade, empty state, idempotency, platform reads, tenant writes, and ACL","duration":1015.954417,"failureMessages":[],"meta":{},"tags":[]}],"startTime":1788826223708,"endTime":1788826224723.9543,"status":"passed","message":"","name":"/Users/lixiaomei/Desktop/code/codexSkills/packages/persistence/src/migration-073-release.postgres.test.ts"},{"assertionResults":[{"ancestorTitles":["persistence migration 074 PostgreSQL release acceptance"],"fullName":"persistence migration 074 PostgreSQL release acceptance supports fresh/073 upgrade, metadata backfill, idempotency, RLS, and orphan-proof foreign keys","status":"passed","title":"supports fresh/073 upgrade, metadata backfill, idempotency, RLS, and orphan-proof foreign keys","duration":1035.815,"failureMessages":[],"meta":{},"tags":[]}],"startTime":1788826243833,"endTime":1788826244868.815,"status":"passed","message":"","name":"/Users/lixiaomei/Desktop/code/codexSkills/packages/persistence/src/migration-074-release.postgres.test.ts"},{"assertionResults":[{"ancestorTitles":["persistence migration 077 canonical scope acceptance"],"fullName":"persistence migration 077 canonical scope acceptance installs the triggers and rejects cross-scope task/publish writes","status":"passed","title":"installs the triggers and rejects cross-scope task/publish writes","duration":529.89025,"failureMessages":[],"meta":{},"tags":[]}],"startTime":1788826266485,"endTime":1788826267014.8901,"status":"passed","message":"","name":"/Users/lixiaomei/Desktop/code/codexSkills/packages/persistence/src/migration-077-release.postgres.test.ts"},{"assertionResults":[{"ancestorTitles":["persistence migration 078 late asset binding acceptance"],"fullName":"persistence migration 078 late asset binding acceptance applies fresh and from 077, repairs existing rows, and keeps the trigger workspace-scoped","status":"passed","title":"applies fresh and from 077, repairs existing rows, and keeps the trigger workspace-scoped","duration":1031.132834,"failureMessages":[],"meta":{},"tags":[]}],"startTime":1788826240100,"endTime":1788826241131.1328,"status":"passed","message":"","name":"/Users/lixiaomei/Desktop/code/codexSkills/packages/persistence/src/migration-078-release.postgres.test.ts"},{"assertionResults":[{"ancestorTitles":["persistence migration 079 knowledge hydration acceptance"],"fullName":"persistence migration 079 knowledge hydration acceptance applies 079 idempotently and verifies real merchant_app RLS and CAS","status":"passed","title":"applies 079 idempotently and verifies real merchant_app RLS and CAS","duration":571.406084,"failureMessages":[],"meta":{},"tags":[]}],"startTime":1788826264933,"endTime":1788826265504.406,"status":"passed","message":"","name":"/Users/lixiaomei/Desktop/code/codexSkills/packages/persistence/src/migration-079-release.postgres.test.ts"},{"assertionResults":[{"ancestorTitles":["persistence migration 081 reconciliation status acceptance"],"fullName":"persistence migration 081 reconciliation status acceptance uses merchant_app for workspace-scoped idempotent latest status reads and writes","status":"passed","title":"uses merchant_app for workspace-scoped idempotent latest status reads and writes","duration":683.93025,"failureMessages":[],"meta":{},"tags":[]}],"startTime":1788826265657,"endTime":1788826266340.9302,"status":"passed","message":"","name":"/Users/lixiaomei/Desktop/code/codexSkills/packages/persistence/src/migration-081-release.postgres.test.ts"},{"assertionResults":[{"ancestorTitles":["migration 105 PostgreSQL release acceptance"],"fullName":"migration 105 PostgreSQL release acceptance enforces dual-boundary RLS/ACL, atomic use budgets, append-only events, and immediate revoke","status":"passed","title":"enforces dual-boundary RLS/ACL, atomic use budgets, append-only events, and immediate revoke","duration":1132.288791,"failureMessages":[],"meta":{},"tags":[]}],"startTime":1788826250871,"endTime":1788826252003.2888,"status":"passed","message":"","name":"/Users/lixiaomei/Desktop/code/codexSkills/packages/persistence/src/migration-105-release.postgres.test.ts"},{"assertionResults":[{"ancestorTitles":["canonical legacy brand integrity PostgreSQL boundary"],"fullName":"canonical legacy brand integrity PostgreSQL boundary keeps canonical and legacy brands aligned on insert and legacy updates","status":"passed","title":"keeps canonical and legacy brands aligned on insert and legacy updates","duration":990.402333,"failureMessages":[],"meta":{},"tags":[]}],"startTime":1788826235390,"endTime":1788826236380.4023,"status":"passed","message":"","name":"/Users/lixiaomei/Desktop/code/codexSkills/packages/persistence/src/migration-106-release.postgres.test.ts"},{"assertionResults":[{"ancestorTitles":["migration 109 PostgreSQL asset scan redrive acceptance"],"fullName":"migration 109 PostgreSQL asset scan redrive acceptance atomically redrives terminal-marker once, preserves old evidence, audits, isolates tenants, and rejects mutation","status":"passed","title":"atomically redrives terminal-marker once, preserves old evidence, audits, isolates tenants, and rejects mutation","duration":1045.4025,"failureMessages":[],"meta":{},"tags":[]},{"ancestorTitles":["migration 109 PostgreSQL asset scan redrive acceptance"],"fullName":"migration 109 PostgreSQL asset scan redrive acceptance atomically redrives legacy-published once, preserves old evidence, audits, isolates tenants, and rejects mutation","status":"passed","title":"atomically redrives legacy-published once, preserves old evidence, audits, isolates tenants, and rejects mutation","duration":1196.959083,"failureMessages":[],"meta":{},"tags":[]}],"startTime":1788826219546,"endTime":1788826221787.959,"status":"passed","message":"","name":"/Users/lixiaomei/Desktop/code/codexSkills/packages/persistence/src/migration-109-release.postgres.test.ts"},{"assertionResults":[{"ancestorTitles":["migration 118 PostgreSQL model usage budget run linkage"],"fullName":"migration 118 PostgreSQL model usage budget run linkage blocks mismatched historical linkage without rewriting accounting data or recording the migration","status":"passed","title":"blocks mismatched historical linkage without rewriting accounting data or recording the migration","duration":706.388708,"failureMessages":[],"meta":{},"tags":[]},{"ancestorTitles":["migration 118 PostgreSQL model usage budget run linkage"],"fullName":"migration 118 PostgreSQL model usage budget run linkage accepts exact tuples and enforces the deferred triple across tenants on the complete chain","status":"passed","title":"accepts exact tuples and enforces the deferred triple across tenants on the complete chain","duration":935.8528749999999,"failureMessages":[],"meta":{},"tags":[]}],"startTime":1788826221927,"endTime":1788826223569.8528,"status":"passed","message":"","name":"/Users/lixiaomei/Desktop/code/codexSkills/packages/persistence/src/migration-118-release.postgres.test.ts"},{"assertionResults":[{"ancestorTitles":["migrations 119 and 120 PostgreSQL release acceptance"],"fullName":"migrations 119 and 120 PostgreSQL release acceptance applies the complete chain, preserves the dispatch fence, and installs durable reservation controls","status":"passed","title":"applies the complete chain, preserves the dispatch fence, and installs durable reservation controls","duration":985.398334,"failureMessages":[],"meta":{},"tags":[]}],"startTime":1788826262586,"endTime":1788826263571.3984,"status":"passed","message":"","name":"/Users/lixiaomei/Desktop/code/codexSkills/packages/persistence/src/migration-119-120-release.postgres.test.ts"},{"assertionResults":[{"ancestorTitles":["migration 127 platform role shadow boundary PostgreSQL release acceptance"],"fullName":"migration 127 platform role shadow boundary PostgreSQL release acceptance stops on historical platform membership drift and resumes only after audited repair","status":"passed","title":"stops on historical platform membership drift and resumes only after audited repair","duration":958.9044170000001,"failureMessages":[],"meta":{},"tags":[]}],"startTime":1788826260382,"endTime":1788826261340.9043,"status":"passed","message":"","name":"/Users/lixiaomei/Desktop/code/codexSkills/packages/persistence/src/migration-127-release.postgres.test.ts"},{"assertionResults":[{"ancestorTitles":["persistence migration 128 listing identity uniqueness"],"fullName":"persistence migration 128 listing identity uniqueness enforces the canonical listing five-tuple across repository instances","status":"passed","title":"enforces the canonical listing five-tuple across repository instances","duration":954.493209,"failureMessages":[],"meta":{},"tags":[]}],"startTime":1788826258184,"endTime":1788826259138.4932,"status":"passed","message":"","name":"/Users/lixiaomei/Desktop/code/codexSkills/packages/persistence/src/migration-128-release.postgres.test.ts"},{"assertionResults":[{"ancestorTitles":["persistence migration 129 campaign item listing scope"],"fullName":"persistence migration 129 campaign item listing scope rejects missing or cross-scope listings while preserving legacy-only rows","status":"passed","title":"rejects missing or cross-scope listings while preserving legacy-only rows","duration":969.768333,"failureMessages":[],"meta":{},"tags":[]}],"startTime":1788826227351,"endTime":1788826228320.7683,"status":"passed","message":"","name":"/Users/lixiaomei/Desktop/code/codexSkills/packages/persistence/src/migration-129-release.postgres.test.ts"},{"assertionResults":[{"ancestorTitles":["persistence migration 130 canonical legacy identity uniqueness"],"fullName":"persistence migration 130 canonical legacy identity uniqueness rejects a second canonical mapping in one workspace but permits the same legacy id in another workspace","status":"passed","title":"rejects a second canonical mapping in one workspace but permits the same legacy id in another workspace","duration":1035.7510419999999,"failureMessages":[],"meta":{},"tags":[]}],"startTime":1788826248532,"endTime":1788826249567.751,"status":"passed","message":"","name":"/Users/lixiaomei/Desktop/code/codexSkills/packages/persistence/src/migration-130-release.postgres.test.ts"},{"assertionResults":[{"ancestorTitles":["persistence migration 131 task campaign item scope"],"fullName":"persistence migration 131 task campaign item scope rejects a task whose campaign item scope differs from its canonical execution scope","status":"passed","title":"rejects a task whose campaign item scope differs from its canonical execution scope","duration":1078.048,"failureMessages":[],"meta":{},"tags":[]}],"startTime":1788826226121,"endTime":1788826227199.048,"status":"passed","message":"","name":"/Users/lixiaomei/Desktop/code/codexSkills/packages/persistence/src/migration-131-release.postgres.test.ts"},{"assertionResults":[{"ancestorTitles":["migration 136 workspace audit truncate guard"],"fullName":"migration 136 workspace audit truncate guard registers an owner-safe append-only truncate guard","status":"passed","title":"registers an owner-safe append-only truncate guard","duration":18.389833999999993,"failureMessages":[],"meta":{},"tags":[]},{"ancestorTitles":["migration 136 workspace audit truncate guard"],"fullName":"migration 136 workspace audit truncate guard rejects owner-level truncate after the complete migration chain","status":"passed","title":"rejects owner-level truncate after the complete migration chain","duration":1046.279167,"failureMessages":[],"meta":{},"tags":[]}],"startTime":1788826263716,"endTime":1788826264781.279,"status":"passed","message":"","name":"/Users/lixiaomei/Desktop/code/codexSkills/packages/persistence/src/migration-136-workspace-audit.postgres.test.ts"},{"assertionResults":[{"ancestorTitles":["persistence migration 137 task canonical listing identity"],"fullName":"persistence migration 137 task canonical listing identity rejects partial or cross-identity canonical tasks while preserving legacy-only tasks","status":"passed","title":"rejects partial or cross-identity canonical tasks while preserving legacy-only tasks","duration":968.571833,"failureMessages":[],"meta":{},"tags":[]}],"startTime":1788826261478,"endTime":1788826262446.5718,"status":"passed","message":"","name":"/Users/lixiaomei/Desktop/code/codexSkills/packages/persistence/src/migration-137-release.postgres.test.ts"},{"assertionResults":[{"ancestorTitles":["migration 146 commercial catalog PostgreSQL release evidence"],"fullName":"migration 146 commercial catalog PostgreSQL release evidence applies seeds fail-closed source facts and enforces database-owner immutability","status":"passed","title":"applies seeds fail-closed source facts and enforces database-owner immutability","duration":62.88550000000001,"failureMessages":[],"meta":{},"tags":[]}],"startTime":1788826267579,"endTime":1788826267641.8855,"status":"passed","message":"","name":"/Users/lixiaomei/Desktop/code/codexSkills/packages/persistence/src/migration-146-release.postgres.test.ts"},{"assertionResults":[{"ancestorTitles":["creative-point PostgreSQL upgrade release evidence"],"fullName":"creative-point PostgreSQL upgrade release evidence forward-fills rate evidence and repairs the legacy allocation column without losing facts","status":"passed","title":"forward-fills rate evidence and repairs the legacy allocation column without losing facts","duration":84.609125,"failureMessages":[],"meta":{},"tags":[]}],"startTime":1788826267362,"endTime":1788826267446.6091,"status":"passed","message":"","name":"/Users/lixiaomei/Desktop/code/codexSkills/packages/persistence/src/migration-148-release.postgres.test.ts"},{"assertionResults":[{"ancestorTitles":["migration name/checksum release verifier"],"fullName":"migration name/checksum release verifier upgrades a legacy schema_migrations table and blocks checksum tampering","status":"passed","title":"upgrades a legacy schema_migrations table and blocks checksum tampering","duration":57.45408299999998,"failureMessages":[],"meta":{},"tags":[]}],"startTime":1788826267777,"endTime":1788826267834.454,"status":"passed","message":"","name":"/Users/lixiaomei/Desktop/code/codexSkills/packages/persistence/src/migration-integrity-release.postgres.test.ts"},{"assertionResults":[{"ancestorTitles":["PostgreSQL daily model-cost budget"],"fullName":"PostgreSQL daily model-cost budget serializes competing reservations across independent connections","status":"skipped","title":"serializes competing reservations across independent connections","failureMessages":[],"meta":{},"tags":[]},{"ancestorTitles":["PostgreSQL daily model-cost budget"],"fullName":"PostgreSQL daily model-cost budget serializes a shared run cap and persists explicit usage linkage","status":"skipped","title":"serializes a shared run cap and persists explicit usage linkage","failureMessages":[],"meta":{},"tags":[]},{"ancestorTitles":["PostgreSQL daily model-cost budget"],"fullName":"PostgreSQL daily model-cost budget atomically records exact receipts, rejects drift, and accumulates multiple receipts","status":"skipped","title":"atomically records exact receipts, rejects drift, and accumulates multiple receipts","failureMessages":[],"meta":{},"tags":[]},{"ancestorTitles":["PostgreSQL daily model-cost budget"],"fullName":"PostgreSQL daily model-cost budget keeps actual overrun durable and refuses release after a linked receipt","status":"skipped","title":"keeps actual overrun durable and refuses release after a linked receipt","failureMessages":[],"meta":{},"tags":[]},{"ancestorTitles":["PostgreSQL daily model-cost budget"],"fullName":"PostgreSQL daily model-cost budget enforces a shared run across UTC days when daily and run limits are equal","status":"skipped","title":"enforces a shared run across UTC days when daily and run limits are equal","failureMessages":[],"meta":{},"tags":[]}],"startTime":1788826204717,"endTime":1788826204717,"status":"passed","message":"","name":"/Users/lixiaomei/Desktop/code/codexSkills/packages/persistence/src/model-daily-budget.postgres.test.ts"},{"assertionResults":[{"ancestorTitles":["PostgresObjectOrphanRepository"],"fullName":"PostgresObjectOrphanRepository qualifies the target projection when claiming through an UPDATE FROM CTE","status":"passed","title":"qualifies the target projection when claiming through an UPDATE FROM CTE","duration":3.961833000000013,"failureMessages":[],"meta":{},"tags":[]},{"ancestorTitles":["PostgresObjectOrphanRepository"],"fullName":"PostgresObjectOrphanRepository resets next_attempt_at when a duplicate orphan is re-enqueued","status":"passed","title":"resets next_attempt_at when a duplicate orphan is re-enqueued","duration":0.6633339999999919,"failureMessages":[],"meta":{},"tags":[]},{"ancestorTitles":["PostgresObjectOrphanRepository"],"fullName":"PostgresObjectOrphanRepository serializes claims, fences expired workers, and preserves workspace isolation","status":"failed","title":"serializes claims, fences expired workers, and preserves workspace isolation","duration":2300.11,"failureMessages":["Error: expected a delayed lease token\n    at /Users/lixiaomei/Desktop/code/codexSkills/packages/persistence/src/object-orphan-repository.postgres.test.ts:95:32\n    at processTicksAndRejections (node:internal/process/task_queues:103:5)\n    at file:///Users/lixiaomei/Desktop/code/codexSkills/node_modules/@vitest/runner/dist/chunk-artifact.js:1903:20"],"meta":{},"tags":[]}],"startTime":1788826204990,"endTime":1788826207294.11,"status":"failed","message":"","name":"/Users/lixiaomei/Desktop/code/codexSkills/packages/persistence/src/object-orphan-repository.postgres.test.ts"},{"assertionResults":[{"ancestorTitles":["merchant_ops workspace summary RLS boundary"],"fullName":"merchant_ops workspace summary RLS boundary exposes only the approved aggregate view and rejects customer detail tables","status":"passed","title":"exposes only the approved aggregate view and rejects customer detail tables","duration":972.6748749999999,"failureMessages":[],"meta":{},"tags":[]}],"startTime":1788826230718,"endTime":1788826231690.6748,"status":"passed","message":"","name":"/Users/lixiaomei/Desktop/code/codexSkills/packages/persistence/src/ops-workspace-summary-rls.postgres.test.ts"},{"assertionResults":[{"ancestorTitles":["platform authorization audit PostgreSQL boundary"],"fullName":"platform authorization audit PostgreSQL boundary keeps the platform audit sink append-only and isolated to merchant_ops","status":"passed","title":"keeps the platform audit sink append-only and isolated to merchant_ops","duration":1035.4963750000002,"failureMessages":[],"meta":{},"tags":[]}],"startTime":1788826232952,"endTime":1788826233987.4963,"status":"passed","message":"","name":"/Users/lixiaomei/Desktop/code/codexSkills/packages/persistence/src/platform-authorization-audit.postgres.test.ts"},{"assertionResults":[{"ancestorTitles":["product tenant RLS PostgreSQL probe"],"fullName":"product tenant RLS PostgreSQL probe keeps customer rows isolated and rejects platform-scope spoofing","status":"passed","title":"keeps customer rows isolated and rejects platform-scope spoofing","duration":953.753208,"failureMessages":[],"meta":{},"tags":[]}],"startTime":1788826229626,"endTime":1788826230579.7532,"status":"passed","message":"","name":"/Users/lixiaomei/Desktop/code/codexSkills/packages/persistence/src/product-rls-tenant-boundary.postgres.test.ts"},{"assertionResults":[{"ancestorTitles":["resource ID scope PostgreSQL probe"],"fullName":"resource ID scope PostgreSQL probe keeps an allowed app read bounded to the exact workspace and platform account","status":"passed","title":"keeps an allowed app read bounded to the exact workspace and platform account","duration":1008.041125,"failureMessages":[],"meta":{},"tags":[]}],"startTime":1788826249714,"endTime":1788826250722.041,"status":"passed","message":"","name":"/Users/lixiaomei/Desktop/code/codexSkills/packages/persistence/src/resource-id-scope.postgres.test.ts"},{"assertionResults":[{"ancestorTitles":["service fulfillment PostgreSQL release evidence"],"fullName":"service fulfillment PostgreSQL release evidence enforces tenant scope, idempotency, revision, quota, correction audit and unresolved 6x500 schedule","status":"passed","title":"enforces tenant scope, idempotency, revision, quota, correction audit and unresolved 6x500 schedule","duration":1040.686958,"failureMessages":[],"meta":{},"tags":[]}],"startTime":1788826238923,"endTime":1788826239963.687,"status":"passed","message":"","name":"/Users/lixiaomei/Desktop/code/codexSkills/packages/persistence/src/service-fulfillment-repository.release.postgres.test.ts"},{"assertionResults":[{"ancestorTitles":["PostgresStorageQuotaRepository"],"fullName":"PostgresStorageQuotaRepository serializes workspace reservations and keeps settle replay idempotent","status":"passed","title":"serializes workspace reservations and keeps settle replay idempotent","duration":69.91112500000001,"failureMessages":[],"meta":{},"tags":[]}],"startTime":1788826267159,"endTime":1788826267228.9111,"status":"passed","message":"","name":"/Users/lixiaomei/Desktop/code/codexSkills/packages/persistence/src/storage-quota-repository.postgres.test.ts"},{"assertionResults":[{"ancestorTitles":["workspace data export PostgreSQL E2"],"fullName":"workspace data export PostgreSQL E2 enforces tenant scope, request idempotency, and external delivery evidence","status":"passed","title":"enforces tenant scope, request idempotency, and external delivery evidence","duration":980.521875,"failureMessages":[],"meta":{},"tags":[]}],"startTime":1788826257063,"endTime":1788826258043.522,"status":"passed","message":"","name":"/Users/lixiaomei/Desktop/code/codexSkills/packages/persistence/src/workspace-data-export-repository.release.postgres.test.ts"}]}