{"numTotalTestSuites":2,"numPassedTestSuites":2,"numFailedTestSuites":0,"numPendingTestSuites":0,"numTotalTests":1,"numPassedTests":1,"numFailedTests":0,"numPendingTests":0,"numTodoTests":0,"snapshot":{"added":0,"failure":false,"filesAdded":0,"filesRemoved":0,"filesRemovedList":[],"filesUnmatched":0,"filesUpdated":0,"matched":0,"total":0,"unchecked":0,"uncheckedKeysByFile":[],"unmatched":0,"updated":0,"didUpdate":false},"startTime":1789266021609,"success":true,"testResults":[{"assertionResults":[{"ancestorTitles":["password registration and enterprise projection PostgreSQL acceptance"],"fullName":"password registration and enterprise projection PostgreSQL acceptance keeps the enterprise projection least-privileged and completes registration review","status":"passed","title":"keeps the enterprise projection least-privileged and completes registration review","duration":1686.787084,"failureMessages":[],"meta":{},"tags":[]}],"startTime":1789266021861,"endTime":1789266023547.787,"status":"passed","message":"","name":"/Users/lixiaomei/Desktop/code/codexSkills/packages/persistence/src/password-auth-repository.release.postgres.test.ts"}]}