{"numTotalTestSuites":28,"numPassedTestSuites":28,"numFailedTestSuites":0,"numPendingTestSuites":0,"numTotalTests":15,"numPassedTests":15,"numFailedTests":0,"numPendingTests":0,"numTodoTests":0,"snapshot":{"added":0,"failure":false,"filesAdded":0,"filesRemoved":0,"filesRemovedList":[],"filesUnmatched":0,"filesUpdated":0,"matched":0,"total":0,"unchecked":0,"uncheckedKeysByFile":[],"unmatched":0,"updated":0,"didUpdate":false},"startTime":1789097779169,"success":true,"testResults":[{"assertionResults":[{"ancestorTitles":["brand profile association PostgreSQL release evidence"],"fullName":"brand profile association PostgreSQL release evidence persists brand/store/campaign relations and keeps them tenant isolated","status":"passed","title":"persists brand/store/campaign relations and keeps them tenant isolated","duration":1128.779666,"failureMessages":[],"meta":{},"tags":[]}],"startTime":1789097789849,"endTime":1789097790977.7798,"status":"passed","message":"","name":"/Users/lixiaomei/Desktop/code/codexSkills/packages/persistence/src/brand-profile-association.release.postgres.test.ts"},{"assertionResults":[{"ancestorTitles":["canonical backfill run repository PostgreSQL scope and CAS"],"fullName":"canonical backfill run repository PostgreSQL scope and CAS keeps runs workspace-scoped and makes stale updates non-repeatable","status":"passed","title":"keeps runs workspace-scoped and makes stale updates non-repeatable","duration":1088.2837499999998,"failureMessages":[],"meta":{},"tags":[]}],"startTime":1789097787358,"endTime":1789097788446.2837,"status":"passed","message":"","name":"/Users/lixiaomei/Desktop/code/codexSkills/packages/persistence/src/canonical-backfill-run-repository.postgres.test.ts"},{"assertionResults":[{"ancestorTitles":["canonical product backfill PostgreSQL replay contract"],"fullName":"canonical product backfill PostgreSQL replay contract keeps dry-runs side-effect free and replays bounded batches idempotently","status":"passed","title":"keeps dry-runs side-effect free and replays bounded batches idempotently","duration":1121.558666,"failureMessages":[],"meta":{},"tags":[]}],"startTime":1789097779383,"endTime":1789097780504.5586,"status":"passed","message":"","name":"/Users/lixiaomei/Desktop/code/codexSkills/packages/persistence/src/canonical-product-backfill.postgres.test.ts"},{"assertionResults":[{"ancestorTitles":["commercial point adjustment approval PostgreSQL E2"],"fullName":"commercial point adjustment approval PostgreSQL E2 enforces maker/approver separation, RLS, append-only facts, replay and revision fencing","status":"passed","title":"enforces maker/approver separation, RLS, append-only facts, replay and revision fencing","duration":1145.294708,"failureMessages":[],"meta":{},"tags":[]}],"startTime":1789097781974,"endTime":1789097783119.2947,"status":"passed","message":"","name":"/Users/lixiaomei/Desktop/code/codexSkills/packages/persistence/src/commercial-point-adjustment-approval-repository.release.postgres.test.ts"},{"assertionResults":[{"ancestorTitles":["064 workspace identity bootstrap"],"fullName":"064 workspace identity bootstrap defines an identity-scoped unique binding and a non-destructive backfill","status":"passed","title":"defines an identity-scoped unique binding and a non-destructive backfill","duration":13.535790999999989,"failureMessages":[],"meta":{},"tags":[]},{"ancestorTitles":["064 workspace identity bootstrap"],"fullName":"064 workspace identity bootstrap reuses one active owner workspace across repository instances and isolates issuers","status":"passed","title":"reuses one active owner workspace across repository instances and isolates issuers","duration":1184.640042,"failureMessages":[],"meta":{},"tags":[]}],"startTime":1789097786012,"endTime":1789097787210.6401,"status":"passed","message":"","name":"/Users/lixiaomei/Desktop/code/codexSkills/packages/persistence/src/migration-064-release.postgres.test.ts"},{"assertionResults":[{"ancestorTitles":["canonical legacy brand integrity PostgreSQL boundary"],"fullName":"canonical legacy brand integrity PostgreSQL boundary keeps canonical and legacy brands aligned on insert and legacy updates","status":"passed","title":"keeps canonical and legacy brands aligned on insert and legacy updates","duration":1054.903625,"failureMessages":[],"meta":{},"tags":[]}],"startTime":1789097791115,"endTime":1789097792169.9036,"status":"passed","message":"","name":"/Users/lixiaomei/Desktop/code/codexSkills/packages/persistence/src/migration-106-release.postgres.test.ts"},{"assertionResults":[{"ancestorTitles":["migration 127 platform role shadow boundary PostgreSQL release acceptance"],"fullName":"migration 127 platform role shadow boundary PostgreSQL release acceptance stops on historical platform membership drift and resumes only after audited repair","status":"passed","title":"stops on historical platform membership drift and resumes only after audited repair","duration":1137.751291,"failureMessages":[],"meta":{},"tags":[]}],"startTime":1789097784732,"endTime":1789097785869.7512,"status":"passed","message":"","name":"/Users/lixiaomei/Desktop/code/codexSkills/packages/persistence/src/migration-127-release.postgres.test.ts"},{"assertionResults":[{"ancestorTitles":["migration 146 commercial catalog PostgreSQL release evidence"],"fullName":"migration 146 commercial catalog PostgreSQL release evidence applies seeds fail-closed source facts and enforces database-owner immutability","status":"passed","title":"applies seeds fail-closed source facts and enforces database-owner immutability","duration":62.85370900000001,"failureMessages":[],"meta":{},"tags":[]}],"startTime":1789097794025,"endTime":1789097794087.8538,"status":"passed","message":"","name":"/Users/lixiaomei/Desktop/code/codexSkills/packages/persistence/src/migration-146-release.postgres.test.ts"},{"assertionResults":[{"ancestorTitles":["creative-point PostgreSQL upgrade release evidence"],"fullName":"creative-point PostgreSQL upgrade release evidence forward-fills rate evidence and repairs the legacy allocation column without losing facts","status":"passed","title":"forward-fills rate evidence and repairs the legacy allocation column without losing facts","duration":86.85758299999999,"failureMessages":[],"meta":{},"tags":[]}],"startTime":1789097793807,"endTime":1789097793893.8577,"status":"passed","message":"","name":"/Users/lixiaomei/Desktop/code/codexSkills/packages/persistence/src/migration-148-release.postgres.test.ts"},{"assertionResults":[{"ancestorTitles":["migration 164 onboarding grant schedule PostgreSQL release evidence"],"fullName":"migration 164 onboarding grant schedule PostgreSQL release evidence keeps unresolved schedules blocked and constrains activated schedules to the frozen policy","status":"passed","title":"keeps unresolved schedules blocked and constrains activated schedules to the frozen policy","duration":63.45658400000001,"failureMessages":[],"meta":{},"tags":[]}],"startTime":1789097793608,"endTime":1789097793671.4565,"status":"passed","message":"","name":"/Users/lixiaomei/Desktop/code/codexSkills/packages/persistence/src/migration-164-release.postgres.test.ts"},{"assertionResults":[{"ancestorTitles":["migration 166 executable commercial catalog PostgreSQL release evidence"],"fullName":"migration 166 executable commercial catalog PostgreSQL release evidence publishes only resolved v2 offers and fixed point rates after the complete chain","status":"passed","title":"publishes only resolved v2 offers and fixed point rates after the complete chain","duration":1104.771292,"failureMessages":[],"meta":{},"tags":[]}],"startTime":1789097788579,"endTime":1789097789683.7712,"status":"passed","message":"","name":"/Users/lixiaomei/Desktop/code/codexSkills/packages/persistence/src/migration-166-release.postgres.test.ts"},{"assertionResults":[{"ancestorTitles":["private trial invite PostgreSQL release evidence"],"fullName":"private trial invite PostgreSQL release evidence keeps raw codes one-time, customer-bound, single-use, tenant-scoped and append-only","status":"passed","title":"keeps raw codes one-time, customer-bound, single-use, tenant-scoped and append-only","duration":1149.0890829999998,"failureMessages":[],"meta":{},"tags":[]}],"startTime":1789097780656,"endTime":1789097781805.089,"status":"passed","message":"","name":"/Users/lixiaomei/Desktop/code/codexSkills/packages/persistence/src/private-trial-invites.release.postgres.test.ts"},{"assertionResults":[{"ancestorTitles":["private trial payment PostgreSQL release evidence"],"fullName":"private trial payment PostgreSQL release evidence commits invite→approval→v3 order→199900 payment→entitlement→500 grant atomically and replays without duplication","status":"passed","title":"commits invite→approval→v3 order→199900 payment→entitlement→500 grant atomically and replays without duplication","duration":1290.6575,"failureMessages":[],"meta":{},"tags":[]}],"startTime":1789097783300,"endTime":1789097784590.6575,"status":"passed","message":"","name":"/Users/lixiaomei/Desktop/code/codexSkills/packages/persistence/src/private-trial-payment.release.postgres.test.ts"},{"assertionResults":[{"ancestorTitles":["service fulfillment PostgreSQL release evidence"],"fullName":"service fulfillment PostgreSQL release evidence enforces tenant scope, idempotency, revision, quota, correction audit and unresolved 6x500 schedule","status":"passed","title":"enforces tenant scope, idempotency, revision, quota, correction audit and unresolved 6x500 schedule","duration":1150.510208,"failureMessages":[],"meta":{},"tags":[]}],"startTime":1789097792326,"endTime":1789097793476.5103,"status":"passed","message":"","name":"/Users/lixiaomei/Desktop/code/codexSkills/packages/persistence/src/service-fulfillment-repository.release.postgres.test.ts"}]}