{"numTotalTestSuites":110,"numPassedTestSuites":102,"numFailedTestSuites":8,"numPendingTestSuites":0,"numTotalTests":77,"numPassedTests":67,"numFailedTests":4,"numPendingTests":6,"numTodoTests":0,"snapshot":{"added":0,"failure":false,"filesAdded":0,"filesRemoved":0,"filesRemovedList":[],"filesUnmatched":0,"filesUpdated":0,"matched":0,"total":0,"unchecked":0,"uncheckedKeysByFile":[],"unmatched":0,"updated":0,"didUpdate":false},"startTime":1788826398931,"success":false,"testResults":[{"assertionResults":[{"ancestorTitles":["commercial zero-side-effect PostgreSQL E2 matrix"],"fullName":"commercial zero-side-effect PostgreSQL E2 matrix keeps durable facts and all external ports unchanged for the registry-derived zero/unknown/insufficient matrix","status":"passed","title":"keeps durable facts and all external ports unchanged for the registry-derived zero/unknown/insufficient matrix","duration":2179.4738340000004,"failureMessages":[],"meta":{},"tags":[]}],"startTime":1788826411442,"endTime":1788826413621.4739,"status":"passed","message":"","name":"/Users/lixiaomei/Desktop/code/codexSkills/tests/commercial-zero-side-effect-release.postgres.test.ts"},{"assertionResults":[{"ancestorTitles":["PostgreSQL durable outbox retry recovery"],"fullName":"PostgreSQL durable outbox retry recovery restores an ordinary retry into a fresh dispatcher after backoff, then acknowledges it once","status":"passed","title":"restores an ordinary retry into a fresh dispatcher after backoff, then acknowledges it once","duration":52.60591700000009,"failureMessages":[],"meta":{},"tags":[]},{"ancestorTitles":["PostgreSQL durable outbox retry recovery"],"fullName":"PostgreSQL durable outbox retry recovery keeps terminal, unknown, unsafe error evidence, future retries and active leases out of claims","status":"passed","title":"keeps terminal, unknown, unsafe error evidence, future retries and active leases out of claims","duration":64.81770800000004,"failureMessages":[],"meta":{},"tags":[]},{"ancestorTitles":["PostgreSQL durable outbox retry recovery"],"fullName":"PostgreSQL durable outbox retry recovery serializes competing retry claims and retains workspace and worker routing boundaries","status":"passed","title":"serializes competing retry claims and retains workspace and worker routing boundaries","duration":27.107167000000118,"failureMessages":[],"meta":{},"tags":[]}],"startTime":1788826418906,"endTime":1788826419050.1072,"status":"passed","message":"","name":"/Users/lixiaomei/Desktop/code/codexSkills/tests/outbox-retry.postgres.test.ts"},{"assertionResults":[{"ancestorTitles":["creative point relay settlement PostgreSQL E2"],"fullName":"creative point relay settlement PostgreSQL E2 persists a verified receipt and settles while keeping unknown outcomes active","status":"passed","title":"persists a verified receipt and settles while keeping unknown outcomes active","duration":1067.148917,"failureMessages":[],"meta":{},"tags":[]}],"startTime":1788826444153,"endTime":1788826445220.149,"status":"passed","message":"","name":"/Users/lixiaomei/Desktop/code/codexSkills/apps/worker/src/creative-point-relay-settlement.postgres.test.ts"},{"assertionResults":[{"ancestorTitles":["application PostgreSQL RLS allow/scope mismatch probe"],"fullName":"application PostgreSQL RLS allow/scope mismatch probe keeps an allowed tenant read bounded when the requested scope is foreign","status":"passed","title":"keeps an allowed tenant read bounded when the requested scope is foreign","duration":1011.804334,"failureMessages":[],"meta":{},"tags":[]}],"startTime":1788826428476,"endTime":1788826429487.8044,"status":"passed","message":"","name":"/Users/lixiaomei/Desktop/code/codexSkills/packages/persistence/src/application-rls-allow-scope-mismatch.postgres.test.ts"},{"assertionResults":[{"ancestorTitles":["authorization decision audit PostgreSQL reconstruction boundary"],"fullName":"authorization decision audit PostgreSQL reconstruction boundary reconstructs only the active workspace and rejects cross-scope or mutable audit access","status":"passed","title":"reconstructs only the active workspace and rejects cross-scope or mutable audit access","duration":983.750292,"failureMessages":[],"meta":{},"tags":[]}],"startTime":1788826437210,"endTime":1788826438193.7502,"status":"passed","message":"","name":"/Users/lixiaomei/Desktop/code/codexSkills/packages/persistence/src/authorization-audit-rls.postgres.test.ts"},{"assertionResults":[{"ancestorTitles":["authorization event scope integrity PostgreSQL probe"],"fullName":"authorization event scope integrity PostgreSQL probe rejects forged subject/workspace context at the database boundary","status":"passed","title":"rejects forged subject/workspace context at the database boundary","duration":978.8163330000001,"failureMessages":[],"meta":{},"tags":[]}],"startTime":1788826420292,"endTime":1788826421270.8164,"status":"passed","message":"","name":"/Users/lixiaomei/Desktop/code/codexSkills/packages/persistence/src/authorization-event-scope-integrity.postgres.test.ts"},{"assertionResults":[{"ancestorTitles":["authorization execution reservation RLS/ACL PostgreSQL probe"],"fullName":"authorization execution reservation RLS/ACL PostgreSQL probe fails closed for app writes, requires platform scope, and keeps reservations append-only","status":"passed","title":"fails closed for app writes, requires platform scope, and keeps reservations append-only","duration":967.490709,"failureMessages":[],"meta":{},"tags":[]}],"startTime":1788826447798,"endTime":1788826448765.4907,"status":"passed","message":"","name":"/Users/lixiaomei/Desktop/code/codexSkills/packages/persistence/src/authorization-execution-reservation-rls.postgres.test.ts"},{"assertionResults":[{"ancestorTitles":["authorization grant exact scope PostgreSQL probe"],"fullName":"authorization grant exact scope PostgreSQL probe allows only an exact workspace_ids scope with safe string metadata for new writes","status":"passed","title":"allows only an exact workspace_ids scope with safe string metadata for new writes","duration":1249.8345,"failureMessages":[],"meta":{},"tags":[]},{"ancestorTitles":["authorization grant exact scope PostgreSQL probe"],"fullName":"authorization grant exact scope PostgreSQL probe blocks incompatible live legacy authority and preserves historical scope, hash, and event evidence on upgrade","status":"passed","title":"blocks incompatible live legacy authority and preserves historical scope, hash, and event evidence on upgrade","duration":1061.6761669999999,"failureMessages":[],"meta":{},"tags":[]}],"startTime":1788826408844,"endTime":1788826411155.6763,"status":"passed","message":"","name":"/Users/lixiaomei/Desktop/code/codexSkills/packages/persistence/src/authorization-grant-scope-integrity.postgres.test.ts"},{"assertionResults":[{"ancestorTitles":["PostgresAuthorizationRepository.reserveExecution"],"fullName":"PostgresAuthorizationRepository.reserveExecution persists an authorization-bound reservation and replays it idempotently","status":"passed","title":"persists an authorization-bound reservation and replays it idempotently","duration":2.706374999999994,"failureMessages":[],"meta":{},"tags":[]},{"ancestorTitles":["PostgresAuthorizationRepository.reserveExecution"],"fullName":"PostgresAuthorizationRepository.reserveExecution fails closed when the subject revision is stale and never inserts","status":"passed","title":"fails closed when the subject revision is stale and never inserts","duration":0.3391249999999957,"failureMessages":[],"meta":{},"tags":[]},{"ancestorTitles":["PostgresAuthorizationRepository.reserveExecution"],"fullName":"PostgresAuthorizationRepository.reserveExecution fails closed when a persisted grant contains a union resource scope","status":"passed","title":"fails closed when a persisted grant contains a union resource scope","duration":8.240082999999998,"failureMessages":[],"meta":{},"tags":[]},{"ancestorTitles":["PostgresAuthorizationRepository.reserveExecution"],"fullName":"PostgresAuthorizationRepository.reserveExecution rejects a cross-tenant workspace resource before inserting a reservation","status":"passed","title":"rejects a cross-tenant workspace resource before inserting a reservation","duration":0.25720799999999144,"failureMessages":[],"meta":{},"tags":[]},{"ancestorTitles":["PostgresAuthorizationRepository.reserveExecution"],"fullName":"PostgresAuthorizationRepository.reserveExecution rejects a cross-tenant brand resource before inserting a reservation","status":"passed","title":"rejects a cross-tenant brand resource before inserting a reservation","duration":0.20829200000000014,"failureMessages":[],"meta":{},"tags":[]},{"ancestorTitles":["PostgresAuthorizationRepository.reserveExecution"],"fullName":"PostgresAuthorizationRepository.reserveExecution rejects a cross-tenant account resource before inserting a reservation","status":"passed","title":"rejects a cross-tenant account resource before inserting a reservation","duration":0.20604099999999903,"failureMessages":[],"meta":{},"tags":[]},{"ancestorTitles":["PostgresAuthorizationRepository.reserveExecution"],"fullName":"PostgresAuthorizationRepository.reserveExecution rejects invalid reservation identity before opening a transaction","status":"passed","title":"rejects invalid reservation identity before opening a transaction","duration":0.3967090000000013,"failureMessages":[],"meta":{},"tags":[]},{"ancestorTitles":["PostgresAuthorizationRepository.reserveExecution"],"fullName":"PostgresAuthorizationRepository.reserveExecution rejects an invalid decision identity before opening a transaction","status":"passed","title":"rejects an invalid decision identity before opening a transaction","duration":0.2233749999999901,"failureMessages":[],"meta":{},"tags":[]},{"ancestorTitles":["PostgresAuthorizationRepository.reserveExecution"],"fullName":"PostgresAuthorizationRepository.reserveExecution rejects malformed read identities before opening a transaction","status":"passed","title":"rejects malformed read identities before opening a transaction","duration":0.6132920000000013,"failureMessages":[],"meta":{},"tags":[]}],"startTime":1788826462014,"endTime":1788826462027.6133,"status":"passed","message":"","name":"/Users/lixiaomei/Desktop/code/codexSkills/packages/persistence/src/authorization-repository.postgres.test.ts"},{"assertionResults":[{"ancestorTitles":["authorization execution reservation PostgreSQL release acceptance"],"fullName":"authorization execution reservation PostgreSQL release acceptance persists a grant-bound reservation, enforces event idempotency, and replays after revoke","status":"passed","title":"persists a grant-bound reservation, enforces event idempotency, and replays after revoke","duration":1421.757,"failureMessages":[],"meta":{},"tags":[]}],"startTime":1788826429646,"endTime":1788826431067.757,"status":"passed","message":"","name":"/Users/lixiaomei/Desktop/code/codexSkills/packages/persistence/src/authorization-repository.release.postgres.test.ts"},{"assertionResults":[{"ancestorTitles":["authorization RLS/ACL boundary PostgreSQL probe"],"fullName":"authorization RLS/ACL boundary PostgreSQL probe does not leak platform scope and protects both authorization event ledgers","status":"passed","title":"does not leak platform scope and protects both authorization event ledgers","duration":1006.3544169999999,"failureMessages":[],"meta":{},"tags":[]}],"startTime":1788826425020,"endTime":1788826426026.3545,"status":"passed","message":"","name":"/Users/lixiaomei/Desktop/code/codexSkills/packages/persistence/src/authorization-rls-boundary.postgres.test.ts"},{"assertionResults":[{"ancestorTitles":["authorization/RLS local PostgreSQL probe"],"fullName":"authorization/RLS local PostgreSQL probe proves current migration tail and non-superuser authorization boundaries","status":"passed","title":"proves current migration tail and non-superuser authorization boundaries","duration":1018.5517090000001,"failureMessages":[],"meta":{},"tags":[]}],"startTime":1788826433500,"endTime":1788826434518.5518,"status":"passed","message":"","name":"/Users/lixiaomei/Desktop/code/codexSkills/packages/persistence/src/authorization-rls-probe.postgres.test.ts"},{"assertionResults":[{"ancestorTitles":["billing PostgreSQL bigint release acceptance"],"fullName":"billing PostgreSQL bigint release acceptance preserves numeric amounts and idempotency through real app-role payment and settlement queries","status":"passed","title":"preserves numeric amounts and idempotency through real app-role payment and settlement queries","duration":1113.384833,"failureMessages":[],"meta":{},"tags":[]}],"startTime":1788826445374,"endTime":1788826446487.3848,"status":"passed","message":"","name":"/Users/lixiaomei/Desktop/code/codexSkills/packages/persistence/src/billing-repository.postgres.test.ts"},{"assertionResults":[{"ancestorTitles":["PostgresBusinessRepository normalized projections"],"fullName":"PostgresBusinessRepository normalized projections projects task brand ids through real PostgreSQL for present, missing, and null brands","status":"passed","title":"projects task brand ids through real PostgreSQL for present, missing, and null brands","duration":946.634958,"failureMessages":[],"meta":{},"tags":[]}],"startTime":1788826434657,"endTime":1788826435603.635,"status":"passed","message":"","name":"/Users/lixiaomei/Desktop/code/codexSkills/packages/persistence/src/business-repository.postgres.test.ts"},{"assertionResults":[{"ancestorTitles":["durable campaign lifecycle across repository instances"],"fullName":"durable campaign lifecycle across repository instances keeps CAS, idempotency and tenant scope after reconnect","status":"skipped","title":"keeps CAS, idempotency and tenant scope after reconnect","failureMessages":[],"meta":{},"tags":[]}],"startTime":1788826398931,"endTime":1788826398931,"status":"passed","message":"","name":"/Users/lixiaomei/Desktop/code/codexSkills/packages/persistence/src/campaign-lifecycle.postgres.test.ts"},{"assertionResults":[{"ancestorTitles":["canonical backfill run repository PostgreSQL scope and CAS"],"fullName":"canonical backfill run repository PostgreSQL scope and CAS keeps runs workspace-scoped and makes stale updates non-repeatable","status":"passed","title":"keeps runs workspace-scoped and makes stale updates non-repeatable","duration":957.337084,"failureMessages":[],"meta":{},"tags":[]}],"startTime":1788826419197,"endTime":1788826420154.3372,"status":"passed","message":"","name":"/Users/lixiaomei/Desktop/code/codexSkills/packages/persistence/src/canonical-backfill-run-repository.postgres.test.ts"},{"assertionResults":[{"ancestorTitles":["canonical product backfill PostgreSQL replay contract"],"fullName":"canonical product backfill PostgreSQL replay contract keeps dry-runs side-effect free and replays bounded batches idempotently","status":"passed","title":"keeps dry-runs side-effect free and replays bounded batches idempotently","duration":1003.9233750000001,"failureMessages":[],"meta":{},"tags":[]}],"startTime":1788826446650,"endTime":1788826447653.9233,"status":"passed","message":"","name":"/Users/lixiaomei/Desktop/code/codexSkills/packages/persistence/src/canonical-product-backfill.postgres.test.ts"},{"assertionResults":[{"ancestorTitles":["commercial contract PostgreSQL E2"],"fullName":"commercial contract PostgreSQL E2 commits and replays payment→period→entitlement→grant→revision→audit→outbox atomically","status":"passed","title":"commits and replays payment→period→entitlement→grant→revision→audit→outbox atomically","duration":1128.229916,"failureMessages":[],"meta":{},"tags":[]}],"startTime":1788826421457,"endTime":1788826422585.23,"status":"passed","message":"","name":"/Users/lixiaomei/Desktop/code/codexSkills/packages/persistence/src/commercial-contract-repository.release.postgres.test.ts"},{"assertionResults":[{"ancestorTitles":["commercial point adjustment approval PostgreSQL E2"],"fullName":"commercial point adjustment approval PostgreSQL E2 enforces maker/approver separation, RLS, append-only facts, replay and revision fencing","status":"passed","title":"enforces maker/approver separation, RLS, append-only facts, replay and revision fencing","duration":984.214334,"failureMessages":[],"meta":{},"tags":[]}],"startTime":1788826438345,"endTime":1788826439329.2144,"status":"passed","message":"","name":"/Users/lixiaomei/Desktop/code/codexSkills/packages/persistence/src/commercial-point-adjustment-approval-repository.release.postgres.test.ts"},{"assertionResults":[{"ancestorTitles":["creative-point PostgreSQL E2 release gate"],"fullName":"creative-point PostgreSQL E2 release gate proves fresh/repeat/interrupted migration, FORCE RLS, tenant FKs, append-only facts, and 200-way reservation safety","status":"passed","title":"proves fresh/repeat/interrupted migration, FORCE RLS, tenant FKs, append-only facts, and 200-way reservation safety","duration":3457.4210000000003,"failureMessages":[],"meta":{},"tags":[]}],"startTime":1788826405223,"endTime":1788826408680.421,"status":"passed","message":"","name":"/Users/lixiaomei/Desktop/code/codexSkills/packages/persistence/src/creative-point-security-release.postgres.test.ts"},{"assertionResults":[{"ancestorTitles":["PostgresDataLifecycleRepository"],"fullName":"PostgresDataLifecycleRepository uses a workspace transaction and replays an existing request by intent","status":"passed","title":"uses a workspace transaction and replays an existing request by intent","duration":1.5429170000000028,"failureMessages":[],"meta":{},"tags":[]},{"ancestorTitles":["PostgresDataLifecycleRepository"],"fullName":"PostgresDataLifecycleRepository locks approvals and only completes an approved request after the grace period","status":"passed","title":"locks approvals and only completes an approved request after the grace period","duration":1.7715830000000068,"failureMessages":[],"meta":{},"tags":[]},{"ancestorTitles":["PostgresDataLifecycleRepository"],"fullName":"PostgresDataLifecycleRepository rejects missing workspace scope before connecting to PostgreSQL","status":"passed","title":"rejects missing workspace scope before connecting to PostgreSQL","duration":0.856749999999991,"failureMessages":[],"meta":{},"tags":[]}],"startTime":1788826462172,"endTime":1788826462176.8567,"status":"passed","message":"","name":"/Users/lixiaomei/Desktop/code/codexSkills/packages/persistence/src/data-lifecycle-repository.postgres.test.ts"},{"assertionResults":[{"ancestorTitles":["persistence 001-067 release acceptance"],"fullName":"persistence 001-067 release acceptance migrates fresh and upgraded databases, enforces runtime ACL/CAS, and restores the schema","status":"failed","title":"migrates fresh and upgraded databases, enforces runtime ACL/CAS, and restores the schema","duration":1089.126041,"failureMessages":["Error: Command failed: pg_dump --format=custom --schema-only --no-owner --file /var/folders/v9/ywmywthd7cs_dvd8ntphkr800000gn/T/persistence-release-8517q4/schema.dump postgres://merchant:3eff943f01f5ed867c9637d1245d8efc9e0bc57d62a1b125c60ad2d833ed6e9a@127.0.0.1:32831/release_fresh_ad1fe3a321684a24bd82e58a5f26f289\npg_dump: error: aborting because of server version mismatch\npg_dump: detail: server version: 17.11; pg_dump version: 16.15 (Homebrew)\n\n    at genericNodeError (node:internal/errors:983:15)\n    at wrappedFn (node:internal/errors:537:14)\n    at ChildProcess.exithandler (node:child_process:417:12)\n    at ChildProcess.emit (node:events:519:28)\n    at maybeClose (node:internal/child_process:1101:16)\n    at Process.ChildProcess._handle.onexit (node:internal/child_process:304:5)"],"meta":{},"tags":[]}],"startTime":1788826402756,"endTime":1788826403845.126,"status":"failed","message":"","name":"/Users/lixiaomei/Desktop/code/codexSkills/packages/persistence/src/migration-067-release.postgres.test.ts"},{"assertionResults":[{"ancestorTitles":["persistence migration 068 release acceptance"],"fullName":"persistence migration 068 release acceptance supports fresh install, 067 upgrade, least privilege, forced RLS, idempotency, and schema restore","status":"failed","title":"supports fresh install, 067 upgrade, least privilege, forced RLS, idempotency, and schema restore","duration":1051.617166,"failureMessages":["Error: Command failed: pg_dump --format=custom --schema-only --no-owner --file /var/folders/v9/ywmywthd7cs_dvd8ntphkr800000gn/T/persistence-068-release-HsTRxa/schema.dump postgres://merchant:3eff943f01f5ed867c9637d1245d8efc9e0bc57d62a1b125c60ad2d833ed6e9a@127.0.0.1:32831/release_068_fresh_13cabf7daeb9447aa511bf9ec59bfb2d\npg_dump: error: aborting because of server version mismatch\npg_dump: detail: server version: 17.11; pg_dump version: 16.15 (Homebrew)\n\n    at genericNodeError (node:internal/errors:983:15)\n    at wrappedFn (node:internal/errors:537:14)\n    at ChildProcess.exithandler (node:child_process:417:12)\n    at ChildProcess.emit (node:events:519:28)\n    at maybeClose (node:internal/child_process:1101:16)\n    at Socket.<anonymous> (node:internal/child_process:456:11)\n    at Socket.emit (node:events:519:28)\n    at Pipe.<anonymous> (node:net:347:12)"],"meta":{},"tags":[]}],"startTime":1788826401544,"endTime":1788826402595.6172,"status":"failed","message":"","name":"/Users/lixiaomei/Desktop/code/codexSkills/packages/persistence/src/migration-068-release.postgres.test.ts"},{"assertionResults":[{"ancestorTitles":["persistence migration 069 release acceptance"],"fullName":"persistence migration 069 release acceptance supports fresh install, 068 upgrade, idempotency, RLS/ACL, restore, disconnect, and concurrent CAS","status":"failed","title":"supports fresh install, 068 upgrade, idempotency, RLS/ACL, restore, disconnect, and concurrent CAS","duration":1073.3602919999998,"failureMessages":["Error: Command failed: pg_dump --format=custom --schema-only --no-owner --file /var/folders/v9/ywmywthd7cs_dvd8ntphkr800000gn/T/persistence-069-release-VGmTXw/schema.dump postgres://merchant:3eff943f01f5ed867c9637d1245d8efc9e0bc57d62a1b125c60ad2d833ed6e9a@127.0.0.1:32831/release_069_fresh_d54a0c4edda34bb98435b969f6211628\npg_dump: error: aborting because of server version mismatch\npg_dump: detail: server version: 17.11; pg_dump version: 16.15 (Homebrew)\n\n    at genericNodeError (node:internal/errors:983:15)\n    at wrappedFn (node:internal/errors:537:14)\n    at ChildProcess.exithandler (node:child_process:417:12)\n    at ChildProcess.emit (node:events:519:28)\n    at maybeClose (node:internal/child_process:1101:16)\n    at Process.ChildProcess._handle.onexit (node:internal/child_process:304:5)"],"meta":{},"tags":[]}],"startTime":1788826403996,"endTime":1788826405069.3604,"status":"failed","message":"","name":"/Users/lixiaomei/Desktop/code/codexSkills/packages/persistence/src/migration-069-release.postgres.test.ts"},{"assertionResults":[{"ancestorTitles":["persistence migrations 070/072 release acceptance"],"fullName":"persistence migrations 070/072 release acceptance verifies fresh install, 069 upgrade, idempotency, malformed JSON, curated roles, and tenant-safe writes","status":"passed","title":"verifies fresh install, 069 upgrade, idempotency, malformed JSON, curated roles, and tenant-safe writes","duration":997.2590000000001,"failureMessages":[],"meta":{},"tags":[]}],"startTime":1788826432368,"endTime":1788826433365.259,"status":"passed","message":"","name":"/Users/lixiaomei/Desktop/code/codexSkills/packages/persistence/src/migration-070-072-release.postgres.test.ts"},{"assertionResults":[{"ancestorTitles":["migration 073 PostgreSQL release acceptance"],"fullName":"migration 073 PostgreSQL release acceptance supports fresh/072 upgrade, empty state, idempotency, platform reads, tenant writes, and ACL","status":"passed","title":"supports fresh/072 upgrade, empty state, idempotency, platform reads, tenant writes, and ACL","duration":1099.373583,"failureMessages":[],"meta":{},"tags":[]}],"startTime":1788826439476,"endTime":1788826440575.3735,"status":"passed","message":"","name":"/Users/lixiaomei/Desktop/code/codexSkills/packages/persistence/src/migration-073-release.postgres.test.ts"},{"assertionResults":[{"ancestorTitles":["persistence migration 074 PostgreSQL release acceptance"],"fullName":"persistence migration 074 PostgreSQL release acceptance supports fresh/073 upgrade, metadata backfill, idempotency, RLS, and orphan-proof foreign keys","status":"passed","title":"supports fresh/073 upgrade, metadata backfill, idempotency, RLS, and orphan-proof foreign keys","duration":1057.195583,"failureMessages":[],"meta":{},"tags":[]}],"startTime":1788826442933,"endTime":1788826443990.1956,"status":"passed","message":"","name":"/Users/lixiaomei/Desktop/code/codexSkills/packages/persistence/src/migration-074-release.postgres.test.ts"},{"assertionResults":[{"ancestorTitles":["persistence migration 077 canonical scope acceptance"],"fullName":"persistence migration 077 canonical scope acceptance installs the triggers and rejects cross-scope task/publish writes","status":"passed","title":"installs the triggers and rejects cross-scope task/publish writes","duration":553.0225,"failureMessages":[],"meta":{},"tags":[]}],"startTime":1788826460482,"endTime":1788826461035.0225,"status":"passed","message":"","name":"/Users/lixiaomei/Desktop/code/codexSkills/packages/persistence/src/migration-077-release.postgres.test.ts"},{"assertionResults":[{"ancestorTitles":["persistence migration 078 late asset binding acceptance"],"fullName":"persistence migration 078 late asset binding acceptance applies fresh and from 077, repairs existing rows, and keeps the trigger workspace-scoped","status":"passed","title":"applies fresh and from 077, repairs existing rows, and keeps the trigger workspace-scoped","duration":1320.168209,"failureMessages":[],"meta":{},"tags":[]}],"startTime":1788826435748,"endTime":1788826437068.1682,"status":"passed","message":"","name":"/Users/lixiaomei/Desktop/code/codexSkills/packages/persistence/src/migration-078-release.postgres.test.ts"},{"assertionResults":[{"ancestorTitles":["persistence migration 079 knowledge hydration acceptance"],"fullName":"persistence migration 079 knowledge hydration acceptance applies 079 idempotently and verifies real merchant_app RLS and CAS","status":"passed","title":"applies 079 idempotently and verifies real merchant_app RLS and CAS","duration":584.263042,"failureMessages":[],"meta":{},"tags":[]}],"startTime":1788826459752,"endTime":1788826460336.263,"status":"passed","message":"","name":"/Users/lixiaomei/Desktop/code/codexSkills/packages/persistence/src/migration-079-release.postgres.test.ts"},{"assertionResults":[{"ancestorTitles":["persistence migration 081 reconciliation status acceptance"],"fullName":"persistence migration 081 reconciliation status acceptance uses merchant_app for workspace-scoped idempotent latest status reads and writes","status":"passed","title":"uses merchant_app for workspace-scoped idempotent latest status reads and writes","duration":578.533375,"failureMessages":[],"meta":{},"tags":[]}],"startTime":1788826459022,"endTime":1788826459600.5334,"status":"passed","message":"","name":"/Users/lixiaomei/Desktop/code/codexSkills/packages/persistence/src/migration-081-release.postgres.test.ts"},{"assertionResults":[{"ancestorTitles":["migration 105 PostgreSQL release acceptance"],"fullName":"migration 105 PostgreSQL release acceptance enforces dual-boundary RLS/ACL, atomic use budgets, append-only events, and immediate revoke","status":"passed","title":"enforces dual-boundary RLS/ACL, atomic use budgets, append-only events, and immediate revoke","duration":1023.8935000000001,"failureMessages":[],"meta":{},"tags":[]}],"startTime":1788826422726,"endTime":1788826423749.8936,"status":"passed","message":"","name":"/Users/lixiaomei/Desktop/code/codexSkills/packages/persistence/src/migration-105-release.postgres.test.ts"},{"assertionResults":[{"ancestorTitles":["canonical legacy brand integrity PostgreSQL boundary"],"fullName":"canonical legacy brand integrity PostgreSQL boundary keeps canonical and legacy brands aligned on insert and legacy updates","status":"passed","title":"keeps canonical and legacy brands aligned on insert and legacy updates","duration":957.950583,"failureMessages":[],"meta":{},"tags":[]}],"startTime":1788826454625,"endTime":1788826455582.9507,"status":"passed","message":"","name":"/Users/lixiaomei/Desktop/code/codexSkills/packages/persistence/src/migration-106-release.postgres.test.ts"},{"assertionResults":[{"ancestorTitles":["migration 109 PostgreSQL asset scan redrive acceptance"],"fullName":"migration 109 PostgreSQL asset scan redrive acceptance atomically redrives terminal-marker once, preserves old evidence, audits, isolates tenants, and rejects mutation","status":"passed","title":"atomically redrives terminal-marker once, preserves old evidence, audits, isolates tenants, and rejects mutation","duration":1185.131084,"failureMessages":[],"meta":{},"tags":[]},{"ancestorTitles":["migration 109 PostgreSQL asset scan redrive acceptance"],"fullName":"migration 109 PostgreSQL asset scan redrive acceptance atomically redrives legacy-published once, preserves old evidence, audits, isolates tenants, and rejects mutation","status":"passed","title":"atomically redrives legacy-published once, preserves old evidence, audits, isolates tenants, and rejects mutation","duration":1021.4609160000002,"failureMessages":[],"meta":{},"tags":[]}],"startTime":1788826413810,"endTime":1788826416016.461,"status":"passed","message":"","name":"/Users/lixiaomei/Desktop/code/codexSkills/packages/persistence/src/migration-109-release.postgres.test.ts"},{"assertionResults":[{"ancestorTitles":["migration 118 PostgreSQL model usage budget run linkage"],"fullName":"migration 118 PostgreSQL model usage budget run linkage blocks mismatched historical linkage without rewriting accounting data or recording the migration","status":"passed","title":"blocks mismatched historical linkage without rewriting accounting data or recording the migration","duration":746.781875,"failureMessages":[],"meta":{},"tags":[]},{"ancestorTitles":["migration 118 PostgreSQL model usage budget run linkage"],"fullName":"migration 118 PostgreSQL model usage budget run linkage accepts exact tuples and enforces the deferred triple across tenants on the complete chain","status":"passed","title":"accepts exact tuples and enforces the deferred triple across tenants on the complete chain","duration":914.0688329999999,"failureMessages":[],"meta":{},"tags":[]}],"startTime":1788826416167,"endTime":1788826417828.0688,"status":"passed","message":"","name":"/Users/lixiaomei/Desktop/code/codexSkills/packages/persistence/src/migration-118-release.postgres.test.ts"},{"assertionResults":[{"ancestorTitles":["migrations 119 and 120 PostgreSQL release acceptance"],"fullName":"migrations 119 and 120 PostgreSQL release acceptance applies the complete chain, preserves the dispatch fence, and installs durable reservation controls","status":"passed","title":"applies the complete chain, preserves the dispatch fence, and installs durable reservation controls","duration":966.034583,"failureMessages":[],"meta":{},"tags":[]}],"startTime":1788826457897,"endTime":1788826458863.0347,"status":"passed","message":"","name":"/Users/lixiaomei/Desktop/code/codexSkills/packages/persistence/src/migration-119-120-release.postgres.test.ts"},{"assertionResults":[{"ancestorTitles":["migration 127 platform role shadow boundary PostgreSQL release acceptance"],"fullName":"migration 127 platform role shadow boundary PostgreSQL release acceptance stops on historical platform membership drift and resumes only after audited repair","status":"passed","title":"stops on historical platform membership drift and resumes only after audited repair","duration":973.164292,"failureMessages":[],"meta":{},"tags":[]}],"startTime":1788826453510,"endTime":1788826454483.1643,"status":"passed","message":"","name":"/Users/lixiaomei/Desktop/code/codexSkills/packages/persistence/src/migration-127-release.postgres.test.ts"},{"assertionResults":[{"ancestorTitles":["persistence migration 128 listing identity uniqueness"],"fullName":"persistence migration 128 listing identity uniqueness enforces the canonical listing five-tuple across repository instances","status":"passed","title":"enforces the canonical listing five-tuple across repository instances","duration":954.77675,"failureMessages":[],"meta":{},"tags":[]}],"startTime":1788826455724,"endTime":1788826456678.7769,"status":"passed","message":"","name":"/Users/lixiaomei/Desktop/code/codexSkills/packages/persistence/src/migration-128-release.postgres.test.ts"},{"assertionResults":[{"ancestorTitles":["persistence migration 129 campaign item listing scope"],"fullName":"persistence migration 129 campaign item listing scope rejects missing or cross-scope listings while preserving legacy-only rows","status":"passed","title":"rejects missing or cross-scope listings while preserving legacy-only rows","duration":959.6111659999999,"failureMessages":[],"meta":{},"tags":[]}],"startTime":1788826452412,"endTime":1788826453371.611,"status":"passed","message":"","name":"/Users/lixiaomei/Desktop/code/codexSkills/packages/persistence/src/migration-129-release.postgres.test.ts"},{"assertionResults":[{"ancestorTitles":["persistence migration 130 canonical legacy identity uniqueness"],"fullName":"persistence migration 130 canonical legacy identity uniqueness rejects a second canonical mapping in one workspace but permits the same legacy id in another workspace","status":"passed","title":"rejects a second canonical mapping in one workspace but permits the same legacy id in another workspace","duration":969.8546670000001,"failureMessages":[],"meta":{},"tags":[]}],"startTime":1788826440713,"endTime":1788826441682.8547,"status":"passed","message":"","name":"/Users/lixiaomei/Desktop/code/codexSkills/packages/persistence/src/migration-130-release.postgres.test.ts"},{"assertionResults":[{"ancestorTitles":["persistence migration 131 task campaign item scope"],"fullName":"persistence migration 131 task campaign item scope rejects a task whose campaign item scope differs from its canonical execution scope","status":"passed","title":"rejects a task whose campaign item scope differs from its canonical execution scope","duration":1020.893875,"failureMessages":[],"meta":{},"tags":[]}],"startTime":1788826431211,"endTime":1788826432231.8938,"status":"passed","message":"","name":"/Users/lixiaomei/Desktop/code/codexSkills/packages/persistence/src/migration-131-release.postgres.test.ts"},{"assertionResults":[{"ancestorTitles":["migration 136 workspace audit truncate guard"],"fullName":"migration 136 workspace audit truncate guard registers an owner-safe append-only truncate guard","status":"passed","title":"registers an owner-safe append-only truncate guard","duration":13.483125000000001,"failureMessages":[],"meta":{},"tags":[]},{"ancestorTitles":["migration 136 workspace audit truncate guard"],"fullName":"migration 136 workspace audit truncate guard rejects owner-level truncate after the complete migration chain","status":"passed","title":"rejects owner-level truncate after the complete migration chain","duration":918.7974169999999,"failureMessages":[],"meta":{},"tags":[]}],"startTime":1788826456826,"endTime":1788826457757.7974,"status":"passed","message":"","name":"/Users/lixiaomei/Desktop/code/codexSkills/packages/persistence/src/migration-136-workspace-audit.postgres.test.ts"},{"assertionResults":[{"ancestorTitles":["persistence migration 137 task canonical listing identity"],"fullName":"persistence migration 137 task canonical listing identity rejects partial or cross-identity canonical tasks while preserving legacy-only tasks","status":"passed","title":"rejects partial or cross-identity canonical tasks while preserving legacy-only tasks","duration":1138.36575,"failureMessages":[],"meta":{},"tags":[]}],"startTime":1788826451119,"endTime":1788826452257.3657,"status":"passed","message":"","name":"/Users/lixiaomei/Desktop/code/codexSkills/packages/persistence/src/migration-137-release.postgres.test.ts"},{"assertionResults":[{"ancestorTitles":["migration 146 commercial catalog PostgreSQL release evidence"],"fullName":"migration 146 commercial catalog PostgreSQL release evidence applies seeds fail-closed source facts and enforces database-owner immutability","status":"passed","title":"applies seeds fail-closed source facts and enforces database-owner immutability","duration":64.62208299999999,"failureMessages":[],"meta":{},"tags":[]}],"startTime":1788826461608,"endTime":1788826461672.622,"status":"passed","message":"","name":"/Users/lixiaomei/Desktop/code/codexSkills/packages/persistence/src/migration-146-release.postgres.test.ts"},{"assertionResults":[{"ancestorTitles":["creative-point PostgreSQL upgrade release evidence"],"fullName":"creative-point PostgreSQL upgrade release evidence forward-fills rate evidence and repairs the legacy allocation column without losing facts","status":"passed","title":"forward-fills rate evidence and repairs the legacy allocation column without losing facts","duration":83.58262500000001,"failureMessages":[],"meta":{},"tags":[]}],"startTime":1788826461175,"endTime":1788826461258.5825,"status":"passed","message":"","name":"/Users/lixiaomei/Desktop/code/codexSkills/packages/persistence/src/migration-148-release.postgres.test.ts"},{"assertionResults":[{"ancestorTitles":["migration name/checksum release verifier"],"fullName":"migration name/checksum release verifier upgrades a legacy schema_migrations table and blocks checksum tampering","status":"passed","title":"upgrades a legacy schema_migrations table and blocks checksum tampering","duration":72.027833,"failureMessages":[],"meta":{},"tags":[]}],"startTime":1788826461812,"endTime":1788826461884.0278,"status":"passed","message":"","name":"/Users/lixiaomei/Desktop/code/codexSkills/packages/persistence/src/migration-integrity-release.postgres.test.ts"},{"assertionResults":[{"ancestorTitles":["PostgreSQL daily model-cost budget"],"fullName":"PostgreSQL daily model-cost budget serializes competing reservations across independent connections","status":"skipped","title":"serializes competing reservations across independent connections","failureMessages":[],"meta":{},"tags":[]},{"ancestorTitles":["PostgreSQL daily model-cost budget"],"fullName":"PostgreSQL daily model-cost budget serializes a shared run cap and persists explicit usage linkage","status":"skipped","title":"serializes a shared run cap and persists explicit usage linkage","failureMessages":[],"meta":{},"tags":[]},{"ancestorTitles":["PostgreSQL daily model-cost budget"],"fullName":"PostgreSQL daily model-cost budget atomically records exact receipts, rejects drift, and accumulates multiple receipts","status":"skipped","title":"atomically records exact receipts, rejects drift, and accumulates multiple receipts","failureMessages":[],"meta":{},"tags":[]},{"ancestorTitles":["PostgreSQL daily model-cost budget"],"fullName":"PostgreSQL daily model-cost budget keeps actual overrun durable and refuses release after a linked receipt","status":"skipped","title":"keeps actual overrun durable and refuses release after a linked receipt","failureMessages":[],"meta":{},"tags":[]},{"ancestorTitles":["PostgreSQL daily model-cost budget"],"fullName":"PostgreSQL daily model-cost budget enforces a shared run across UTC days when daily and run limits are equal","status":"skipped","title":"enforces a shared run across UTC days when daily and run limits are equal","failureMessages":[],"meta":{},"tags":[]}],"startTime":1788826398931,"endTime":1788826398931,"status":"passed","message":"","name":"/Users/lixiaomei/Desktop/code/codexSkills/packages/persistence/src/model-daily-budget.postgres.test.ts"},{"assertionResults":[{"ancestorTitles":["PostgresObjectOrphanRepository"],"fullName":"PostgresObjectOrphanRepository qualifies the target projection when claiming through an UPDATE FROM CTE","status":"passed","title":"qualifies the target projection when claiming through an UPDATE FROM CTE","duration":2.6664580000000058,"failureMessages":[],"meta":{},"tags":[]},{"ancestorTitles":["PostgresObjectOrphanRepository"],"fullName":"PostgresObjectOrphanRepository resets next_attempt_at when a duplicate orphan is re-enqueued","status":"passed","title":"resets next_attempt_at when a duplicate orphan is re-enqueued","duration":0.6202499999999986,"failureMessages":[],"meta":{},"tags":[]},{"ancestorTitles":["PostgresObjectOrphanRepository"],"fullName":"PostgresObjectOrphanRepository serializes claims, fences expired workers, and preserves workspace isolation","status":"failed","title":"serializes claims, fences expired workers, and preserves workspace isolation","duration":2215.6557080000002,"failureMessages":["AssertionError: expected [] to deep equally contain ObjectContaining{…}\n    at /Users/lixiaomei/Desktop/code/codexSkills/packages/persistence/src/object-orphan-repository.postgres.test.ts:109:107\n    at processTicksAndRejections (node:internal/process/task_queues:103:5)\n    at file:///Users/lixiaomei/Desktop/code/codexSkills/node_modules/@vitest/runner/dist/chunk-artifact.js:1903:20"],"meta":{},"tags":[]}],"startTime":1788826399178,"endTime":1788826401396.6558,"status":"failed","message":"","name":"/Users/lixiaomei/Desktop/code/codexSkills/packages/persistence/src/object-orphan-repository.postgres.test.ts"},{"assertionResults":[{"ancestorTitles":["merchant_ops workspace summary RLS boundary"],"fullName":"merchant_ops workspace summary RLS boundary exposes only the approved aggregate view and rejects customer detail tables","status":"passed","title":"exposes only the approved aggregate view and rejects customer detail tables","duration":951.585583,"failureMessages":[],"meta":{},"tags":[]}],"startTime":1788826450024,"endTime":1788826450975.5857,"status":"passed","message":"","name":"/Users/lixiaomei/Desktop/code/codexSkills/packages/persistence/src/ops-workspace-summary-rls.postgres.test.ts"},{"assertionResults":[{"ancestorTitles":["platform authorization audit PostgreSQL boundary"],"fullName":"platform authorization audit PostgreSQL boundary keeps the platform audit sink append-only and isolated to merchant_ops","status":"passed","title":"keeps the platform audit sink append-only and isolated to merchant_ops","duration":968.3166249999999,"failureMessages":[],"meta":{},"tags":[]}],"startTime":1788826448920,"endTime":1788826449888.3167,"status":"passed","message":"","name":"/Users/lixiaomei/Desktop/code/codexSkills/packages/persistence/src/platform-authorization-audit.postgres.test.ts"},{"assertionResults":[{"ancestorTitles":["product tenant RLS PostgreSQL probe"],"fullName":"product tenant RLS PostgreSQL probe keeps customer rows isolated and rejects platform-scope spoofing","status":"passed","title":"keeps customer rows isolated and rejects platform-scope spoofing","duration":966.484166,"failureMessages":[],"meta":{},"tags":[]}],"startTime":1788826427364,"endTime":1788826428330.4841,"status":"passed","message":"","name":"/Users/lixiaomei/Desktop/code/codexSkills/packages/persistence/src/product-rls-tenant-boundary.postgres.test.ts"},{"assertionResults":[{"ancestorTitles":["resource ID scope PostgreSQL probe"],"fullName":"resource ID scope PostgreSQL probe keeps an allowed app read bounded to the exact workspace and platform account","status":"passed","title":"keeps an allowed app read bounded to the exact workspace and platform account","duration":976.9344590000001,"failureMessages":[],"meta":{},"tags":[]}],"startTime":1788826423900,"endTime":1788826424876.9346,"status":"passed","message":"","name":"/Users/lixiaomei/Desktop/code/codexSkills/packages/persistence/src/resource-id-scope.postgres.test.ts"},{"assertionResults":[{"ancestorTitles":["service fulfillment PostgreSQL release evidence"],"fullName":"service fulfillment PostgreSQL release evidence enforces tenant scope, idempotency, revision, quota, correction audit and unresolved 6x500 schedule","status":"passed","title":"enforces tenant scope, idempotency, revision, quota, correction audit and unresolved 6x500 schedule","duration":1054.8483339999998,"failureMessages":[],"meta":{},"tags":[]}],"startTime":1788826426174,"endTime":1788826427228.8484,"status":"passed","message":"","name":"/Users/lixiaomei/Desktop/code/codexSkills/packages/persistence/src/service-fulfillment-repository.release.postgres.test.ts"},{"assertionResults":[{"ancestorTitles":["PostgresStorageQuotaRepository"],"fullName":"PostgresStorageQuotaRepository serializes workspace reservations and keeps settle replay idempotent","status":"passed","title":"serializes workspace reservations and keeps settle replay idempotent","duration":72.18350000000001,"failureMessages":[],"meta":{},"tags":[]}],"startTime":1788826461404,"endTime":1788826461476.1836,"status":"passed","message":"","name":"/Users/lixiaomei/Desktop/code/codexSkills/packages/persistence/src/storage-quota-repository.postgres.test.ts"},{"assertionResults":[{"ancestorTitles":["workspace data export PostgreSQL E2"],"fullName":"workspace data export PostgreSQL E2 enforces tenant scope, request idempotency, and external delivery evidence","status":"passed","title":"enforces tenant scope, request idempotency, and external delivery evidence","duration":960.2204160000001,"failureMessages":[],"meta":{},"tags":[]}],"startTime":1788826441837,"endTime":1788826442797.2205,"status":"passed","message":"","name":"/Users/lixiaomei/Desktop/code/codexSkills/packages/persistence/src/workspace-data-export-repository.release.postgres.test.ts"}]}