{"numTotalTestSuites":22,"numPassedTestSuites":20,"numFailedTestSuites":2,"numPendingTestSuites":0,"numTotalTests":11,"numPassedTests":10,"numFailedTests":1,"numPendingTests":0,"numTodoTests":0,"snapshot":{"added":0,"failure":false,"filesAdded":0,"filesRemoved":0,"filesRemovedList":[],"filesUnmatched":0,"filesUpdated":0,"matched":0,"total":0,"unchecked":0,"uncheckedKeysByFile":[],"unmatched":0,"updated":0,"didUpdate":false},"startTime":1788885991162,"success":false,"testResults":[{"assertionResults":[{"ancestorTitles":["canonical backfill run repository PostgreSQL scope and CAS"],"fullName":"canonical backfill run repository PostgreSQL scope and CAS keeps runs workspace-scoped and makes stale updates non-repeatable","status":"passed","title":"keeps runs workspace-scoped and makes stale updates non-repeatable","duration":968.419625,"failureMessages":[],"meta":{},"tags":[]}],"startTime":1788885998454,"endTime":1788885999422.4197,"status":"passed","message":"","name":"/Users/lixiaomei/Desktop/code/codexSkills/packages/persistence/src/canonical-backfill-run-repository.postgres.test.ts"},{"assertionResults":[{"ancestorTitles":["canonical product backfill PostgreSQL replay contract"],"fullName":"canonical product backfill PostgreSQL replay contract keeps dry-runs side-effect free and replays bounded batches idempotently","status":"passed","title":"keeps dry-runs side-effect free and replays bounded batches idempotently","duration":1206.068125,"failureMessages":[],"meta":{},"tags":[]}],"startTime":1788885993680,"endTime":1788885994886.068,"status":"passed","message":"","name":"/Users/lixiaomei/Desktop/code/codexSkills/packages/persistence/src/canonical-product-backfill.postgres.test.ts"},{"assertionResults":[{"ancestorTitles":["commercial point adjustment approval PostgreSQL E2"],"fullName":"commercial point adjustment approval PostgreSQL E2 enforces maker/approver separation, RLS, append-only facts, replay and revision fencing","status":"passed","title":"enforces maker/approver separation, RLS, append-only facts, replay and revision fencing","duration":994.917292,"failureMessages":[],"meta":{},"tags":[]}],"startTime":1788885997324,"endTime":1788885998318.9172,"status":"passed","message":"","name":"/Users/lixiaomei/Desktop/code/codexSkills/packages/persistence/src/commercial-point-adjustment-approval-repository.release.postgres.test.ts"},{"assertionResults":[{"ancestorTitles":["canonical legacy brand integrity PostgreSQL boundary"],"fullName":"canonical legacy brand integrity PostgreSQL boundary keeps canonical and legacy brands aligned on insert and legacy updates","status":"passed","title":"keeps canonical and legacy brands aligned on insert and legacy updates","duration":1008.92175,"failureMessages":[],"meta":{},"tags":[]}],"startTime":1788885999551,"endTime":1788886000559.9216,"status":"passed","message":"","name":"/Users/lixiaomei/Desktop/code/codexSkills/packages/persistence/src/migration-106-release.postgres.test.ts"},{"assertionResults":[{"ancestorTitles":["migration 127 platform role shadow boundary PostgreSQL release acceptance"],"fullName":"migration 127 platform role shadow boundary PostgreSQL release acceptance stops on historical platform membership drift and resumes only after audited repair","status":"passed","title":"stops on historical platform membership drift and resumes only after audited repair","duration":966.484833,"failureMessages":[],"meta":{},"tags":[]}],"startTime":1788885992570,"endTime":1788885993536.4849,"status":"passed","message":"","name":"/Users/lixiaomei/Desktop/code/codexSkills/packages/persistence/src/migration-127-release.postgres.test.ts"},{"assertionResults":[{"ancestorTitles":["migration 146 commercial catalog PostgreSQL release evidence"],"fullName":"migration 146 commercial catalog PostgreSQL release evidence applies seeds fail-closed source facts and enforces database-owner immutability","status":"passed","title":"applies seeds fail-closed source facts and enforces database-owner immutability","duration":61.05095800000001,"failureMessages":[],"meta":{},"tags":[]}],"startTime":1788886001090,"endTime":1788886001151.051,"status":"passed","message":"","name":"/Users/lixiaomei/Desktop/code/codexSkills/packages/persistence/src/migration-146-release.postgres.test.ts"},{"assertionResults":[{"ancestorTitles":["creative-point PostgreSQL upgrade release evidence"],"fullName":"creative-point PostgreSQL upgrade release evidence forward-fills rate evidence and repairs the legacy allocation column without losing facts","status":"passed","title":"forward-fills rate evidence and repairs the legacy allocation column without losing facts","duration":83.51225,"failureMessages":[],"meta":{},"tags":[]}],"startTime":1788886000689,"endTime":1788886000772.5122,"status":"passed","message":"","name":"/Users/lixiaomei/Desktop/code/codexSkills/packages/persistence/src/migration-148-release.postgres.test.ts"},{"assertionResults":[{"ancestorTitles":["migration 164 onboarding grant schedule PostgreSQL release evidence"],"fullName":"migration 164 onboarding grant schedule PostgreSQL release evidence keeps unresolved schedules blocked and constrains activated schedules to the frozen policy","status":"passed","title":"keeps unresolved schedules blocked and constrains activated schedules to the frozen policy","duration":61.31116700000001,"failureMessages":[],"meta":{},"tags":[]}],"startTime":1788886000900,"endTime":1788886000961.3113,"status":"passed","message":"","name":"/Users/lixiaomei/Desktop/code/codexSkills/packages/persistence/src/migration-164-release.postgres.test.ts"},{"assertionResults":[{"ancestorTitles":["migration 166 executable commercial catalog PostgreSQL release evidence"],"fullName":"migration 166 executable commercial catalog PostgreSQL release evidence publishes only resolved v2 offers and fixed point rates after the complete chain","status":"failed","title":"publishes only resolved v2 offers and fixed point rates after the complete chain","duration":989.2374580000001,"failureMessages":["AssertionError: expected 175 to be 174 // Object.is equality\n    at /Users/lixiaomei/Desktop/code/codexSkills/packages/persistence/src/migration-166-release.postgres.test.ts:24:30\n    at processTicksAndRejections (node:internal/process/task_queues:103:5)\n    at file:///Users/lixiaomei/Desktop/code/codexSkills/node_modules/@vitest/runner/dist/chunk-artifact.js:1903:20"],"meta":{},"tags":[]}],"startTime":1788885995036,"endTime":1788885996025.2375,"status":"failed","message":"","name":"/Users/lixiaomei/Desktop/code/codexSkills/packages/persistence/src/migration-166-release.postgres.test.ts"},{"assertionResults":[{"ancestorTitles":["private trial invite PostgreSQL release evidence"],"fullName":"private trial invite PostgreSQL release evidence keeps raw codes one-time, customer-bound, single-use, tenant-scoped and append-only","status":"passed","title":"keeps raw codes one-time, customer-bound, single-use, tenant-scoped and append-only","duration":993.045625,"failureMessages":[],"meta":{},"tags":[]}],"startTime":1788885996170,"endTime":1788885997163.0457,"status":"passed","message":"","name":"/Users/lixiaomei/Desktop/code/codexSkills/packages/persistence/src/private-trial-invites.release.postgres.test.ts"},{"assertionResults":[{"ancestorTitles":["service fulfillment PostgreSQL release evidence"],"fullName":"service fulfillment PostgreSQL release evidence enforces tenant scope, idempotency, revision, quota, correction audit and unresolved 6x500 schedule","status":"passed","title":"enforces tenant scope, idempotency, revision, quota, correction audit and unresolved 6x500 schedule","duration":1070.209459,"failureMessages":[],"meta":{},"tags":[]}],"startTime":1788885991368,"endTime":1788885992438.2095,"status":"passed","message":"","name":"/Users/lixiaomei/Desktop/code/codexSkills/packages/persistence/src/service-fulfillment-repository.release.postgres.test.ts"}]}