{"numTotalTestSuites":10,"numPassedTestSuites":10,"numFailedTestSuites":0,"numPendingTestSuites":0,"numTotalTests":6,"numPassedTests":0,"numFailedTests":0,"numPendingTests":6,"numTodoTests":0,"snapshot":{"added":0,"failure":false,"filesAdded":0,"filesRemoved":0,"filesRemovedList":[],"filesUnmatched":0,"filesUpdated":0,"matched":0,"total":0,"unchecked":0,"uncheckedKeysByFile":[],"unmatched":0,"updated":0,"didUpdate":false},"startTime":1789097603545,"success":true,"testResults":[{"assertionResults":[{"ancestorTitles":["authorization event scope integrity PostgreSQL probe"],"fullName":"authorization event scope integrity PostgreSQL probe rejects forged subject/workspace context at the database boundary","status":"skipped","title":"rejects forged subject/workspace context at the database boundary","failureMessages":[],"meta":{},"tags":[]}],"startTime":1789097603545,"endTime":1789097603545,"status":"passed","message":"","name":"/Users/lixiaomei/Desktop/code/codexSkills/packages/persistence/src/authorization-event-scope-integrity.postgres.test.ts"},{"assertionResults":[{"ancestorTitles":["authorization grant exact scope PostgreSQL probe"],"fullName":"authorization grant exact scope PostgreSQL probe allows only an exact workspace_ids scope with safe string metadata for new writes","status":"skipped","title":"allows only an exact workspace_ids scope with safe string metadata for new writes","failureMessages":[],"meta":{},"tags":[]},{"ancestorTitles":["authorization grant exact scope PostgreSQL probe"],"fullName":"authorization grant exact scope PostgreSQL probe blocks incompatible live legacy authority and preserves historical scope, hash, and event evidence on upgrade","status":"skipped","title":"blocks incompatible live legacy authority and preserves historical scope, hash, and event evidence on upgrade","failureMessages":[],"meta":{},"tags":[]}],"startTime":1789097603545,"endTime":1789097603545,"status":"passed","message":"","name":"/Users/lixiaomei/Desktop/code/codexSkills/packages/persistence/src/authorization-grant-scope-integrity.postgres.test.ts"},{"assertionResults":[{"ancestorTitles":["authorization execution reservation PostgreSQL release acceptance"],"fullName":"authorization execution reservation PostgreSQL release acceptance persists a grant-bound reservation, enforces event idempotency, and replays after revoke","status":"skipped","title":"persists a grant-bound reservation, enforces event idempotency, and replays after revoke","failureMessages":[],"meta":{},"tags":[]}],"startTime":1789097603545,"endTime":1789097603545,"status":"passed","message":"","name":"/Users/lixiaomei/Desktop/code/codexSkills/packages/persistence/src/authorization-repository.release.postgres.test.ts"},{"assertionResults":[{"ancestorTitles":["authorization RLS/ACL boundary PostgreSQL probe"],"fullName":"authorization RLS/ACL boundary PostgreSQL probe does not leak platform scope and protects both authorization event ledgers","status":"skipped","title":"does not leak platform scope and protects both authorization event ledgers","failureMessages":[],"meta":{},"tags":[]}],"startTime":1789097603545,"endTime":1789097603545,"status":"passed","message":"","name":"/Users/lixiaomei/Desktop/code/codexSkills/packages/persistence/src/authorization-rls-boundary.postgres.test.ts"},{"assertionResults":[{"ancestorTitles":["migration 105 PostgreSQL release acceptance"],"fullName":"migration 105 PostgreSQL release acceptance enforces dual-boundary RLS/ACL, atomic use budgets, append-only events, and immediate revoke","status":"skipped","title":"enforces dual-boundary RLS/ACL, atomic use budgets, append-only events, and immediate revoke","failureMessages":[],"meta":{},"tags":[]}],"startTime":1789097603545,"endTime":1789097603545,"status":"passed","message":"","name":"/Users/lixiaomei/Desktop/code/codexSkills/packages/persistence/src/migration-105-release.postgres.test.ts"}]}