{"numTotalTestSuites":32,"numPassedTestSuites":32,"numFailedTestSuites":0,"numPendingTestSuites":0,"numTotalTests":17,"numPassedTests":17,"numFailedTests":0,"numPendingTests":0,"numTodoTests":0,"snapshot":{"added":0,"failure":false,"filesAdded":0,"filesRemoved":0,"filesRemovedList":[],"filesUnmatched":0,"filesUpdated":0,"matched":0,"total":0,"unchecked":0,"uncheckedKeysByFile":[],"unmatched":0,"updated":0,"didUpdate":false},"startTime":1789395925572,"success":true,"testResults":[{"assertionResults":[{"ancestorTitles":["brand profile association PostgreSQL release evidence"],"fullName":"brand profile association PostgreSQL release evidence persists brand/store/campaign relations and keeps them tenant isolated","status":"passed","title":"persists brand/store/campaign relations and keeps them tenant isolated","duration":1293.2818750000001,"failureMessages":[],"meta":{},"tags":[]}],"startTime":1789395939918,"endTime":1789395941211.282,"status":"passed","message":"","name":"/Users/lixiaomei/Desktop/code/codexSkills/packages/persistence/src/brand-profile-association.release.postgres.test.ts"},{"assertionResults":[{"ancestorTitles":["canonical backfill run repository PostgreSQL scope and CAS"],"fullName":"canonical backfill run repository PostgreSQL scope and CAS keeps runs workspace-scoped and makes stale updates non-repeatable","status":"passed","title":"keeps runs workspace-scoped and makes stale updates non-repeatable","duration":1411.117583,"failureMessages":[],"meta":{},"tags":[]}],"startTime":1789395942831,"endTime":1789395944242.1177,"status":"passed","message":"","name":"/Users/lixiaomei/Desktop/code/codexSkills/packages/persistence/src/canonical-backfill-run-repository.postgres.test.ts"},{"assertionResults":[{"ancestorTitles":["canonical product backfill PostgreSQL replay contract"],"fullName":"canonical product backfill PostgreSQL replay contract keeps dry-runs side-effect free and replays bounded batches idempotently","status":"passed","title":"keeps dry-runs side-effect free and replays bounded batches idempotently","duration":7695.960625,"failureMessages":[],"meta":{},"tags":[]}],"startTime":1789396087506,"endTime":1789396095201.9607,"status":"passed","message":"","name":"/Users/lixiaomei/Desktop/code/codexSkills/packages/persistence/src/canonical-product-backfill.postgres.test.ts"},{"assertionResults":[{"ancestorTitles":["commercial point adjustment approval PostgreSQL E2"],"fullName":"commercial point adjustment approval PostgreSQL E2 enforces maker/approver separation, RLS, append-only facts, replay and revision fencing","status":"passed","title":"enforces maker/approver separation, RLS, append-only facts, replay and revision fencing","duration":1309.472625,"failureMessages":[],"meta":{},"tags":[]}],"startTime":1789395941381,"endTime":1789395942690.4727,"status":"passed","message":"","name":"/Users/lixiaomei/Desktop/code/codexSkills/packages/persistence/src/commercial-point-adjustment-approval-repository.release.postgres.test.ts"},{"assertionResults":[{"ancestorTitles":["064 workspace identity bootstrap"],"fullName":"064 workspace identity bootstrap defines an identity-scoped unique binding and a non-destructive backfill","status":"passed","title":"defines an identity-scoped unique binding and a non-destructive backfill","duration":33.01487500000002,"failureMessages":[],"meta":{},"tags":[]},{"ancestorTitles":["064 workspace identity bootstrap"],"fullName":"064 workspace identity bootstrap reuses one active owner workspace across repository instances and isolates issuers","status":"passed","title":"reuses one active owner workspace across repository instances and isolates issuers","duration":4603.541459,"failureMessages":[],"meta":{},"tags":[]}],"startTime":1789395931884,"endTime":1789395936520.5415,"status":"passed","message":"","name":"/Users/lixiaomei/Desktop/code/codexSkills/packages/persistence/src/migration-064-release.postgres.test.ts"},{"assertionResults":[{"ancestorTitles":["canonical legacy brand integrity PostgreSQL boundary"],"fullName":"canonical legacy brand integrity PostgreSQL boundary keeps canonical and legacy brands aligned on insert and legacy updates","status":"passed","title":"keeps canonical and legacy brands aligned on insert and legacy updates","duration":98340.901,"failureMessages":[],"meta":{},"tags":[]}],"startTime":1789395974769,"endTime":1789396073109.901,"status":"passed","message":"","name":"/Users/lixiaomei/Desktop/code/codexSkills/packages/persistence/src/migration-106-release.postgres.test.ts"},{"assertionResults":[{"ancestorTitles":["migration 127 platform role shadow boundary PostgreSQL release acceptance"],"fullName":"migration 127 platform role shadow boundary PostgreSQL release acceptance stops on historical platform membership drift and resumes only after audited repair","status":"passed","title":"stops on historical platform membership drift and resumes only after audited repair","duration":26420.463333,"failureMessages":[],"meta":{},"tags":[]}],"startTime":1789395947212,"endTime":1789395973632.4634,"status":"passed","message":"","name":"/Users/lixiaomei/Desktop/code/codexSkills/packages/persistence/src/migration-127-release.postgres.test.ts"},{"assertionResults":[{"ancestorTitles":["migration 146 commercial catalog PostgreSQL release evidence"],"fullName":"migration 146 commercial catalog PostgreSQL release evidence applies seeds fail-closed source facts and enforces database-owner immutability","status":"passed","title":"applies seeds fail-closed source facts and enforces database-owner immutability","duration":135.15412500000002,"failureMessages":[],"meta":{},"tags":[]}],"startTime":1789396104660,"endTime":1789396104795.154,"status":"passed","message":"","name":"/Users/lixiaomei/Desktop/code/codexSkills/packages/persistence/src/migration-146-release.postgres.test.ts"},{"assertionResults":[{"ancestorTitles":["creative-point PostgreSQL upgrade release evidence"],"fullName":"creative-point PostgreSQL upgrade release evidence forward-fills rate evidence and repairs the legacy allocation column without losing facts","status":"passed","title":"forward-fills rate evidence and repairs the legacy allocation column without losing facts","duration":249.41024999999996,"failureMessages":[],"meta":{},"tags":[]}],"startTime":1789396104195,"endTime":1789396104444.4102,"status":"passed","message":"","name":"/Users/lixiaomei/Desktop/code/codexSkills/packages/persistence/src/migration-148-release.postgres.test.ts"},{"assertionResults":[{"ancestorTitles":["migration 164 onboarding grant schedule PostgreSQL release evidence"],"fullName":"migration 164 onboarding grant schedule PostgreSQL release evidence keeps unresolved schedules blocked and constrains activated schedules to the frozen policy","status":"passed","title":"keeps unresolved schedules blocked and constrains activated schedules to the frozen policy","duration":192.671625,"failureMessages":[],"meta":{},"tags":[]}],"startTime":1789396103638,"endTime":1789396103830.6716,"status":"passed","message":"","name":"/Users/lixiaomei/Desktop/code/codexSkills/packages/persistence/src/migration-164-release.postgres.test.ts"},{"assertionResults":[{"ancestorTitles":["migration 166 executable commercial catalog PostgreSQL release evidence"],"fullName":"migration 166 executable commercial catalog PostgreSQL release evidence publishes only resolved v2 offers and fixed point rates after the complete chain","status":"passed","title":"publishes only resolved v2 offers and fixed point rates after the complete chain","duration":2933.928292,"failureMessages":[],"meta":{},"tags":[]}],"startTime":1789395936794,"endTime":1789395939727.9282,"status":"passed","message":"","name":"/Users/lixiaomei/Desktop/code/codexSkills/packages/persistence/src/migration-166-release.postgres.test.ts"},{"assertionResults":[{"ancestorTitles":["migration 207 customer delivery evidence receipt identity"],"fullName":"migration 207 customer delivery evidence receipt identity rejects receipt identity drift and invalidates a valid replacement","status":"passed","title":"rejects receipt identity drift and invalidates a valid replacement","duration":3047.613667,"failureMessages":[],"meta":{},"tags":[]}],"startTime":1789395925815,"endTime":1789395928862.6138,"status":"passed","message":"","name":"/Users/lixiaomei/Desktop/code/codexSkills/packages/persistence/src/migration-207-release.postgres.test.ts"},{"assertionResults":[{"ancestorTitles":["password registration and enterprise projection PostgreSQL acceptance"],"fullName":"password registration and enterprise projection PostgreSQL acceptance keeps the enterprise projection least-privileged and completes registration review","status":"passed","title":"keeps the enterprise projection least-privileged and completes registration review","duration":13245.157459,"failureMessages":[],"meta":{},"tags":[]}],"startTime":1789396073664,"endTime":1789396086909.1575,"status":"passed","message":"","name":"/Users/lixiaomei/Desktop/code/codexSkills/packages/persistence/src/password-auth-repository.release.postgres.test.ts"},{"assertionResults":[{"ancestorTitles":["private trial invite PostgreSQL release evidence"],"fullName":"private trial invite PostgreSQL release evidence keeps raw codes one-time, customer-bound, single-use, tenant-scoped and append-only","status":"passed","title":"keeps raw codes one-time, customer-bound, single-use, tenant-scoped and append-only","duration":2595.965417,"failureMessages":[],"meta":{},"tags":[]}],"startTime":1789395944439,"endTime":1789395947034.9653,"status":"passed","message":"","name":"/Users/lixiaomei/Desktop/code/codexSkills/packages/persistence/src/private-trial-invites.release.postgres.test.ts"},{"assertionResults":[{"ancestorTitles":["private trial payment PostgreSQL release evidence"],"fullName":"private trial payment PostgreSQL release evidence commits invite→approval→v3 order→199900 payment→entitlement→500 grant atomically and replays without duplication","status":"passed","title":"commits invite→approval→v3 order→199900 payment→entitlement→500 grant atomically and replays without duplication","duration":7896.787167,"failureMessages":[],"meta":{},"tags":[]}],"startTime":1789396095487,"endTime":1789396103383.787,"status":"passed","message":"","name":"/Users/lixiaomei/Desktop/code/codexSkills/packages/persistence/src/private-trial-payment.release.postgres.test.ts"},{"assertionResults":[{"ancestorTitles":["service fulfillment PostgreSQL release evidence"],"fullName":"service fulfillment PostgreSQL release evidence enforces tenant scope, idempotency, revision, quota, correction audit and unresolved 6x500 schedule","status":"passed","title":"enforces tenant scope, idempotency, revision, quota, correction audit and unresolved 6x500 schedule","duration":2558.1438749999998,"failureMessages":[],"meta":{},"tags":[]}],"startTime":1789395929120,"endTime":1789395931678.1438,"status":"passed","message":"","name":"/Users/lixiaomei/Desktop/code/codexSkills/packages/persistence/src/service-fulfillment-repository.release.postgres.test.ts"}]}