{"numTotalTestSuites":30,"numPassedTestSuites":30,"numFailedTestSuites":0,"numPendingTestSuites":0,"numTotalTests":16,"numPassedTests":16,"numFailedTests":0,"numPendingTests":0,"numTodoTests":0,"snapshot":{"added":0,"failure":false,"filesAdded":0,"filesRemoved":0,"filesRemovedList":[],"filesUnmatched":0,"filesUpdated":0,"matched":0,"total":0,"unchecked":0,"uncheckedKeysByFile":[],"unmatched":0,"updated":0,"didUpdate":false},"startTime":1789379197452,"success":true,"testResults":[{"assertionResults":[{"ancestorTitles":["brand profile association PostgreSQL release evidence"],"fullName":"brand profile association PostgreSQL release evidence persists brand/store/campaign relations and keeps them tenant isolated","status":"passed","title":"persists brand/store/campaign relations and keeps them tenant isolated","duration":2515.868708,"failureMessages":[],"meta":{},"tags":[]}],"startTime":1789379219570,"endTime":1789379222085.8687,"status":"passed","message":"","name":"/Users/lixiaomei/Desktop/code/codexSkills/packages/persistence/src/brand-profile-association.release.postgres.test.ts"},{"assertionResults":[{"ancestorTitles":["canonical backfill run repository PostgreSQL scope and CAS"],"fullName":"canonical backfill run repository PostgreSQL scope and CAS keeps runs workspace-scoped and makes stale updates non-repeatable","status":"passed","title":"keeps runs workspace-scoped and makes stale updates non-repeatable","duration":2738.324875,"failureMessages":[],"meta":{},"tags":[]}],"startTime":1789379234430,"endTime":1789379237168.325,"status":"passed","message":"","name":"/Users/lixiaomei/Desktop/code/codexSkills/packages/persistence/src/canonical-backfill-run-repository.postgres.test.ts"},{"assertionResults":[{"ancestorTitles":["canonical product backfill PostgreSQL replay contract"],"fullName":"canonical product backfill PostgreSQL replay contract keeps dry-runs side-effect free and replays bounded batches idempotently","status":"passed","title":"keeps dry-runs side-effect free and replays bounded batches idempotently","duration":3087.121458,"failureMessages":[],"meta":{},"tags":[]}],"startTime":1789379222329,"endTime":1789379225416.1213,"status":"passed","message":"","name":"/Users/lixiaomei/Desktop/code/codexSkills/packages/persistence/src/canonical-product-backfill.postgres.test.ts"},{"assertionResults":[{"ancestorTitles":["commercial point adjustment approval PostgreSQL E2"],"fullName":"commercial point adjustment approval PostgreSQL E2 enforces maker/approver separation, RLS, append-only facts, replay and revision fencing","status":"passed","title":"enforces maker/approver separation, RLS, append-only facts, replay and revision fencing","duration":2758.157334,"failureMessages":[],"meta":{},"tags":[]}],"startTime":1789379229002,"endTime":1789379231760.1572,"status":"passed","message":"","name":"/Users/lixiaomei/Desktop/code/codexSkills/packages/persistence/src/commercial-point-adjustment-approval-repository.release.postgres.test.ts"},{"assertionResults":[{"ancestorTitles":["064 workspace identity bootstrap"],"fullName":"064 workspace identity bootstrap defines an identity-scoped unique binding and a non-destructive backfill","status":"passed","title":"defines an identity-scoped unique binding and a non-destructive backfill","duration":41.73200000000003,"failureMessages":[],"meta":{},"tags":[]},{"ancestorTitles":["064 workspace identity bootstrap"],"fullName":"064 workspace identity bootstrap reuses one active owner workspace across repository instances and isolates issuers","status":"passed","title":"reuses one active owner workspace across repository instances and isolates issuers","duration":5306.045417,"failureMessages":[],"meta":{},"tags":[]}],"startTime":1789379210839,"endTime":1789379216187.0454,"status":"passed","message":"","name":"/Users/lixiaomei/Desktop/code/codexSkills/packages/persistence/src/migration-064-release.postgres.test.ts"},{"assertionResults":[{"ancestorTitles":["canonical legacy brand integrity PostgreSQL boundary"],"fullName":"canonical legacy brand integrity PostgreSQL boundary keeps canonical and legacy brands aligned on insert and legacy updates","status":"passed","title":"keeps canonical and legacy brands aligned on insert and legacy updates","duration":2253.163333,"failureMessages":[],"meta":{},"tags":[]}],"startTime":1789379231955,"endTime":1789379234208.1633,"status":"passed","message":"","name":"/Users/lixiaomei/Desktop/code/codexSkills/packages/persistence/src/migration-106-release.postgres.test.ts"},{"assertionResults":[{"ancestorTitles":["migration 127 platform role shadow boundary PostgreSQL release acceptance"],"fullName":"migration 127 platform role shadow boundary PostgreSQL release acceptance stops on historical platform membership drift and resumes only after audited repair","status":"passed","title":"stops on historical platform membership drift and resumes only after audited repair","duration":2763.339208,"failureMessages":[],"meta":{},"tags":[]}],"startTime":1789379237413,"endTime":1789379240176.339,"status":"passed","message":"","name":"/Users/lixiaomei/Desktop/code/codexSkills/packages/persistence/src/migration-127-release.postgres.test.ts"},{"assertionResults":[{"ancestorTitles":["migration 146 commercial catalog PostgreSQL release evidence"],"fullName":"migration 146 commercial catalog PostgreSQL release evidence applies seeds fail-closed source facts and enforces database-owner immutability","status":"passed","title":"applies seeds fail-closed source facts and enforces database-owner immutability","duration":211.66508299999998,"failureMessages":[],"meta":{},"tags":[]}],"startTime":1789379244861,"endTime":1789379245072.665,"status":"passed","message":"","name":"/Users/lixiaomei/Desktop/code/codexSkills/packages/persistence/src/migration-146-release.postgres.test.ts"},{"assertionResults":[{"ancestorTitles":["creative-point PostgreSQL upgrade release evidence"],"fullName":"creative-point PostgreSQL upgrade release evidence forward-fills rate evidence and repairs the legacy allocation column without losing facts","status":"passed","title":"forward-fills rate evidence and repairs the legacy allocation column without losing facts","duration":264.934,"failureMessages":[],"meta":{},"tags":[]}],"startTime":1789379243899,"endTime":1789379244163.934,"status":"passed","message":"","name":"/Users/lixiaomei/Desktop/code/codexSkills/packages/persistence/src/migration-148-release.postgres.test.ts"},{"assertionResults":[{"ancestorTitles":["migration 164 onboarding grant schedule PostgreSQL release evidence"],"fullName":"migration 164 onboarding grant schedule PostgreSQL release evidence keeps unresolved schedules blocked and constrains activated schedules to the frozen policy","status":"passed","title":"keeps unresolved schedules blocked and constrains activated schedules to the frozen policy","duration":230.57041700000002,"failureMessages":[],"meta":{},"tags":[]}],"startTime":1789379244387,"endTime":1789379244617.5703,"status":"passed","message":"","name":"/Users/lixiaomei/Desktop/code/codexSkills/packages/persistence/src/migration-164-release.postgres.test.ts"},{"assertionResults":[{"ancestorTitles":["migration 166 executable commercial catalog PostgreSQL release evidence"],"fullName":"migration 166 executable commercial catalog PostgreSQL release evidence publishes only resolved v2 offers and fixed point rates after the complete chain","status":"passed","title":"publishes only resolved v2 offers and fixed point rates after the complete chain","duration":3198.962042,"failureMessages":[],"meta":{},"tags":[]}],"startTime":1789379240413,"endTime":1789379243611.9622,"status":"passed","message":"","name":"/Users/lixiaomei/Desktop/code/codexSkills/packages/persistence/src/migration-166-release.postgres.test.ts"},{"assertionResults":[{"ancestorTitles":["password registration and enterprise projection PostgreSQL acceptance"],"fullName":"password registration and enterprise projection PostgreSQL acceptance keeps the enterprise projection least-privileged and completes registration review","status":"passed","title":"keeps the enterprise projection least-privileged and completes registration review","duration":5262.034917,"failureMessages":[],"meta":{},"tags":[]}],"startTime":1789379198141,"endTime":1789379203403.035,"status":"passed","message":"","name":"/Users/lixiaomei/Desktop/code/codexSkills/packages/persistence/src/password-auth-repository.release.postgres.test.ts"},{"assertionResults":[{"ancestorTitles":["private trial invite PostgreSQL release evidence"],"fullName":"private trial invite PostgreSQL release evidence keeps raw codes one-time, customer-bound, single-use, tenant-scoped and append-only","status":"passed","title":"keeps raw codes one-time, customer-bound, single-use, tenant-scoped and append-only","duration":3021.847959,"failureMessages":[],"meta":{},"tags":[]}],"startTime":1789379225679,"endTime":1789379228700.848,"status":"passed","message":"","name":"/Users/lixiaomei/Desktop/code/codexSkills/packages/persistence/src/private-trial-invites.release.postgres.test.ts"},{"assertionResults":[{"ancestorTitles":["private trial payment PostgreSQL release evidence"],"fullName":"private trial payment PostgreSQL release evidence commits invite→approval→v3 order→199900 payment→entitlement→500 grant atomically and replays without duplication","status":"passed","title":"commits invite→approval→v3 order→199900 payment→entitlement→500 grant atomically and replays without duplication","duration":6611.987083,"failureMessages":[],"meta":{},"tags":[]}],"startTime":1789379203833,"endTime":1789379210444.987,"status":"passed","message":"","name":"/Users/lixiaomei/Desktop/code/codexSkills/packages/persistence/src/private-trial-payment.release.postgres.test.ts"},{"assertionResults":[{"ancestorTitles":["service fulfillment PostgreSQL release evidence"],"fullName":"service fulfillment PostgreSQL release evidence enforces tenant scope, idempotency, revision, quota, correction audit and unresolved 6x500 schedule","status":"passed","title":"enforces tenant scope, idempotency, revision, quota, correction audit and unresolved 6x500 schedule","duration":2847.262209,"failureMessages":[],"meta":{},"tags":[]}],"startTime":1789379216445,"endTime":1789379219292.2622,"status":"passed","message":"","name":"/Users/lixiaomei/Desktop/code/codexSkills/packages/persistence/src/service-fulfillment-repository.release.postgres.test.ts"}]}